#
# There is insufficient memory for the Java Runtime Environment to continue.
# Native memory allocation (mmap) failed to map 106954752 bytes. Error detail: G1 virtual space
# Possible reasons:
#   The system is out of physical RAM or swap space
#   This process is running with CompressedOops enabled, and the Java Heap may be blocking the growth of the native heap
# Possible solutions:
#   Reduce memory load on the system
#   Increase physical memory or swap space
#   Check if swap backing store is full
#   Decrease Java heap size (-Xmx/-Xms)
#   Decrease number of Java threads
#   Decrease Java thread stack sizes (-Xss)
#   Set larger code cache with -XX:ReservedCodeCacheSize=
#   JVM is running with Zero Based Compressed Oops mode in which the Java heap is
#     placed in the first 32GB address space. The Java Heap base address is the
#     maximum limit for the native heap growth. Please use -XX:HeapBaseMinAddress
#     to set the Java Heap base and to place the Java Heap above 32GB virtual address.
# This output file may be truncated or incomplete.
#
#  Out of Memory Error (os_windows.cpp:3564), pid=44144, tid=44248
#
# JRE version: Java(TM) SE Runtime Environment (24.0.2+12) (build 24.0.2+12-54)
# Java VM: Java HotSpot(TM) 64-Bit Server VM (24.0.2+12-54, mixed mode, emulated-client, sharing, tiered, compressed oops, compressed class ptrs, g1 gc, windows-amd64)
# No core dump will be written. Minidumps are not enabled by default on client versions of Windows
#

---------------  S U M M A R Y ------------

Command Line: -XX:TieredStopAtLevel=1 com.example.temperature_dashboard.TemperatureDashboardApplication

Host: AMD Ryzen 7 6800HS with Radeon Graphics         , 16 cores, 15G,  Windows 11 , 64 bit Build 26100 (10.0.26100.2454)
Time: Tue Sep  9 17:31:49 2025 Eastern Daylight Time elapsed time: 150139.640294 seconds (1d 17h 42m 19s)

---------------  T H R E A D  ---------------

Current thread (0x0000011edee56d00):  VMThread "VM Thread"          [id=44248, stack(0x0000001e29d00000,0x0000001e29e00000) (1024K)]

Stack: [0x0000001e29d00000,0x0000001e29e00000]
Native frames: (J=compiled Java code, j=interpreted, Vv=VM code, C=native code)
V  [jvm.dll+0x730829]  (no source info available)
V  [jvm.dll+0x8d9da3]  (no source info available)
V  [jvm.dll+0x8dc28d]  (no source info available)
V  [jvm.dll+0x8dc903]  (no source info available)
V  [jvm.dll+0x2a9f56]  (no source info available)
V  [jvm.dll+0x72cd55]  (no source info available)
V  [jvm.dll+0x72066a]  (no source info available)
V  [jvm.dll+0x390b7a]  (no source info available)
V  [jvm.dll+0x398906]  (no source info available)
V  [jvm.dll+0x3850de]  (no source info available)
V  [jvm.dll+0x385398]  (no source info available)
V  [jvm.dll+0x35d10c]  (no source info available)
V  [jvm.dll+0x35d19a]  (no source info available)
V  [jvm.dll+0x3aa602]  (no source info available)
V  [jvm.dll+0x3a8c32]  (no source info available)
V  [jvm.dll+0x35c8d7]  (no source info available)
V  [jvm.dll+0x3a83e4]  (no source info available)
V  [jvm.dll+0x8e29c2]  (no source info available)
V  [jvm.dll+0x8e3d0c]  (no source info available)
V  [jvm.dll+0x8e4278]  (no source info available)
V  [jvm.dll+0x8e4513]  (no source info available)
V  [jvm.dll+0x87d9eb]  (no source info available)
V  [jvm.dll+0x72ef45]  (no source info available)
C  [ucrtbase.dll+0x14ea0]  (no source info available)
C  [KERNEL32.DLL+0x2e8d7]  (no source info available)
C  [ntdll.dll+0xdfbcc]  (no source info available)

VM_Operation (0x0000001e2bdfced0): G1CollectForAllocation, mode: safepoint, requested by thread 0x0000011ec60643c0


---------------  P R O C E S S  ---------------

Threads class SMR info:
_java_thread_list=0x0000011ec56d6c10, length=60, elements={
0x0000011edee62d10, 0x0000011edee63450, 0x0000011edee63df0, 0x0000011edee64cb0,
0x0000011ec5030090, 0x0000011ec5030cf0, 0x0000011ec5031820, 0x0000011ec50a3010,
0x0000011ec50a91c0, 0x0000011ec64edf80, 0x0000011ec64f66d0, 0x0000011ec6062680,
0x0000011ec6063520, 0x0000011ec60643c0, 0x0000011ec6065260, 0x0000011ec6a1ad60,
0x0000011ec6a19020, 0x0000011ec6a1a610, 0x0000011ec6a1b4b0, 0x0000011ec6a1bc00,
0x0000011ec6a188d0, 0x0000011ec6a19770, 0x0000011ec6a1c350, 0x0000011ec6a1caa0,
0x0000011ec6a1d1f0, 0x0000011ec6a19ec0, 0x0000011ec6a1e7e0, 0x0000011ec6a1ef30,
0x0000011ec6a1fdd0, 0x0000011ec6a1d940, 0x0000011ec6a1e090, 0x0000011ec6a1f680,
0x0000011ec6c61ec0, 0x0000011ec6c667e0, 0x0000011ec6c66f30, 0x0000011ec6c67dd0,
0x0000011ec6c67680, 0x0000011ec6c64aa0, 0x0000011ec6c68520, 0x0000011ec6c651f0,
0x0000011ec6c66090, 0x0000011ec6061f30, 0x0000011ec6062dd0, 0x0000011ec6063c70,
0x0000011ec5119c60, 0x0000011ec5118dc0, 0x0000011ec5117080, 0x0000011ec51177d0,
0x0000011ec511a3b0, 0x0000011ec5117f20, 0x0000011ec5118670, 0x0000011ec5119510,
0x0000011ec6d043f0, 0x0000011ec6d03550, 0x0000011ec6d04b40, 0x0000011ec6d03ca0,
0x0000011ec6d01810, 0x0000011ec6d026b0, 0x0000011ec6d05290, 0x0000011ec6d01f60
}

Java Threads: ( => current thread )
  0x0000011edee62d10 JavaThread "Reference Handler"          daemon [_thread_blocked, id=44244, stack(0x0000001e29e00000,0x0000001e29f00000) (1024K)]
  0x0000011edee63450 JavaThread "Finalizer"                  daemon [_thread_blocked, id=44240, stack(0x0000001e29f00000,0x0000001e2a000000) (1024K)]
  0x0000011edee63df0 JavaThread "Signal Dispatcher"          daemon [_thread_blocked, id=44236, stack(0x0000001e2a000000,0x0000001e2a100000) (1024K)]
  0x0000011edee64cb0 JavaThread "Attach Listener"            daemon [_thread_blocked, id=44252, stack(0x0000001e2a100000,0x0000001e2a200000) (1024K)]
  0x0000011ec5030090 JavaThread "Service Thread"             daemon [_thread_blocked, id=44256, stack(0x0000001e2a200000,0x0000001e2a300000) (1024K)]
  0x0000011ec5030cf0 JavaThread "Monitor Deflation Thread"   daemon [_thread_blocked, id=44220, stack(0x0000001e2a300000,0x0000001e2a400000) (1024K)]
  0x0000011ec5031820 JavaThread "C1 CompilerThread0"         daemon [_thread_blocked, id=44212, stack(0x0000001e2a400000,0x0000001e2a500000) (1024K)]
  0x0000011ec50a3010 JavaThread "Notification Thread"        daemon [_thread_blocked, id=35096, stack(0x0000001e2a500000,0x0000001e2a600000) (1024K)]
  0x0000011ec50a91c0 JavaThread "Common-Cleaner"             daemon [_thread_blocked, id=37784, stack(0x0000001e2a600000,0x0000001e2a700000) (1024K)]
  0x0000011ec64edf80 JavaThread "Catalina-utility-1"                [_thread_blocked, id=44096, stack(0x0000001e2b900000,0x0000001e2ba00000) (1024K)]
  0x0000011ec64f66d0 JavaThread "Catalina-utility-2"                [_thread_blocked, id=44492, stack(0x0000001e2ba00000,0x0000001e2bb00000) (1024K)]
  0x0000011ec6062680 JavaThread "container-0"                       [_thread_blocked, id=37792, stack(0x0000001e2bb00000,0x0000001e2bc00000) (1024K)]
  0x0000011ec6063520 JavaThread "s0-timer-0"                        [_thread_blocked, id=41440, stack(0x0000001e2bc00000,0x0000001e2bd00000) (1024K)]
  0x0000011ec60643c0 JavaThread "s0-admin-0"                        [_thread_blocked, id=44608, stack(0x0000001e2bd00000,0x0000001e2be00000) (1024K)]
  0x0000011ec6065260 JavaThread "s0-admin-1"                        [_thread_blocked, id=44592, stack(0x0000001e2be00000,0x0000001e2bf00000) (1024K)]
  0x0000011ec6a1ad60 JavaThread "s0-io-0"                           [_thread_in_native, id=44576, stack(0x0000001e2bf00000,0x0000001e2c000000) (1024K)]
  0x0000011ec6a19020 JavaThread "s0-io-1"                           [_thread_in_native, id=44560, stack(0x0000001e2c100000,0x0000001e2c200000) (1024K)]
  0x0000011ec6a1a610 JavaThread "s0-io-2"                           [_thread_in_native, id=44660, stack(0x0000001e2c200000,0x0000001e2c300000) (1024K)]
  0x0000011ec6a1b4b0 JavaThread "s0-io-3"                           [_thread_in_native, id=17728, stack(0x0000001e2c300000,0x0000001e2c400000) (1024K)]
  0x0000011ec6a1bc00 JavaThread "s0-io-4"                           [_thread_in_native, id=43800, stack(0x0000001e2c400000,0x0000001e2c500000) (1024K)]
  0x0000011ec6a188d0 JavaThread "http-nio-8080-exec-1"       daemon [_thread_blocked, id=44864, stack(0x0000001e2c500000,0x0000001e2c600000) (1024K)]
  0x0000011ec6a19770 JavaThread "http-nio-8080-exec-2"       daemon [_thread_blocked, id=44868, stack(0x0000001e2c600000,0x0000001e2c700000) (1024K)]
  0x0000011ec6a1c350 JavaThread "http-nio-8080-exec-3"       daemon [_thread_blocked, id=44872, stack(0x0000001e2c700000,0x0000001e2c800000) (1024K)]
  0x0000011ec6a1caa0 JavaThread "http-nio-8080-exec-4"       daemon [_thread_blocked, id=44900, stack(0x0000001e2c800000,0x0000001e2c900000) (1024K)]
  0x0000011ec6a1d1f0 JavaThread "http-nio-8080-exec-5"       daemon [_thread_blocked, id=44892, stack(0x0000001e2c900000,0x0000001e2ca00000) (1024K)]
  0x0000011ec6a19ec0 JavaThread "http-nio-8080-exec-6"       daemon [_thread_blocked, id=44904, stack(0x0000001e2ca00000,0x0000001e2cb00000) (1024K)]
  0x0000011ec6a1e7e0 JavaThread "http-nio-8080-exec-7"       daemon [_thread_blocked, id=44908, stack(0x0000001e2cb00000,0x0000001e2cc00000) (1024K)]
  0x0000011ec6a1ef30 JavaThread "http-nio-8080-exec-8"       daemon [_thread_blocked, id=44912, stack(0x0000001e2cc00000,0x0000001e2cd00000) (1024K)]
  0x0000011ec6a1fdd0 JavaThread "http-nio-8080-exec-9"       daemon [_thread_blocked, id=44916, stack(0x0000001e2cd00000,0x0000001e2ce00000) (1024K)]
  0x0000011ec6a1d940 JavaThread "http-nio-8080-exec-10"      daemon [_thread_blocked, id=44920, stack(0x0000001e2ce00000,0x0000001e2cf00000) (1024K)]
  0x0000011ec6a1e090 JavaThread "http-nio-8080-Poller"       daemon [_thread_blocked, id=44924, stack(0x0000001e2cf00000,0x0000001e2d000000) (1024K)]
  0x0000011ec6a1f680 JavaThread "http-nio-8080-Acceptor"     daemon [_thread_in_native, id=44928, stack(0x0000001e2d000000,0x0000001e2d100000) (1024K)]
  0x0000011ec6c61ec0 JavaThread "DestroyJavaVM"                     [_thread_blocked, id=44224, stack(0x0000001e29600000,0x0000001e29700000) (1024K)]
  0x0000011ec6c667e0 JavaThread "s0-io-5"                           [_thread_in_native, id=94476, stack(0x0000001e29300000,0x0000001e29400000) (1024K)]
  0x0000011ec6c66f30 JavaThread "s0-io-6"                           [_thread_in_native, id=94512, stack(0x0000001e29500000,0x0000001e29600000) (1024K)]
  0x0000011ec6c67dd0 JavaThread "s0-io-7"                           [_thread_in_native, id=62276, stack(0x0000001e2a700000,0x0000001e2a800000) (1024K)]
  0x0000011ec6c67680 JavaThread "s0-io-8"                           [_thread_in_native, id=94132, stack(0x0000001e2a800000,0x0000001e2a900000) (1024K)]
  0x0000011ec6c64aa0 JavaThread "s0-io-9"                           [_thread_in_native, id=95236, stack(0x0000001e2a900000,0x0000001e2aa00000) (1024K)]
  0x0000011ec6c68520 JavaThread "s0-io-10"                          [_thread_in_native, id=95264, stack(0x0000001e2aa00000,0x0000001e2ab00000) (1024K)]
  0x0000011ec6c651f0 JavaThread "s0-io-11"                          [_thread_in_native, id=119716, stack(0x0000001e2c000000,0x0000001e2c100000) (1024K)]
  0x0000011ec6c66090 JavaThread "s0-io-12"                          [_thread_in_native, id=118976, stack(0x0000001e2d500000,0x0000001e2d600000) (1024K)]
  0x0000011ec6061f30 JavaThread "s0-io-13"                          [_thread_in_native, id=87756, stack(0x0000001e2d200000,0x0000001e2d300000) (1024K)]
  0x0000011ec6062dd0 JavaThread "s0-io-14"                          [_thread_in_native, id=119912, stack(0x0000001e29400000,0x0000001e29500000) (1024K)]
  0x0000011ec6063c70 JavaThread "s0-io-15"                          [_thread_in_native, id=122264, stack(0x0000001e2d400000,0x0000001e2d500000) (1024K)]
  0x0000011ec5119c60 JavaThread "s0-io-16"                          [_thread_in_native, id=43568, stack(0x0000001e2d600000,0x0000001e2d700000) (1024K)]
  0x0000011ec5118dc0 JavaThread "s0-io-17"                          [_thread_in_native, id=122176, stack(0x0000001e2d800000,0x0000001e2d900000) (1024K)]
  0x0000011ec5117080 JavaThread "s0-io-18"                          [_thread_in_native, id=122780, stack(0x0000001e2d300000,0x0000001e2d400000) (1024K)]
  0x0000011ec51177d0 JavaThread "s0-io-19"                          [_thread_in_native, id=91104, stack(0x0000001e2d700000,0x0000001e2d800000) (1024K)]
  0x0000011ec511a3b0 JavaThread "s0-io-20"                          [_thread_in_native, id=122304, stack(0x0000001e2da00000,0x0000001e2db00000) (1024K)]
  0x0000011ec5117f20 JavaThread "s0-io-21"                          [_thread_in_native, id=123728, stack(0x0000001e2d900000,0x0000001e2da00000) (1024K)]
  0x0000011ec5118670 JavaThread "s0-io-22"                          [_thread_in_native, id=123296, stack(0x0000001e2db00000,0x0000001e2dc00000) (1024K)]
  0x0000011ec5119510 JavaThread "s0-io-23"                          [_thread_in_native, id=121580, stack(0x0000001e2dc00000,0x0000001e2dd00000) (1024K)]
  0x0000011ec6d043f0 JavaThread "s0-io-24"                          [_thread_in_native, id=121364, stack(0x0000001e2dd00000,0x0000001e2de00000) (1024K)]
  0x0000011ec6d03550 JavaThread "s0-io-25"                          [_thread_in_native, id=123820, stack(0x0000001e2de00000,0x0000001e2df00000) (1024K)]
  0x0000011ec6d04b40 JavaThread "s0-io-26"                          [_thread_in_native, id=121460, stack(0x0000001e2df00000,0x0000001e2e000000) (1024K)]
  0x0000011ec6d03ca0 JavaThread "s0-io-27"                          [_thread_in_native, id=120264, stack(0x0000001e2e000000,0x0000001e2e100000) (1024K)]
  0x0000011ec6d01810 JavaThread "s0-io-28"                          [_thread_in_native, id=112596, stack(0x0000001e2e100000,0x0000001e2e200000) (1024K)]
  0x0000011ec6d026b0 JavaThread "s0-io-29"                          [_thread_in_native, id=71708, stack(0x0000001e2e800000,0x0000001e2e900000) (1024K)]
  0x0000011ec6d05290 JavaThread "s0-io-30"                          [_thread_in_native, id=232400, stack(0x0000001e2d100000,0x0000001e2d200000) (1024K)]
  0x0000011ec6d01f60 JavaThread "s0-io-31"                          [_thread_in_native, id=232408, stack(0x0000001e2e200000,0x0000001e2e300000) (1024K)]
Total: 60

Other Threads:
=>0x0000011edee56d00 VMThread "VM Thread"                           [id=44248, stack(0x0000001e29d00000,0x0000001e29e00000) (1024K)]
  0x0000011ecb75ed30 WatcherThread "VM Periodic Task Thread"        [id=44148, stack(0x0000001e29c00000,0x0000001e29d00000) (1024K)]
  0x0000011ecb7d2530 WorkerThread "GC Thread#0"                     [id=44200, stack(0x0000001e29700000,0x0000001e29800000) (1024K)]
  0x0000011ec5f0d7c0 WorkerThread "GC Thread#1"                     [id=44428, stack(0x0000001e2ac00000,0x0000001e2ad00000) (1024K)]
  0x0000011ec5f0db70 WorkerThread "GC Thread#2"                     [id=44416, stack(0x0000001e2ad00000,0x0000001e2ae00000) (1024K)]
  0x0000011ec5f0e330 WorkerThread "GC Thread#3"                     [id=44356, stack(0x0000001e2ae00000,0x0000001e2af00000) (1024K)]
  0x0000011ec5f151f0 WorkerThread "GC Thread#4"                     [id=44404, stack(0x0000001e2af00000,0x0000001e2b000000) (1024K)]
  0x0000011ec5f48e10 WorkerThread "GC Thread#5"                     [id=44400, stack(0x0000001e2b000000,0x0000001e2b100000) (1024K)]
  0x0000011ec6107730 WorkerThread "GC Thread#6"                     [id=43296, stack(0x0000001e2ab00000,0x0000001e2ac00000) (1024K)]
  0x0000011ec6108240 WorkerThread "GC Thread#7"                     [id=920, stack(0x0000001e2b100000,0x0000001e2b200000) (1024K)]
  0x0000011ec61085f0 WorkerThread "GC Thread#8"                     [id=43292, stack(0x0000001e2b200000,0x0000001e2b300000) (1024K)]
  0x0000011ec6107e90 WorkerThread "GC Thread#9"                     [id=44340, stack(0x0000001e2b300000,0x0000001e2b400000) (1024K)]
  0x0000011ec6372b90 WorkerThread "GC Thread#10"                    [id=19496, stack(0x0000001e2b400000,0x0000001e2b500000) (1024K)]
  0x0000011ec6370e10 WorkerThread "GC Thread#11"                    [id=42240, stack(0x0000001e2b500000,0x0000001e2b600000) (1024K)]
  0x0000011ec6372f40 WorkerThread "GC Thread#12"                    [id=39860, stack(0x0000001e2b600000,0x0000001e2b700000) (1024K)]
  0x0000011ecb7e74d0 ConcurrentGCThread "G1 Main Marker"            [id=44196, stack(0x0000001e29800000,0x0000001e29900000) (1024K)]
  0x0000011ecb7e8f00 WorkerThread "G1 Conc#0"                       [id=44192, stack(0x0000001e29900000,0x0000001e29a00000) (1024K)]
  0x0000011ec63711c0 WorkerThread "G1 Conc#1"                       [id=44092, stack(0x0000001e2b700000,0x0000001e2b800000) (1024K)]
  0x0000011ec6374560 WorkerThread "G1 Conc#2"                       [id=44344, stack(0x0000001e2b800000,0x0000001e2b900000) (1024K)]
  0x0000011eded09ff0 ConcurrentGCThread "G1 Refine#0"               [id=44228, stack(0x0000001e29a00000,0x0000001e29b00000) (1024K)]
  0x0000011eded0a820 ConcurrentGCThread "G1 Service"                [id=44232, stack(0x0000001e29b00000,0x0000001e29c00000) (1024K)]
Total: 21

Threads with active compile tasks:
Total: 0

VM state: at safepoint (normal execution)

VM Mutex/Monitor currently owned by a thread:  ([mutex/lock_event])
[0x00007ffa325544f0] Threads_lock - owner thread: 0x0000011edee56d00
[0x00007ffa325545f0] Heap_lock - owner thread: 0x0000011ec60643c0

Heap address: 0x000000070bc00000, size: 3908 MB, Compressed Oops mode: Zero based, Oop shift amount: 3

CDS archive(s) mapped at: [0x0000011e80000000-0x0000011e80d40000-0x0000011e80d40000), size 13893632, SharedBaseAddress: 0x0000011e80000000, ArchiveRelocationMode: 1.
Compressed class space mapped at: 0x0000011e81000000-0x0000011ec1000000, reserved size: 1073741824
UseCompressedClassPointers 1, UseCompactObjectHeaders 0
Narrow klass pointer bits 32, Max shift 3
Narrow klass base: 0x0000011e80000000, Narrow klass shift: 0
Encoding Range: [0x0000011e80000000 - 0x0000011f80000000), (4294967296 bytes)
Klass Range:    [0x0000011e80000000 - 0x0000011ec1000000), (1090519040 bytes)
Klass ID Range:  [8 - 1090519033) (1090519025)

GC Precious Log:
 CardTable entry size: 512
 Card Set container configuration: InlinePtr #cards 4 size 8 Array Of Cards #cards 16 size 48 Howl #buckets 8 coarsen threshold 3686 Howl Bitmap #cards 512 size 80 coarsen threshold 460 Card regions per heap region 1 cards per card region 4096
 CPUs: 16 total, 16 available
 Memory: 15628M
 Large Page Support: Disabled
 NUMA Support: Disabled
 Compressed Oops: Enabled (Zero based)
 Heap Region Size: 2M
 Heap Min Capacity: 8M
 Heap Initial Capacity: 246M
 Heap Max Capacity: 3908M
 Pre-touch: Disabled
 Parallel Workers: 13
 Concurrent Workers: 3
 Concurrent Refinement Workers: 13
 Periodic GC: Disabled

Heap:
 garbage-first heap   total reserved 4001792K, committed 83968K, used 25190K [0x000000070bc00000, 0x0000000800000000)
  region size 2048K, 1 young (2048K), 1 survivors (2048K)
 Metaspace       used 46996K, committed 47552K, reserved 1114112K
  class space    used 5524K, committed 5760K, reserved 1048576K

Heap Regions: E=young(eden), S=young(survivor), O=old, HS=humongous(starts), HC=humongous(continues), CS=collection set, F=free, TAMS=top-at-mark-start, PB=parsable bottom
|   0|0x000000070bc00000, 0x000000070be00000, 0x000000070be00000|100%| O|  |TAMS 0x000000070be00000| PB 0x000000070bc00000| Untracked |  0
|   1|0x000000070be00000, 0x000000070c000000, 0x000000070c000000|100%| O|  |TAMS 0x000000070c000000| PB 0x000000070be00000| Untracked |  0
|   2|0x000000070c000000, 0x000000070c200000, 0x000000070c200000|100%| O|  |TAMS 0x000000070c1f9ac8| PB 0x000000070c000000| Untracked |  0
|   3|0x000000070c200000, 0x000000070c400000, 0x000000070c400000|100%| O|  |TAMS 0x000000070c400000| PB 0x000000070c200000| Untracked |  0
|   4|0x000000070c400000, 0x000000070c600000, 0x000000070c600000|100%| O|  |TAMS 0x000000070c600000| PB 0x000000070c400000| Untracked |  0
|   5|0x000000070c600000, 0x000000070c800000, 0x000000070c800000|100%| O|  |TAMS 0x000000070c800000| PB 0x000000070c600000| Untracked |  0
|   6|0x000000070c800000, 0x000000070ca00000, 0x000000070ca00000|100%| O|  |TAMS 0x000000070ca00000| PB 0x000000070c800000| Untracked |  0
|   7|0x000000070ca00000, 0x000000070cc00000, 0x000000070cc00000|100%| O|  |TAMS 0x000000070cc00000| PB 0x000000070ca00000| Untracked |  0
|   8|0x000000070cc00000, 0x000000070ce00000, 0x000000070ce00000|100%| O|  |TAMS 0x000000070ce00000| PB 0x000000070cc00000| Untracked |  0
|   9|0x000000070ce00000, 0x000000070ce0c980, 0x000000070d000000|  2%| O|  |TAMS 0x000000070ce00000| PB 0x000000070ce00000| Untracked |  0
|  10|0x000000070d000000, 0x000000070d000000, 0x000000070d200000|  0%| F|  |TAMS 0x000000070d000000| PB 0x000000070d000000| Untracked |  0
|  11|0x000000070d200000, 0x000000070d400000, 0x000000070d400000|100%| O|  |TAMS 0x000000070d400000| PB 0x000000070d200000| Untracked |  0
|  12|0x000000070d400000, 0x000000070d400000, 0x000000070d600000|  0%| F|  |TAMS 0x000000070d400000| PB 0x000000070d400000| Untracked |  0
|  13|0x000000070d600000, 0x000000070d600000, 0x000000070d800000|  0%| F|  |TAMS 0x000000070d600000| PB 0x000000070d600000| Untracked |  0
|  14|0x000000070d800000, 0x000000070d800000, 0x000000070da00000|  0%| F|  |TAMS 0x000000070d800000| PB 0x000000070d800000| Untracked |  0
|  15|0x000000070da00000, 0x000000070da00000, 0x000000070dc00000|  0%| F|  |TAMS 0x000000070da00000| PB 0x000000070da00000| Untracked |  0
|  16|0x000000070dc00000, 0x000000070dc00000, 0x000000070de00000|  0%| F|  |TAMS 0x000000070dc00000| PB 0x000000070dc00000| Untracked |  0
|  17|0x000000070de00000, 0x000000070de00000, 0x000000070e000000|  0%| F|  |TAMS 0x000000070de00000| PB 0x000000070de00000| Untracked |  0
|  18|0x000000070e000000, 0x000000070e000000, 0x000000070e200000|  0%| F|  |TAMS 0x000000070e000000| PB 0x000000070e000000| Untracked |  0
|  19|0x000000070e200000, 0x000000070e200000, 0x000000070e400000|  0%| F|  |TAMS 0x000000070e200000| PB 0x000000070e200000| Untracked |  0
|  20|0x000000070e400000, 0x000000070e400000, 0x000000070e600000|  0%| F|  |TAMS 0x000000070e400000| PB 0x000000070e400000| Untracked |  0
|  21|0x000000070e600000, 0x000000070e600000, 0x000000070e800000|  0%| F|  |TAMS 0x000000070e600000| PB 0x000000070e600000| Untracked |  0
|  22|0x000000070e800000, 0x000000070e800000, 0x000000070ea00000|  0%| F|  |TAMS 0x000000070e800000| PB 0x000000070e800000| Untracked |  0
|  23|0x000000070ea00000, 0x000000070ea00000, 0x000000070ec00000|  0%| F|  |TAMS 0x000000070ea00000| PB 0x000000070ea00000| Untracked |  0
|  24|0x000000070ec00000, 0x000000070ec00000, 0x000000070ee00000|  0%| F|  |TAMS 0x000000070ec00000| PB 0x000000070ec00000| Untracked |  0
|  25|0x000000070ee00000, 0x000000070ee00000, 0x000000070f000000|  0%| F|  |TAMS 0x000000070ee00000| PB 0x000000070ee00000| Untracked |  0
|  26|0x000000070f000000, 0x000000070f000000, 0x000000070f200000|  0%| F|  |TAMS 0x000000070f000000| PB 0x000000070f000000| Untracked |  0
|  27|0x000000070f200000, 0x000000070f200000, 0x000000070f400000|  0%| F|  |TAMS 0x000000070f200000| PB 0x000000070f200000| Untracked |  0
|  28|0x000000070f400000, 0x000000070f400000, 0x000000070f600000|  0%| F|  |TAMS 0x000000070f400000| PB 0x000000070f400000| Untracked |  0
|  29|0x000000070f600000, 0x000000070f600000, 0x000000070f800000|  0%| F|  |TAMS 0x000000070f600000| PB 0x000000070f600000| Untracked |  0
|  91|0x0000000717200000, 0x0000000717200000, 0x0000000717400000|  0%| F|  |TAMS 0x0000000717200000| PB 0x0000000717200000| Untracked |  0
|  92|0x0000000717400000, 0x0000000717400000, 0x0000000717600000|  0%| F|  |TAMS 0x0000000717400000| PB 0x0000000717400000| Untracked |  0
|  93|0x0000000717600000, 0x0000000717600000, 0x0000000717800000|  0%| F|  |TAMS 0x0000000717600000| PB 0x0000000717600000| Untracked |  0
|  94|0x0000000717800000, 0x0000000717800000, 0x0000000717a00000|  0%| F|  |TAMS 0x0000000717800000| PB 0x0000000717800000| Untracked |  0
|  95|0x0000000717a00000, 0x0000000717a00000, 0x0000000717c00000|  0%| F|  |TAMS 0x0000000717a00000| PB 0x0000000717a00000| Untracked |  0
|  99|0x0000000718200000, 0x000000071828d078, 0x0000000718400000| 27%| S|CS|TAMS 0x0000000718200000| PB 0x0000000718200000| Complete |  0
| 122|0x000000071b000000, 0x000000071b000000, 0x000000071b200000|  0%| F|  |TAMS 0x000000071b000000| PB 0x000000071b000000| Untracked |  0
|1950|0x00000007ff800000, 0x00000007ff800000, 0x00000007ffa00000|  0%| F|  |TAMS 0x00000007ff800000| PB 0x00000007ff800000| Untracked |  0
|1951|0x00000007ffa00000, 0x00000007ffc00000, 0x00000007ffc00000|100%| O|  |TAMS 0x00000007ffc00000| PB 0x00000007ffa00000| Untracked |  0
|1952|0x00000007ffc00000, 0x00000007ffe00000, 0x00000007ffe00000|100%| O|  |TAMS 0x00000007ffe00000| PB 0x00000007ffc00000| Untracked |  0
|1953|0x00000007ffe00000, 0x00000007ffe00000, 0x0000000800000000|  0%| F|  |TAMS 0x00000007ffe00000| PB 0x00000007ffe00000| Untracked |  0

Card table byte_map: [0x0000011ed7e10000,0x0000011ed85c0000] _byte_map_base: 0x0000011ed45b2000

Marking Bits: (CMBitMap*) 0x0000011ecb7d2b50
 Bits: [0x0000011ed85c0000, 0x0000011edc2d0000)

Polling page: 0x0000011ec94c0000

Metaspace:

Usage:
  Non-class:     40.50 MB used.
      Class:      5.39 MB used.
       Both:     45.89 MB used.

Virtual space:
  Non-class space:       64.00 MB reserved,      40.81 MB ( 64%) committed,  1 nodes.
      Class space:        1.00 GB reserved,       5.62 MB ( <1%) committed,  1 nodes.
             Both:        1.06 GB reserved,      46.44 MB (  4%) committed. 

Chunk freelists:
   Non-Class:  6.43 MB
       Class:  10.21 MB
        Both:  16.64 MB

MaxMetaspaceSize: unlimited
CompressedClassSpaceSize: 1.00 GB
Initial GC threshold: 21.00 MB
Current GC threshold: 77.44 MB
CDS: on
 - commit_granule_bytes: 65536.
 - commit_granule_words: 8192.
 - virtual_space_node_default_size: 8388608.
 - enlarge_chunks_in_place: 1.
UseCompressedClassPointers 1, UseCompactObjectHeaders 0
Narrow klass pointer bits 32, Max shift 3
Narrow klass base: 0x0000011e80000000, Narrow klass shift: 0
Encoding Range: [0x0000011e80000000 - 0x0000011f80000000), (4294967296 bytes)
Klass Range:    [0x0000011e80000000 - 0x0000011ec1000000), (1090519040 bytes)
Klass ID Range:  [8 - 1090519033) (1090519025)


Internal statistics:

num_allocs_failed_limit: 3.
num_arena_births: 866.
num_arena_deaths: 280.
num_vsnodes_births: 2.
num_vsnodes_deaths: 0.
num_space_committed: 743.
num_space_uncommitted: 0.
num_chunks_returned_to_freelist: 354.
num_chunks_taken_from_freelist: 2777.
num_chunk_merges: 42.
num_chunk_splits: 1791.
num_chunks_enlarged: 1407.
num_inconsistent_stats: 0.

CodeCache: size=49152Kb used=7142Kb max_used=18886Kb free=42009Kb
 bounds [0x0000011ed4000000, 0x0000011ed5340000, 0x0000011ed7000000]
 total_blobs=4566, nmethods=3817, adapters=674, full_count=0
Compilation: enabled, stopped_count=0, restarted_count=0

Compilation events (20 events):
Event: 150132.238 Thread 0x0000011ec5031820 28262       1       java.io.BufferedInputStream::fill (204 bytes)
Event: 150132.530 Thread 0x0000011ec5031820 nmethod 28262 0x0000011ed4176288 code [0x0000011ed4176400, 0x0000011ed4176a18]
Event: 150132.550 Thread 0x0000011ec5031820 28263       1       jdk.internal.loader.URLClassPath$1::nextElement (5 bytes)
Event: 150132.564 Thread 0x0000011ec5031820 nmethod 28263 0x0000011ed419ec08 code [0x0000011ed419ed40, 0x0000011ed419ef20]
Event: 150132.564 Thread 0x0000011ec5031820 28264       1       jdk.internal.loader.URLClassPath$1::nextElement (27 bytes)
Event: 150132.564 Thread 0x0000011ec5031820 nmethod 28264 0x0000011ed41a8e88 code [0x0000011ed41a8fc0, 0x0000011ed41a91a0]
Event: 150132.564 Thread 0x0000011ec5031820 28265       1       java.lang.CompoundEnumeration::nextElement (30 bytes)
Event: 150132.571 Thread 0x0000011ec5031820 nmethod 28265 0x0000011ed41ff088 code [0x0000011ed41ff1c0, 0x0000011ed41ff3c0]
Event: 150132.571 Thread 0x0000011ec5031820 28266       1       jdk.internal.loader.BuiltinClassLoader$1::nextElement (5 bytes)
Event: 150132.702 Thread 0x0000011ec5031820 nmethod 28266 0x0000011ed4246688 code [0x0000011ed42467c0, 0x0000011ed42469a0]
Event: 150132.702 Thread 0x0000011ec5031820 28267       1       jdk.internal.loader.BuiltinClassLoader$1::nextElement (27 bytes)
Event: 150132.703 Thread 0x0000011ec5031820 nmethod 28267 0x0000011ed4285608 code [0x0000011ed4285740, 0x0000011ed4285920]
Event: 150132.704 Thread 0x0000011ec5031820 28268       1       java.lang.invoke.Invokers$Holder::linkToTargetMethod (10 bytes)
Event: 150132.771 Thread 0x0000011ec5031820 nmethod 28268 0x0000011ed41c8a08 code [0x0000011ed41c8b20, 0x0000011ed41c8c48]
Event: 150132.776 Thread 0x0000011ec5031820 28269       1       java.lang.invoke.LambdaForm$MH/0x0000011e8120c400::invoke (28 bytes)
Event: 150132.785 Thread 0x0000011ec5031820 nmethod 28269 0x0000011ed41c9008 code [0x0000011ed41c9120, 0x0000011ed41c92a0]
Event: 150132.785 Thread 0x0000011ec5031820 28270       1       java.lang.invoke.DirectMethodHandle$Holder::invokeSpecial (18 bytes)
Event: 150132.796 Thread 0x0000011ec5031820 nmethod 28270 0x0000011ed41c9808 code [0x0000011ed41c9920, 0x0000011ed41c9a48]
Event: 150132.800 Thread 0x0000011ec5031820 28271       1       java.lang.String$$StringConcat/0x0000011e8120c000::concat (79 bytes)
Event: 150133.008 Thread 0x0000011ec5031820 nmethod 28271 0x0000011ed413dc88 code [0x0000011ed413de40, 0x0000011ed413e4e8]

GC Heap History (20 events):
Event: 90548.406 GC heap after
{Heap after GC invocations=2608 (full 0):
 garbage-first heap   total reserved 4001792K, committed 83968K, used 24819K [0x000000070bc00000, 0x0000000800000000)
  region size 2048K, 1 young (2048K), 1 survivors (2048K)
 Metaspace       used 46996K, committed 47552K, reserved 1114112K
  class space    used 5524K, committed 5760K, reserved 1048576K
}
Event: 90548.586 GC heap before
{Heap before GC invocations=2608 (full 0):
 garbage-first heap   total reserved 4001792K, committed 83968K, used 71923K [0x000000070bc00000, 0x0000000800000000)
  region size 2048K, 24 young (49152K), 1 survivors (2048K)
 Metaspace       used 46996K, committed 47552K, reserved 1114112K
  class space    used 5524K, committed 5760K, reserved 1048576K
}
Event: 90548.604 GC heap after
{Heap after GC invocations=2609 (full 0):
 garbage-first heap   total reserved 4001792K, committed 83968K, used 25604K [0x000000070bc00000, 0x0000000800000000)
  region size 2048K, 1 young (2048K), 1 survivors (2048K)
 Metaspace       used 46996K, committed 47552K, reserved 1114112K
  class space    used 5524K, committed 5760K, reserved 1048576K
}
Event: 90548.876 GC heap before
{Heap before GC invocations=2610 (full 0):
 garbage-first heap   total reserved 4001792K, committed 83968K, used 72708K [0x000000070bc00000, 0x0000000800000000)
  region size 2048K, 24 young (49152K), 1 survivors (2048K)
 Metaspace       used 46994K, committed 47552K, reserved 1114112K
  class space    used 5523K, committed 5760K, reserved 1048576K
}
Event: 90548.877 GC heap after
{Heap after GC invocations=2611 (full 0):
 garbage-first heap   total reserved 4001792K, committed 83968K, used 25335K [0x000000070bc00000, 0x0000000800000000)
  region size 2048K, 1 young (2048K), 1 survivors (2048K)
 Metaspace       used 46994K, committed 47552K, reserved 1114112K
  class space    used 5523K, committed 5760K, reserved 1048576K
}
Event: 90549.016 GC heap before
{Heap before GC invocations=2611 (full 0):
 garbage-first heap   total reserved 4001792K, committed 83968K, used 72439K [0x000000070bc00000, 0x0000000800000000)
  region size 2048K, 24 young (49152K), 1 survivors (2048K)
 Metaspace       used 46994K, committed 47552K, reserved 1114112K
  class space    used 5523K, committed 5760K, reserved 1048576K
}
Event: 90549.018 GC heap after
{Heap after GC invocations=2612 (full 0):
 garbage-first heap   total reserved 4001792K, committed 83968K, used 24958K [0x000000070bc00000, 0x0000000800000000)
  region size 2048K, 1 young (2048K), 1 survivors (2048K)
 Metaspace       used 46994K, committed 47552K, reserved 1114112K
  class space    used 5523K, committed 5760K, reserved 1048576K
}
Event: 91803.842 GC heap before
{Heap before GC invocations=2613 (full 0):
 garbage-first heap   total reserved 4001792K, committed 83968K, used 72062K [0x000000070bc00000, 0x0000000800000000)
  region size 2048K, 24 young (49152K), 1 survivors (2048K)
 Metaspace       used 46994K, committed 47552K, reserved 1114112K
  class space    used 5523K, committed 5760K, reserved 1048576K
}
Event: 91803.906 GC heap after
{Heap after GC invocations=2614 (full 0):
 garbage-first heap   total reserved 4001792K, committed 83968K, used 25288K [0x000000070bc00000, 0x0000000800000000)
  region size 2048K, 1 young (2048K), 1 survivors (2048K)
 Metaspace       used 46994K, committed 47552K, reserved 1114112K
  class space    used 5523K, committed 5760K, reserved 1048576K
}
Event: 95846.044 GC heap before
{Heap before GC invocations=2614 (full 0):
 garbage-first heap   total reserved 4001792K, committed 83968K, used 72392K [0x000000070bc00000, 0x0000000800000000)
  region size 2048K, 24 young (49152K), 1 survivors (2048K)
 Metaspace       used 46996K, committed 47552K, reserved 1114112K
  class space    used 5524K, committed 5760K, reserved 1048576K
}
Event: 95846.099 GC heap after
{Heap after GC invocations=2615 (full 0):
 garbage-first heap   total reserved 4001792K, committed 83968K, used 24882K [0x000000070bc00000, 0x0000000800000000)
  region size 2048K, 1 young (2048K), 1 survivors (2048K)
 Metaspace       used 46996K, committed 47552K, reserved 1114112K
  class space    used 5524K, committed 5760K, reserved 1048576K
}
Event: 100203.891 GC heap before
{Heap before GC invocations=2616 (full 0):
 garbage-first heap   total reserved 4001792K, committed 83968K, used 69938K [0x000000070bc00000, 0x0000000800000000)
  region size 2048K, 24 young (49152K), 1 survivors (2048K)
 Metaspace       used 46996K, committed 47552K, reserved 1114112K
  class space    used 5524K, committed 5760K, reserved 1048576K
}
Event: 100203.933 GC heap after
{Heap after GC invocations=2617 (full 0):
 garbage-first heap   total reserved 4001792K, committed 83968K, used 24990K [0x000000070bc00000, 0x0000000800000000)
  region size 2048K, 1 young (2048K), 1 survivors (2048K)
 Metaspace       used 46996K, committed 47552K, reserved 1114112K
  class space    used 5524K, committed 5760K, reserved 1048576K
}
Event: 150129.669 GC heap before
{Heap before GC invocations=2617 (full 0):
 garbage-first heap   total reserved 4001792K, committed 83968K, used 72094K [0x000000070bc00000, 0x0000000800000000)
  region size 2048K, 24 young (49152K), 1 survivors (2048K)
 Metaspace       used 46996K, committed 47552K, reserved 1114112K
  class space    used 5524K, committed 5760K, reserved 1048576K
}
Event: 150131.182 GC heap after
{Heap after GC invocations=2618 (full 0):
 garbage-first heap   total reserved 4001792K, committed 83968K, used 25517K [0x000000070bc00000, 0x0000000800000000)
  region size 2048K, 1 young (2048K), 1 survivors (2048K)
 Metaspace       used 46996K, committed 47552K, reserved 1114112K
  class space    used 5524K, committed 5760K, reserved 1048576K
}
Event: 150133.088 GC heap before
{Heap before GC invocations=2618 (full 0):
 garbage-first heap   total reserved 4001792K, committed 83968K, used 72621K [0x000000070bc00000, 0x0000000800000000)
  region size 2048K, 24 young (49152K), 1 survivors (2048K)
 Metaspace       used 46996K, committed 47552K, reserved 1114112K
  class space    used 5524K, committed 5760K, reserved 1048576K
}
Event: 150138.139 GC heap after
{Heap after GC invocations=2619 (full 0):
 garbage-first heap   total reserved 4001792K, committed 83968K, used 25086K [0x000000070bc00000, 0x0000000800000000)
  region size 2048K, 1 young (2048K), 1 survivors (2048K)
 Metaspace       used 46996K, committed 47552K, reserved 1114112K
  class space    used 5524K, committed 5760K, reserved 1048576K
}
Event: 150138.378 GC heap before
{Heap before GC invocations=2619 (full 0):
 garbage-first heap   total reserved 4001792K, committed 83968K, used 29182K [0x000000070bc00000, 0x0000000800000000)
  region size 2048K, 3 young (6144K), 1 survivors (2048K)
 Metaspace       used 46996K, committed 47552K, reserved 1114112K
  class space    used 5524K, committed 5760K, reserved 1048576K
}
Event: 150138.698 GC heap after
{Heap after GC invocations=2620 (full 0):
 garbage-first heap   total reserved 4001792K, committed 83968K, used 25727K [0x000000070bc00000, 0x0000000800000000)
  region size 2048K, 1 young (2048K), 1 survivors (2048K)
 Metaspace       used 46996K, committed 47552K, reserved 1114112K
  class space    used 5524K, committed 5760K, reserved 1048576K
}
Event: 150139.084 GC heap before
{Heap before GC invocations=2620 (full 0):
 garbage-first heap   total reserved 4001792K, committed 83968K, used 29823K [0x000000070bc00000, 0x0000000800000000)
  region size 2048K, 3 young (6144K), 1 survivors (2048K)
 Metaspace       used 46996K, committed 47552K, reserved 1114112K
  class space    used 5524K, committed 5760K, reserved 1048576K
}

Dll operation events (11 events):
Event: 0.008 Loaded shared library C:\Program Files\Java\jdk-24\bin\java.dll
Event: 0.074 Loaded shared library C:\Program Files\Java\jdk-24\bin\net.dll
Event: 0.076 Loaded shared library C:\Program Files\Java\jdk-24\bin\nio.dll
Event: 0.081 Loaded shared library C:\Program Files\Java\jdk-24\bin\zip.dll
Event: 0.167 Loaded shared library C:\Program Files\Java\jdk-24\bin\jimage.dll
Event: 0.975 Loaded shared library C:\Program Files\Java\jdk-24\bin\sunmscapi.dll
Event: 1.924 Loaded shared library C:\Program Files\Java\jdk-24\bin\management.dll
Event: 1.927 Loaded shared library C:\Program Files\Java\jdk-24\bin\management_ext.dll
Event: 2.654 Loaded shared library C:\Program Files\Java\jdk-24\bin\extnet.dll
Event: 2.867 Loaded shared library C:\Users\ASUS ROG STRIX\AppData\Local\Temp\jffi14897947000373542468.dll
Event: 2.891 Loaded shared library C:\Program Files\Java\jdk-24\bin\verify.dll

Deoptimization events (14 events):
Event: 2.042 Thread 0x0000011ec64edf80 DEOPT PACKING pc=0x0000011ed4629ac1 sp=0x0000001e2b9ff090
Event: 2.042 Thread 0x0000011ec64edf80 DEOPT UNPACKING pc=0x0000011ed4055722 sp=0x0000001e2b9fe4e8 mode 3
Event: 2.042 Thread 0x0000011ec64f66d0 DEOPT PACKING pc=0x0000011ed45916a6 sp=0x0000001e2bafee20
Event: 2.042 Thread 0x0000011ec64f66d0 DEOPT UNPACKING pc=0x0000011ed4055722 sp=0x0000001e2bafe2b8 mode 3
Event: 4.274 Thread 0x0000011ec91c8160 DEOPT PACKING pc=0x0000011ed448af3c sp=0x0000001e296f9800
Event: 4.274 Thread 0x0000011ec91c8160 DEOPT UNPACKING pc=0x0000011ed4055722 sp=0x0000001e296f8cf8 mode 0
Event: 5036.614 Thread 0x0000011ec6a19770 DEOPT PACKING pc=0x0000011ed416515c sp=0x0000001e2c6fb820
Event: 5036.614 Thread 0x0000011ec6a19770 DEOPT UNPACKING pc=0x0000011ed4055722 sp=0x0000001e2c6fadf8 mode 0
Event: 5036.614 Thread 0x0000011ec6a19770 DEOPT PACKING pc=0x0000011ed4165074 sp=0x0000001e2c6fbc10
Event: 5036.614 Thread 0x0000011ec6a19770 DEOPT UNPACKING pc=0x0000011ed4055722 sp=0x0000001e2c6fb1e8 mode 0
Event: 5036.614 Thread 0x0000011ec6a19770 DEOPT PACKING pc=0x0000011ed416503c sp=0x0000001e2c6fbf30
Event: 5036.614 Thread 0x0000011ec6a19770 DEOPT UNPACKING pc=0x0000011ed4055722 sp=0x0000001e2c6fb488 mode 0
Event: 5036.614 Thread 0x0000011ec6a19770 DEOPT PACKING pc=0x0000011ed416503c sp=0x0000001e2c6fc250
Event: 5036.614 Thread 0x0000011ec6a19770 DEOPT UNPACKING pc=0x0000011ed4055722 sp=0x0000001e2c6fb788 mode 0

Classes loaded (20 events):
Event: 5036.599 Loading class java/util/stream/ReduceOps$7
Event: 5036.599 Loading class java/util/stream/ReduceOps$7 done
Event: 5036.599 Loading class java/util/stream/ReduceOps$6ReducingSink
Event: 5036.599 Loading class java/util/stream/ReduceOps$6ReducingSink done
Event: 5036.599 Loading class java/util/stream/ReferencePipeline$4$1
Event: 5036.599 Loading class java/util/stream/ReferencePipeline$4$1 done
Event: 5214.711 Loading class java/lang/invoke/WrongMethodTypeException
Event: 5214.711 Loading class java/lang/invoke/WrongMethodTypeException done
Event: 5214.725 Loading class jdk/internal/loader/BootLoader$PackageHelper
Event: 5214.725 Loading class jdk/internal/loader/BootLoader$PackageHelper done
Event: 5214.726 Loading class java/lang/Class$Holder
Event: 5214.726 Loading class java/lang/Class$Holder done
Event: 5214.726 Loading class java/security/AllPermissionCollection
Event: 5214.726 Loading class java/security/AllPermissionCollection done
Event: 5214.726 Loading class java/security/UnresolvedPermission
Event: 5214.726 Loading class java/security/UnresolvedPermission done
Event: 6645.191 Loading class sun/net/ConnectionResetException
Event: 6645.191 Loading class sun/net/ConnectionResetException done
Event: 6798.510 Loading class java/lang/invoke/MethodHandleImpl$CountingWrapper$1
Event: 6798.511 Loading class java/lang/invoke/MethodHandleImpl$CountingWrapper$1 done

Classes unloaded (20 events):
Event: 50235.819 Thread 0x0000011edee56d00 Unloading class 0x0000011e81558000 'java/lang/invoke/LambdaForm$MH+0x0000011e81558000'
Event: 50769.831 Thread 0x0000011edee56d00 Unloading class 0x0000011e8157c400 'java/lang/invoke/LambdaForm$MH+0x0000011e8157c400'
Event: 51526.910 Thread 0x0000011edee56d00 Unloading class 0x0000011e81558000 'java/lang/invoke/LambdaForm$MH+0x0000011e81558000'
Event: 51905.617 Thread 0x0000011edee56d00 Unloading class 0x0000011e8157c400 'java/lang/invoke/LambdaForm$MH+0x0000011e8157c400'
Event: 52026.152 Thread 0x0000011edee56d00 Unloading class 0x0000011e81558000 'java/lang/invoke/LambdaForm$MH+0x0000011e81558000'
Event: 52266.131 Thread 0x0000011edee56d00 Unloading class 0x0000011e8157c400 'java/lang/invoke/LambdaForm$MH+0x0000011e8157c400'
Event: 52445.715 Thread 0x0000011edee56d00 Unloading class 0x0000011e81558000 'java/lang/invoke/LambdaForm$MH+0x0000011e81558000'
Event: 52566.263 Thread 0x0000011edee56d00 Unloading class 0x0000011e81558c00 'java/lang/invoke/LambdaForm$MH+0x0000011e81558c00'
Event: 52685.939 Thread 0x0000011edee56d00 Unloading class 0x0000011e81558000 'java/lang/invoke/LambdaForm$MH+0x0000011e81558000'
Event: 52865.606 Thread 0x0000011edee56d00 Unloading class 0x0000011e8157c400 'java/lang/invoke/LambdaForm$MH+0x0000011e8157c400'
Event: 52986.023 Thread 0x0000011edee56d00 Unloading class 0x0000011e81558000 'java/lang/invoke/LambdaForm$MH+0x0000011e81558000'
Event: 53226.162 Thread 0x0000011edee56d00 Unloading class 0x0000011e8157c400 'java/lang/invoke/LambdaForm$MH+0x0000011e8157c400'
Event: 53405.676 Thread 0x0000011edee56d00 Unloading class 0x0000011e81558000 'java/lang/invoke/LambdaForm$MH+0x0000011e81558000'
Event: 53526.042 Thread 0x0000011edee56d00 Unloading class 0x0000011e81558c00 'java/lang/invoke/LambdaForm$MH+0x0000011e81558c00'
Event: 53706.165 Thread 0x0000011edee56d00 Unloading class 0x0000011e81558000 'java/lang/invoke/LambdaForm$MH+0x0000011e81558000'
Event: 54006.149 Thread 0x0000011edee56d00 Unloading class 0x0000011e81558c00 'java/lang/invoke/LambdaForm$MH+0x0000011e81558c00'
Event: 54246.246 Thread 0x0000011edee56d00 Unloading class 0x0000011e8157c400 'java/lang/invoke/LambdaForm$MH+0x0000011e8157c400'
Event: 54246.246 Thread 0x0000011edee56d00 Unloading class 0x0000011e81558000 'java/lang/invoke/LambdaForm$MH+0x0000011e81558000'
Event: 56403.910 Thread 0x0000011edee56d00 Unloading class 0x0000011e8157c400 'java/lang/invoke/LambdaForm$MH+0x0000011e8157c400'
Event: 90548.696 Thread 0x0000011edee56d00 Unloading class 0x0000011e81558000 'java/lang/invoke/LambdaForm$MH+0x0000011e81558000'

Classes redefined (0 events):
No events

Internal exceptions (20 events):
Event: 6.170 Thread 0x0000011ec6a188d0 Exception <a 'java/lang/NoSuchMethodError'{0x000000070e8d72a0}: 'java.lang.Object java.lang.invoke.DirectMethodHandle$Holder.invokeVirtual(java.lang.Object, java.lang.Object, long)'> (0x000000070e8d72a0) 
thrown [s\open\src\hotspot\share\interpreter\linkResolver.cpp, line 805]
Event: 6.259 Thread 0x0000011ec6a1caa0 Exception <a 'java/lang/NoSuchMethodError'{0x000000070e6b3ab8}: 'double java.lang.invoke.DirectMethodHandle$Holder.invokeVirtual(java.lang.Object, java.lang.Object)'> (0x000000070e6b3ab8) 
thrown [s\open\src\hotspot\share\interpreter\linkResolver.cpp, line 805]
Event: 6.259 Thread 0x0000011ec6a188d0 Exception <a 'java/lang/NoSuchMethodError'{0x000000070e695688}: 'double java.lang.invoke.DirectMethodHandle$Holder.invokeVirtual(java.lang.Object, java.lang.Object)'> (0x000000070e695688) 
thrown [s\open\src\hotspot\share\interpreter\linkResolver.cpp, line 805]
Event: 5036.577 Thread 0x0000011ec6a19770 Exception <a 'java/lang/NoSuchMethodError'{0x000000070e43a620}: 'java.lang.Object java.lang.invoke.DirectMethodHandle$Holder.invokeStatic(java.lang.Object, int, int)'> (0x000000070e43a620) 
thrown [s\open\src\hotspot\share\interpreter\linkResolver.cpp, line 805]
Event: 5036.583 Thread 0x0000011ec6a19770 Exception <a 'java/io/IOException'{0x000000070e45ebc8}> (0x000000070e45ebc8) 
thrown [s\open\src\hotspot\share\prims\jni.cpp, line 518]
Event: 5044.788 Thread 0x0000011ec6a1e7e0 Exception <a 'java/lang/IncompatibleClassChangeError'{0x000000070e1fe7a8}: Found class java.lang.Object, but interface was expected> (0x000000070e1fe7a8) 
thrown [s\open\src\hotspot\share\interpreter\linkResolver.cpp, line 872]
Event: 5044.790 Thread 0x0000011ec6a1e7e0 Exception <a 'java/lang/NoSuchMethodError'{0x000000070de13738}: 'void java.lang.invoke.Invokers$Holder.invoke_MT(java.lang.Object, java.lang.Object, java.lang.Object, java.lang.Object)'> (0x000000070de13738) 
thrown [s\open\src\hotspot\share\interpreter\linkResolver.cpp, line 805]
Event: 5044.791 Thread 0x0000011ec6a1e7e0 Exception <a 'java/lang/NoSuchMethodError'{0x000000070de2e7f0}: 'void java.lang.invoke.DelegatingMethodHandle$Holder.reinvoke_L(java.lang.Object, java.lang.Object, int)'> (0x000000070de2e7f0) 
thrown [s\open\src\hotspot\share\interpreter\linkResolver.cpp, line 805]
Event: 6645.191 Thread 0x0000011ec6c68520 Exception <a 'sun/net/ConnectionResetException'{0x00000007ffe021a0}: Connection reset> (0x00000007ffe021a0) 
thrown [s\open\src\hotspot\share\prims\jni.cpp, line 536]
Event: 6703.267 Thread 0x0000011ec6a1b4b0 Exception <a 'sun/net/ConnectionResetException'{0x000000071726a030}: Connection reset> (0x000000071726a030) 
thrown [s\open\src\hotspot\share\prims\jni.cpp, line 536]
Event: 6805.620 Thread 0x0000011ec6062dd0 Exception <a 'sun/net/ConnectionResetException'{0x00000007ff844fb0}: Connection reset> (0x00000007ff844fb0) 
thrown [s\open\src\hotspot\share\prims\jni.cpp, line 536]
Event: 12764.356 Thread 0x0000011ec6d026b0 Exception <a 'sun/net/ConnectionResetException'{0x000000070e0dbbb8}: Connection reset> (0x000000070e0dbbb8) 
thrown [s\open\src\hotspot\share\prims\jni.cpp, line 536]
Event: 12764.356 Thread 0x0000011ec6d01810 Exception <a 'sun/net/ConnectionResetException'{0x000000070e0f2360}: Connection reset> (0x000000070e0f2360) 
thrown [s\open\src\hotspot\share\prims\jni.cpp, line 536]
Event: 12764.356 Thread 0x0000011ec6d03ca0 Exception <a 'sun/net/ConnectionResetException'{0x000000071775e200}: Connection reset> (0x000000071775e200) 
thrown [s\open\src\hotspot\share\prims\jni.cpp, line 536]
Event: 47020.426 Thread 0x0000011ec6a1fdd0 Exception <a 'java/io/IOException'{0x000000070f42b768}> (0x000000070f42b768) 
thrown [s\open\src\hotspot\share\prims\jni.cpp, line 518]
Event: 47020.438 Thread 0x0000011ec6a1fdd0 Exception <a 'java/io/IOException'{0x000000070f4409f8}> (0x000000070f4409f8) 
thrown [s\open\src\hotspot\share\prims\jni.cpp, line 518]
Event: 54516.827 Thread 0x0000011ec5119c60 Exception <a 'sun/net/ConnectionResetException'{0x000000071b1d3ce0}: Connection reset> (0x000000071b1d3ce0) 
thrown [s\open\src\hotspot\share\prims\jni.cpp, line 536]
Event: 54516.827 Thread 0x0000011ec6063c70 Exception <a 'sun/net/ConnectionResetException'{0x000000071b102d28}: Connection reset> (0x000000071b102d28) 
thrown [s\open\src\hotspot\share\prims\jni.cpp, line 536]
Event: 54516.827 Thread 0x0000011ec5118dc0 Exception <a 'sun/net/ConnectionResetException'{0x000000071b124bb8}: Connection reset> (0x000000071b124bb8) 
thrown [s\open\src\hotspot\share\prims\jni.cpp, line 536]
Event: 150132.546 Thread 0x0000011ec6a1e7e0 Exception <a 'java/io/IOException'{0x00000007ffecc288}> (0x00000007ffecc288) 
thrown [s\open\src\hotspot\share\prims\jni.cpp, line 518]

VM Operations (20 events):
Event: 91803.907 Executing VM operation: G1CollectForAllocation (G1 Evacuation Pause) done
Event: 95839.253 Executing VM operation: HandshakeAllThreads (HandshakeForDeflation)
Event: 95839.255 Executing VM operation: HandshakeAllThreads (HandshakeForDeflation) done
Event: 95839.255 Executing VM operation: RendezvousGCThreads
Event: 95839.256 Executing VM operation: RendezvousGCThreads done
Event: 95846.041 Executing VM operation: G1CollectForAllocation (G1 Evacuation Pause)
Event: 95846.099 Executing VM operation: G1CollectForAllocation (G1 Evacuation Pause) done
Event: 95846.255 Executing VM operation: G1PauseRemark
Event: 95846.385 Executing VM operation: G1PauseRemark done
Event: 95846.393 Executing VM operation: G1PauseCleanup
Event: 95846.393 Executing VM operation: G1PauseCleanup done
Event: 100203.884 Executing VM operation: G1CollectForAllocation (G1 Evacuation Pause)
Event: 100203.934 Executing VM operation: G1CollectForAllocation (G1 Evacuation Pause) done
Event: 150129.465 Executing VM operation: G1CollectForAllocation (G1 Evacuation Pause)
Event: 150131.201 Executing VM operation: G1CollectForAllocation (G1 Evacuation Pause) done
Event: 150133.088 Executing VM operation: G1CollectForAllocation (G1 Evacuation Pause)
Event: 150138.139 Executing VM operation: G1CollectForAllocation (G1 Evacuation Pause) done
Event: 150138.216 Executing VM operation: G1CollectForAllocation (G1 Evacuation Pause)
Event: 150138.698 Executing VM operation: G1CollectForAllocation (G1 Evacuation Pause) done
Event: 150138.713 Executing VM operation: G1CollectForAllocation (G1 Evacuation Pause)

Memory protections (0 events):
No events

Nmethod flushes (20 events):
Event: 95846.380 Thread 0x0000011edee56d00 flushing  nmethod 0x0000011ed4af7808
Event: 95846.380 Thread 0x0000011edee56d00 flushing  nmethod 0x0000011ed4af8788
Event: 95846.380 Thread 0x0000011edee56d00 flushing  nmethod 0x0000011ed4af8a88
Event: 95846.380 Thread 0x0000011edee56d00 flushing  nmethod 0x0000011ed4afa008
Event: 95846.380 Thread 0x0000011edee56d00 flushing  nmethod 0x0000011ed4afa388
Event: 95846.380 Thread 0x0000011edee56d00 flushing  nmethod 0x0000011ed4afa708
Event: 95846.380 Thread 0x0000011edee56d00 flushing  nmethod 0x0000011ed4b0bb88
Event: 95846.380 Thread 0x0000011edee56d00 flushing  nmethod 0x0000011ed4b0cb88
Event: 95846.380 Thread 0x0000011edee56d00 flushing  nmethod 0x0000011ed4b0ce88
Event: 95846.380 Thread 0x0000011edee56d00 flushing  nmethod 0x0000011ed4b0d188
Event: 95846.380 Thread 0x0000011edee56d00 flushing  nmethod 0x0000011ed4b0d608
Event: 95846.380 Thread 0x0000011edee56d00 flushing  nmethod 0x0000011ed4b0d908
Event: 95846.380 Thread 0x0000011edee56d00 flushing  nmethod 0x0000011ed4cad788
Event: 95846.380 Thread 0x0000011edee56d00 flushing  nmethod 0x0000011ed4cadc08
Event: 95846.380 Thread 0x0000011edee56d00 flushing  nmethod 0x0000011ed4cb7008
Event: 95846.380 Thread 0x0000011edee56d00 flushing  nmethod 0x0000011ed4cb7908
Event: 95846.380 Thread 0x0000011edee56d00 flushing  nmethod 0x0000011ed4cb7e88
Event: 95846.380 Thread 0x0000011edee56d00 flushing  nmethod 0x0000011ed4cb8288
Event: 95846.380 Thread 0x0000011edee56d00 flushing  nmethod 0x0000011ed4cb8788
Event: 95846.380 Thread 0x0000011edee56d00 flushing  nmethod 0x0000011ed4cba488

Events (20 events):
Event: 59713.865 Thread 0x0000011edf5e7b60 Thread exited: 0x0000011edf5e7b60
Event: 59713.865 Thread 0x0000011edf5e9210 Thread exited: 0x0000011edf5e9210
Event: 90745.240 Thread 0x0000011ec5031820 Thread added: 0x0000011edf5ea130
Event: 90755.277 Thread 0x0000011edf5ea130 Thread exited: 0x0000011edf5ea130
Event: 91205.297 Thread 0x0000011ec5031820 Thread added: 0x0000011edf5e99a0
Event: 91210.304 Thread 0x0000011edf5e99a0 Thread exited: 0x0000011edf5e99a0
Event: 91985.462 Thread 0x0000011ec5031820 Thread added: 0x0000011edf5e7b60
Event: 91985.463 Thread 0x0000011ec5031820 Thread added: 0x0000011edf5e99a0
Event: 91985.465 Thread 0x0000011ec5031820 Thread added: 0x0000011edf5ea130
Event: 91990.500 Thread 0x0000011edf5ea130 Thread exited: 0x0000011edf5ea130
Event: 91990.501 Thread 0x0000011edf5e99a0 Thread exited: 0x0000011edf5e99a0
Event: 91995.501 Thread 0x0000011edf5e7b60 Thread exited: 0x0000011edf5e7b60
Event: 94906.345 Thread 0x0000011ec5031820 Thread added: 0x0000011edf5e99a0
Event: 94906.345 Thread 0x0000011ec5031820 Thread added: 0x0000011edf5ea130
Event: 94911.359 Thread 0x0000011edf5ea130 Thread exited: 0x0000011edf5ea130
Event: 94916.396 Thread 0x0000011edf5e99a0 Thread exited: 0x0000011edf5e99a0
Event: 96147.135 Thread 0x0000011ec5031820 Thread added: 0x0000011edf5e7b60
Event: 96147.135 Thread 0x0000011ec5031820 Thread added: 0x0000011edf5ea130
Event: 96152.146 Thread 0x0000011edf5ea130 Thread exited: 0x0000011edf5ea130
Event: 96152.146 Thread 0x0000011edf5e7b60 Thread exited: 0x0000011edf5e7b60


Dynamic libraries:
0x00007ff796f20000 - 0x00007ff796f30000 	C:\Program Files\Java\jdk-24\bin\java.exe
0x00007ffb2a4e0000 - 0x00007ffb2a743000 	C:\WINDOWS\SYSTEM32\ntdll.dll
0x00007ffb2a320000 - 0x00007ffb2a3e8000 	C:\WINDOWS\System32\KERNEL32.DLL
0x00007ffb27f80000 - 0x00007ffb28332000 	C:\WINDOWS\System32\KERNELBASE.dll
0x00007ffb27bf0000 - 0x00007ffb27d3b000 	C:\WINDOWS\System32\ucrtbase.dll
0x00007ffb15dd0000 - 0x00007ffb15de6000 	C:\Program Files\Java\jdk-24\bin\jli.dll
0x00007ffb14be0000 - 0x00007ffb14bfb000 	C:\Program Files\Java\jdk-24\bin\VCRUNTIME140.dll
0x00007ffb29e10000 - 0x00007ffb29fd8000 	C:\WINDOWS\System32\USER32.dll
0x00007ffb12590000 - 0x00007ffb12820000 	C:\WINDOWS\WinSxS\amd64_microsoft.windows.common-controls_6595b64144ccf1df_6.0.26100.2454_none_3e0b68a2e331ad60\COMCTL32.dll
0x00007ffb27a70000 - 0x00007ffb27a97000 	C:\WINDOWS\System32\win32u.dll
0x00007ffb29b40000 - 0x00007ffb29be9000 	C:\WINDOWS\System32\msvcrt.dll
0x00007ffb28a50000 - 0x00007ffb28a7a000 	C:\WINDOWS\System32\GDI32.dll
0x00007ffb27940000 - 0x00007ffb27a6b000 	C:\WINDOWS\System32\gdi32full.dll
0x00007ffb27b40000 - 0x00007ffb27be3000 	C:\WINDOWS\System32\msvcp_win.dll
0x00007ffb29b00000 - 0x00007ffb29b2f000 	C:\WINDOWS\System32\IMM32.DLL
0x00007ffb17920000 - 0x00007ffb1792c000 	C:\Program Files\Java\jdk-24\bin\vcruntime140_1.dll
0x00007ffac3be0000 - 0x00007ffac3c6e000 	C:\Program Files\Java\jdk-24\bin\msvcp140.dll
0x00007ffa31890000 - 0x00007ffa32631000 	C:\Program Files\Java\jdk-24\bin\server\jvm.dll
0x00007ffb29d50000 - 0x00007ffb29e04000 	C:\WINDOWS\System32\ADVAPI32.dll
0x00007ffb289a0000 - 0x00007ffb28a46000 	C:\WINDOWS\System32\sechost.dll
0x00007ffb28340000 - 0x00007ffb28456000 	C:\WINDOWS\System32\RPCRT4.dll
0x00007ffb28510000 - 0x00007ffb28584000 	C:\WINDOWS\System32\WS2_32.dll
0x00007ffb27740000 - 0x00007ffb2778e000 	C:\WINDOWS\SYSTEM32\POWRPROF.dll
0x00007ffb1a0e0000 - 0x00007ffb1a116000 	C:\WINDOWS\SYSTEM32\WINMM.dll
0x00007ffb1fa00000 - 0x00007ffb1fa0b000 	C:\WINDOWS\SYSTEM32\VERSION.dll
0x00007ffb27720000 - 0x00007ffb27734000 	C:\WINDOWS\SYSTEM32\UMPDC.dll
0x00007ffb266b0000 - 0x00007ffb266ca000 	C:\WINDOWS\SYSTEM32\kernel.appcore.dll
0x00007ffb17750000 - 0x00007ffb1775a000 	C:\Program Files\Java\jdk-24\bin\jimage.dll
0x00007ffb250e0000 - 0x00007ffb25321000 	C:\WINDOWS\SYSTEM32\DBGHELP.DLL
0x00007ffb28610000 - 0x00007ffb2898e000 	C:\WINDOWS\System32\combase.dll
0x00007ffb29870000 - 0x00007ffb29946000 	C:\WINDOWS\System32\OLEAUT32.dll
0x00007ffb01e40000 - 0x00007ffb01e79000 	C:\WINDOWS\SYSTEM32\dbgcore.DLL
0x00007ffb27aa0000 - 0x00007ffb27b39000 	C:\WINDOWS\System32\bcryptPrimitives.dll
0x00007ffb144a0000 - 0x00007ffb144be000 	C:\Program Files\Java\jdk-24\bin\java.dll
0x00007ffb29950000 - 0x00007ffb29ae9000 	C:\WINDOWS\System32\ole32.dll
0x00007ffb28c30000 - 0x00007ffb29331000 	C:\WINDOWS\System32\SHELL32.dll
0x00007ffb25580000 - 0x00007ffb25db1000 	C:\WINDOWS\SYSTEM32\windows.storage.dll
0x00007ffb28ad0000 - 0x00007ffb28baa000 	C:\WINDOWS\System32\SHCORE.dll
0x00007ffb28bb0000 - 0x00007ffb28c0d000 	C:\WINDOWS\System32\shlwapi.dll
0x00007ffb277c0000 - 0x00007ffb277ee000 	C:\WINDOWS\SYSTEM32\profapi.dll
0x00007ffb175c0000 - 0x00007ffb175d0000 	C:\Program Files\Java\jdk-24\bin\net.dll
0x00007ffb26b90000 - 0x00007ffb26bf8000 	C:\WINDOWS\system32\mswsock.dll
0x00007ffb108b0000 - 0x00007ffb108c6000 	C:\Program Files\Java\jdk-24\bin\nio.dll
0x00007ffb04480000 - 0x00007ffb04497000 	C:\Program Files\Java\jdk-24\bin\zip.dll
0x00007ffb14680000 - 0x00007ffb1468e000 	C:\Program Files\Java\jdk-24\bin\sunmscapi.dll
0x00007ffb27d40000 - 0x00007ffb27eb6000 	C:\WINDOWS\System32\CRYPT32.dll
0x00007ffb27020000 - 0x00007ffb27050000 	C:\WINDOWS\SYSTEM32\ncrypt.dll
0x00007ffb26fd0000 - 0x00007ffb2700f000 	C:\WINDOWS\SYSTEM32\NTASN1.dll
0x00007ffb26ed0000 - 0x00007ffb26eec000 	C:\WINDOWS\SYSTEM32\CRYPTSP.dll
0x00007ffb26610000 - 0x00007ffb26648000 	C:\WINDOWS\system32\rsaenh.dll
0x00007ffb26c30000 - 0x00007ffb26c5b000 	C:\WINDOWS\SYSTEM32\USERENV.dll
0x00007ffb27060000 - 0x00007ffb27086000 	C:\WINDOWS\SYSTEM32\bcrypt.dll
0x00007ffb26dc0000 - 0x00007ffb26dcc000 	C:\WINDOWS\SYSTEM32\CRYPTBASE.dll
0x00007ffb26180000 - 0x00007ffb261b2000 	C:\WINDOWS\SYSTEM32\IPHLPAPI.DLL
0x00007ffb29860000 - 0x00007ffb2986a000 	C:\WINDOWS\System32\NSI.dll
0x00007ffb14490000 - 0x00007ffb1449a000 	C:\Program Files\Java\jdk-24\bin\management.dll
0x00007ffb142c0000 - 0x00007ffb142cb000 	C:\Program Files\Java\jdk-24\bin\management_ext.dll
0x00007ffb29af0000 - 0x00007ffb29af8000 	C:\WINDOWS\System32\PSAPI.DLL
0x00007ffb00ab0000 - 0x00007ffb00ab8000 	C:\WINDOWS\system32\wshunix.dll
0x00007ffb108a0000 - 0x00007ffb108a9000 	C:\Program Files\Java\jdk-24\bin\extnet.dll
0x000000006e4c0000 - 0x000000006e4df000 	C:\Users\ASUS ROG STRIX\AppData\Local\Temp\jffi14897947000373542468.dll
0x00007ffb15310000 - 0x00007ffb15320000 	C:\Program Files\Java\jdk-24\bin\verify.dll

JVMTI agents: none

dbghelp: loaded successfully - version: 4.0.5 - missing functions: none
symbol engine: initialized successfully - sym options: 0x614 - pdb path: .;C:\Program Files\Java\jdk-24\bin;C:\WINDOWS\SYSTEM32;C:\WINDOWS\WinSxS\amd64_microsoft.windows.common-controls_6595b64144ccf1df_6.0.26100.2454_none_3e0b68a2e331ad60;C:\Program Files\Java\jdk-24\bin\server;C:\Users\ASUS ROG STRIX\AppData\Local\Temp

VM Arguments:
jvm_args: -XX:TieredStopAtLevel=1 
java_command: com.example.temperature_dashboard.TemperatureDashboardApplication
java_class_path (initial): C:\Users\ASUS ROG STRIX\Desktop\cassandra-dashboard\backend\temperature-dashboard\target\classes;C:\Users\ASUS ROG STRIX\.m2\repository\org\springframework\boot\spring-boot\3.5.5\spring-boot-3.5.5.jar;C:\Users\ASUS ROG STRIX\.m2\repository\org\springframework\boot\spring-boot-autoconfigure\3.5.5\spring-boot-autoconfigure-3.5.5.jar;C:\Users\ASUS ROG STRIX\.m2\repository\ch\qos\logback\logback-classic\1.5.18\logback-classic-1.5.18.jar;C:\Users\ASUS ROG STRIX\.m2\repository\ch\qos\logback\logback-core\1.5.18\logback-core-1.5.18.jar;C:\Users\ASUS ROG STRIX\.m2\repository\org\apache\logging\log4j\log4j-to-slf4j\2.24.3\log4j-to-slf4j-2.24.3.jar;C:\Users\ASUS ROG STRIX\.m2\repository\org\apache\logging\log4j\log4j-api\2.24.3\log4j-api-2.24.3.jar;C:\Users\ASUS ROG STRIX\.m2\repository\org\slf4j\jul-to-slf4j\2.0.17\jul-to-slf4j-2.0.17.jar;C:\Users\ASUS ROG STRIX\.m2\repository\jakarta\annotation\jakarta.annotation-api\2.1.1\jakarta.annotation-api-2.1.1.jar;C:\Users\ASUS ROG STRIX\.m2\repository\org\yaml\snakeyaml\2.4\snakeyaml-2.4.jar;C:\Users\ASUS ROG STRIX\.m2\repository\org\springframework\spring-tx\6.2.10\spring-tx-6.2.10.jar;C:\Users\ASUS ROG STRIX\.m2\repository\org\springframework\spring-beans\6.2.10\spring-beans-6.2.10.jar;C:\Users\ASUS ROG STRIX\.m2\repository\org\springframework\data\spring-data-cassandra\4.5.3\spring-data-cassandra-4.5.3.jar;C:\Users\ASUS ROG STRIX\.m2\repository\org\springframework\spring-context\6.2.10\spring-context-6.2.10.jar;C:\Users\ASUS ROG STRIX\.m2\repository\org\springframework\spring-expression\6.2.10\spring-expression-6.2.10.jar;C:\Users\ASUS ROG STRIX\.m2\repository\org\springframework\data\spring-data-commons\3.5.3\spring-data-commons-3.5.3.jar;C:\Users\ASUS ROG STRIX\.m2\repository\org\apache\cassandra\java-driver-core\4.19.0\java-driver-core-4.19.0.jar;C:\Users\ASUS ROG STRIX\.m2\repository\com\datastax\oss\native-protocol\1.5.1\native-protocol-1.5.1.jar;C:\Users\ASUS ROG STRIX\.m2\repository\io\netty\netty-handler\4.1.124.Final\netty-handler-4.1.124.Final.jar;C:\Users\ASUS ROG STRIX\.m2\repository\io\netty\netty-common\4.1.124.Final\netty-common-4.1.124.Final.jar;C:\Users\ASUS ROG STRIX\.m2\repository\io\netty\netty-resolver\4.1.124.Final\netty-resolver-4.1.124.Final.jar;C:\Users\ASUS ROG STRIX\.m2\repository\io\netty\netty-buffer\4.1.124.Final\netty-buffer-4.1.124.Final.jar;C:\Users\ASUS ROG STRIX\.m2\repository\io\netty\netty-transport\4.1.124.Final\netty-transport-4.1.124.Final.jar;C:\Users\ASUS ROG STRIX\.m2\repository\io\netty\netty-transport-native-unix-common\4.1.124.Final\netty-transport-native-unix-common-4.1.124.Final.jar;C:\Users\ASUS ROG STRIX\.m2\repository\io\netty\netty-codec\4.1.124.Final\netty-codec-4.1.124.Final.jar;C:\Users\ASUS ROG STRIX\.m2\repository\org\apache\cassandra\java-driver-guava-shaded\4.19.0\java-driver-guava-shaded-4.19.0.jar;C:\Users\ASUS ROG STRIX\.m2\repository\com\typesafe\config\1.4.1\config-1.4.1.jar;C:\Users\ASUS ROG STRIX\.m2\repository\com\github\jnr\jnr-posix\3.1.15\jnr-posix-3.1.15.jar;C:\Users\ASUS ROG STRIX\.m2\repository\com\github\jnr\jnr-ffi\2.2.11\jnr-ffi-2.2.11.jar;C:\Users\ASUS ROG STRIX\.m2\repository\com\github\jnr\jffi\1.3.9\jffi-1.3.9.jar;C:\Users\ASUS ROG STRIX\.m2\repository\com\github\jnr\jffi\1.3.9\jffi-1.3.9-native.jar;C:\Users\ASUS ROG STRIX\.m2\repository\org\ow2\asm\asm-commons\9.2\asm-commons-9.2.jar;C:\Users\ASUS ROG STRIX\.m2\repository\org\ow2\asm\asm-analysis\9.2\asm-analysis-9.2.jar;C:\Users\ASUS ROG STRIX\.m2\repository\org\ow2\asm\asm-tree\9.2\asm-tree-9.2.jar;C:\Users\ASUS ROG STRIX\.m2\repository\org\ow2\asm\asm-util\9.2\asm-util-9.2.jar;C:\Users\ASUS ROG STRIX\.m2\repository\com\github\jnr\jnr-a64asm\1.0.0\jnr-a64asm-1.0.0.jar;C:\Users\ASUS ROG STRIX\.m2\repository\com\github\jnr\jnr-x86asm\1.0.2\jnr-x86asm-1.0.2.jar;C:\Users\ASUS ROG STRIX\.m2\repository\com\github\jnr\jnr-constants\0.10.3\jnr-constants-0.10.3.jar;C:\Users\ASUS ROG STRIX\.m2\repository\io\dropwizard\metrics\metrics-core\4.1.18\metrics-core-4.1.18.jar;C:\Users\ASUS ROG STRIX\.m2\repository\org\hdrhistogram\HdrHistogram\2.1.12\HdrHistogram-2.1.12.jar;C:\Users\ASUS ROG STRIX\.m2\repository\com\fasterxml\jackson\core\jackson-core\2.19.2\jackson-core-2.19.2.jar;C:\Users\ASUS ROG STRIX\.m2\repository\org\reactivestreams\reactive-streams\1.0.4\reactive-streams-1.0.4.jar;C:\Users\ASUS ROG STRIX\.m2\repository\org\apache\cassandra\java-driver-query-builder\4.19.0\java-driver-query-builder-4.19.0.jar;C:\Users\ASUS ROG STRIX\.m2\repository\org\slf4j\slf4j-api\2.0.17\slf4j-api-2.0.17.jar;C:\Users\ASUS ROG STRIX\.m2\repository\com\fasterxml\jackson\core\jackson-databind\2.19.2\jackson-databind-2.19.2.jar;C:\Users\ASUS ROG STRIX\.m2\repository\com\fasterxml\jackson\core\jackson-annotations\2.19.2\jackson-annotations-2.19.2.jar;C:\Users\ASUS ROG STRIX\.m2\repository\com\fasterxml\jackson\datatype\jackson-datatype-jdk8\2.19.2\jackson-datatype-jdk8-2.19.2.jar;C:\Users\ASUS ROG STRIX\.m2\repository\com\fasterxml\jackson\datatype\jackson-datatype-jsr310\2.19.2\jackson-datatype-jsr310-2.19.2.jar;C:\Users\ASUS ROG STRIX\.m2\repository\com\fasterxml\jackson\module\jackson-module-parameter-names\2.19.2\jackson-module-parameter-names-2.19.2.jar;C:\Users\ASUS ROG STRIX\.m2\repository\org\apache\tomcat\embed\tomcat-embed-core\10.1.44\tomcat-embed-core-10.1.44.jar;C:\Users\ASUS ROG STRIX\.m2\repository\org\apache\tomcat\embed\tomcat-embed-el\10.1.44\tomcat-embed-el-10.1.44.jar;C:\Users\ASUS ROG STRIX\.m2\repository\org\apache\tomcat\embed\tomcat-embed-websocket\10.1.44\tomcat-embed-websocket-10.1.44.jar;C:\Users\ASUS ROG STRIX\.m2\repository\org\springframework\spring-web\6.2.10\spring-web-6.2.10.jar;C:\Users\ASUS ROG STRIX\.m2\repository\io\micrometer\micrometer-observation\1.15.3\micrometer-observation-1.15.3.jar;C:\Users\ASUS ROG STRIX\.m2\repository\io\micrometer\micrometer-commons\1.15.3\micrometer-commons-1.15.3.jar;C:\Users\ASUS ROG STRIX\.m2\repository\org\springframework\spring-webmvc\6.2.10\spring-webmvc-6.2.10.jar;C:\Users\ASUS ROG STRIX\.m2\repository\org\springframework\spring-aop\6.2.10\spring-aop-6.2.10.jar;C:\Users\ASUS ROG STRIX\.m2\repository\org\ow2\asm\asm\9.7.1\asm-9.7.1.jar;C:\Users\ASUS ROG STRIX\.m2\repository\org\springframework\spring-core\6.2.10\spring-core-6.2.10.jar;C:\Users\ASUS ROG STRIX\.m2\repository\org\springframework\spring-jcl\6.2.10\spring-jcl-6.2.10.jar
Launcher Type: SUN_STANDARD

[Global flags]
     intx CICompilerCount                          = 12                                        {product} {ergonomic}
     uint ConcGCThreads                            = 3                                         {product} {ergonomic}
     uint G1ConcRefinementThreads                  = 13                                        {product} {ergonomic}
   size_t G1HeapRegionSize                         = 2097152                                   {product} {ergonomic}
   size_t InitialHeapSize                          = 257949696                                 {product} {ergonomic}
   size_t MarkStackSize                            = 4194304                                   {product} {ergonomic}
   size_t MarkStackSizeMax                         = 536870912                                 {product} {ergonomic}
   size_t MaxHeapSize                              = 4097835008                                {product} {ergonomic}
   size_t MaxNewSize                               = 2457862144                                {product} {ergonomic}
   size_t MinHeapDeltaBytes                        = 2097152                                   {product} {ergonomic}
   size_t MinHeapSize                              = 8388608                                   {product} {ergonomic}
    uintx NonNMethodCodeHeapSize                   = 4096                                   {pd product} {ergonomic}
    uintx NonProfiledCodeHeapSize                  = 0                                      {pd product} {ergonomic}
     bool ProfileInterpreter                       = false                                  {pd product} {command line}
    uintx ProfiledCodeHeapSize                     = 0                                      {pd product} {ergonomic}
   size_t SoftMaxHeapSize                          = 4097835008                             {manageable} {ergonomic}
     intx TieredStopAtLevel                        = 1                                         {product} {command line}
     bool UseCompressedOops                        = true                           {product lp64_product} {ergonomic}
     bool UseG1GC                                  = true                                      {product} {ergonomic}
     bool UseLargePagesIndividualAllocation        = false                                  {pd product} {ergonomic}

Logging:
Log output configuration:
 #0: stdout all=warning uptime,level,tags foldmultilines=false
 #1: stderr all=off uptime,level,tags foldmultilines=false

Environment Variables:
PATH=C:\Python312\Scripts\;C:\Python312\;C:\Program Files\Common Files\Oracle\Java\javapath;C:\Program Files (x86)\Common Files\Oracle\Java\javapath;C:\WINDOWS\system32;C:\WINDOWS;C:\WINDOWS\System32\Wbem;C:\WINDOWS\System32\WindowsPowerShell\v1.0\;C:\WINDOWS\System32\OpenSSH\;C:\Program Files (x86)\NVIDIA Corporation\PhysX\Common;C:\Program Files\NVIDIA Corporation\NVIDIA app\NvDLISR;C:\Program Files\nodejs\;C:\ProgramData\chocolatey\bin;C:\Program Files\dotnet\;C:\Program Files\Docker\Docker\resources\bin;C:\Program Files (x86)\Maono\Maono Link 3;C:\Program Files\Git\cmd;C:\Program Files\Go\bin;C:\Users\ASUS ROG STRIX\AppData\Local\Microsoft\WindowsApps;C:\Users\ASUS ROG STRIX\AppData\Local\Programs\Microsoft VS Code\bin;C:\Program Files\JetBrains\IntelliJ IDEA 2024.1\bin;;C:\Users\ASUS ROG STRIX\AppData\Roaming\npm;C:\Users\ASUS ROG STRIX\go\bin;C:\Apache\apache-maven-3.9.11\bin;C:\cassandra\apache-cassandra-5.0.5\bin;
USERNAME=ASUS ROG STRIX
OS=Windows_NT
PROCESSOR_IDENTIFIER=AMD64 Family 25 Model 68 Stepping 1, AuthenticAMD
TMP=C:\Users\ASUSRO~1\AppData\Local\Temp
TEMP=C:\Users\ASUSRO~1\AppData\Local\Temp




Periodic native trim disabled

---------------  S Y S T E M  ---------------

OS:
 Windows 11 , 64 bit Build 26100 (10.0.26100.2454)
OS uptime: 1 days 18:31 hours
Hyper-V role detected

CPU: total 16 (initial active 16) (16 cores per cpu, 2 threads per core) family 25 model 68 stepping 1 microcode 0xa404102, cx8, cmov, fxsr, ht, mmx, 3dnowpref, sse, sse2, sse3, ssse3, sse4a, sse4.1, sse4.2, popcnt, lzcnt, tsc, tscinvbit, avx, avx2, aes, erms, clmul, bmi1, bmi2, adx, sha, fma, vzeroupper, clflush, clflushopt, hv, rdtscp, rdpid, fsrm, f16c, cet_ss
Processor Information for the first 16 processors :
  Max Mhz: 3201, Current Mhz: 3201, Mhz Limit: 3201

Memory: 4k page, system-wide physical 15628M (92M free)
TotalPageFile size 44781M (AvailPageFile size 78M)
current process WorkingSet (physical memory assigned to process): 96M, peak: 267M
current process commit charge ("private bytes"): 394M, peak: 496M

vm_info: Java HotSpot(TM) 64-Bit Server VM (24.0.2+12-54) for windows-amd64 JRE (24.0.2+12-54), built on 2025-07-08T12:10:27Z with MS VC++ 17.6 (VS2022)

END.
