#
# There is insufficient memory for the Java Runtime Environment to continue.
# Native memory allocation (malloc) failed to allocate 2638784 bytes. Error detail: Chunk::new
# Possible reasons:
#   The system is out of physical RAM or swap space
#   This process is running with CompressedOops enabled, and the Java Heap may be blocking the growth of the native heap
# Possible solutions:
#   Reduce memory load on the system
#   Increase physical memory or swap space
#   Check if swap backing store is full
#   Decrease Java heap size (-Xmx/-Xms)
#   Decrease number of Java threads
#   Decrease Java thread stack sizes (-Xss)
#   Set larger code cache with -XX:ReservedCodeCacheSize=
#   JVM is running with Unscaled Compressed Oops mode in which the Java heap is
#     placed in the first 4GB address space. The Java Heap base address is the
#     maximum limit for the native heap growth. Please use -XX:HeapBaseMinAddress
#     to set the Java Heap base and to place the Java Heap above 4GB virtual address.
# This output file may be truncated or incomplete.
#
#  Out of Memory Error (arena.cpp:168), pid=593684, tid=593836
#
# JRE version: OpenJDK Runtime Environment Temurin-21.0.8+9 (21.0.8+9) (build 21.0.8+9-LTS)
# Java VM: OpenJDK 64-Bit Server VM Temurin-21.0.8+9 (21.0.8+9-LTS, mixed mode, sharing, tiered, compressed oops, compressed class ptrs, parallel gc, windows-amd64)
# No core dump will be written. Minidumps are not enabled by default on client versions of Windows
#

---------------  S U M M A R Y ------------

Command Line: --add-modules=ALL-SYSTEM --add-opens=java.base/java.util=ALL-UNNAMED --add-opens=java.base/java.lang=ALL-UNNAMED --add-opens=java.base/sun.nio.fs=ALL-UNNAMED -Declipse.application=org.eclipse.jdt.ls.core.id1 -Dosgi.bundles.defaultStartLevel=4 -Declipse.product=org.eclipse.jdt.ls.core.product -Djava.import.generatesMetadataFilesAtProjectRoot=false -DDetectVMInstallationsJob.disabled=true -Dfile.encoding=utf8 -XX:+UseParallelGC -XX:GCTimeRatio=4 -XX:AdaptiveSizePolicyWeight=90 -Dsun.zip.disableMemoryMapping=true -Xmx2G -Xms100m -Xlog:disable -javaagent:c:\Users\ASUS ROG STRIX\.vscode\extensions\redhat.java-1.45.0-win32-x64\lombok\lombok-1.18.39-4050.jar c:\Users\ASUS ROG STRIX\.vscode\extensions\redhat.java-1.45.0-win32-x64\server\plugins\org.eclipse.equinox.launcher_1.7.0.v20250519-0528.jar -configuration c:\Users\ASUS ROG STRIX\AppData\Roaming\Code\User\globalStorage\redhat.java\1.45.0\config_ss_win -data c:\Users\ASUS ROG STRIX\AppData\Roaming\Code\User\workspaceStorage\a58f6db9953a595447d8a01323126710\redhat.java\ss_ws --pipe=\\.\pipe\lsp-2840aa03f7d0b7d66df5397453e68260-sock

Host: AMD Ryzen 7 6800HS with Radeon Graphics         , 16 cores, 15G,  Windows 11 , 64 bit Build 26100 (10.0.26100.2454)
Time: Sun Sep  7 21:26:27 2025 Eastern Daylight Time elapsed time: 9.756695 seconds (0d 0h 0m 9s)

---------------  T H R E A D  ---------------

Current thread (0x00000255a2029c60):  JavaThread "C2 CompilerThread0" daemon [_thread_in_native, id=593836, stack(0x000000b158700000,0x000000b158800000) (1024K)]


Current CompileTask:
C2:9760 5197 %     4       org.lombokweb.asm.ClassReader::readCode @ 2187 (5117 bytes)

Stack: [0x000000b158700000,0x000000b158800000]
Native frames: (J=compiled Java code, j=interpreted, Vv=VM code, C=native code)
V  [jvm.dll+0x6d2449]
V  [jvm.dll+0x8ae341]
V  [jvm.dll+0x8b08be]
V  [jvm.dll+0x8b0fa3]
V  [jvm.dll+0x280c96]
V  [jvm.dll+0xc581d]
V  [jvm.dll+0xc5d53]
V  [jvm.dll+0x3b919c]
V  [jvm.dll+0x1e1409]
V  [jvm.dll+0x249022]
V  [jvm.dll+0x2484af]
V  [jvm.dll+0x1c89ee]
V  [jvm.dll+0x257d4d]
V  [jvm.dll+0x2562ea]
V  [jvm.dll+0x3f2d16]
V  [jvm.dll+0x857e6b]
V  [jvm.dll+0x6d0b0d]
C  [ucrtbase.dll+0x14ea0]
C  [KERNEL32.DLL+0x2e8d7]
C  [ntdll.dll+0xdfbcc]


---------------  P R O C E S S  ---------------

Threads class SMR info:
_java_thread_list=0x00000255fd28ca40, length=42, elements={
0x00000255a1f6e880, 0x00000255a2013400, 0x00000255a1f1e960, 0x00000255a2017630,
0x00000255a2018080, 0x00000255a2022070, 0x00000255a20266f0, 0x00000255a2029c60,
0x00000255a202b020, 0x00000255a1fdf110, 0x00000255fc6188b0, 0x00000255fcaeb710,
0x00000255fcc04dd0, 0x00000255fc956d50, 0x00000255fcb427b0, 0x00000255fd1091e0,
0x00000255fd068440, 0x00000255fc9b2bc0, 0x00000255fd4d1010, 0x00000255fd4d16a0,
0x00000255fd4d1d30, 0x00000255fd4cf5d0, 0x00000255fd4cef40, 0x00000255fd4cfc60,
0x00000255fd4d02f0, 0x00000255fd4d0980, 0x00000255fd4d23c0, 0x00000255feb2a450,
0x00000255feb29730, 0x00000255feb28380, 0x00000255feb290a0, 0x00000255feb28a10,
0x00000255feb29dc0, 0x00000255feb26fd0, 0x00000255feb27cf0, 0x00000255feb2aae0,
0x00000255feb2c520, 0x00000255feb2e5f0, 0x00000255feb2d8d0, 0x00000255feb2df60,
0x00000255feb2b170, 0x00000255feb2cbb0
}

Java Threads: ( => current thread )
  0x00000255a1f6e880 JavaThread "main"                              [_thread_blocked, id=593652, stack(0x000000b157d00000,0x000000b157e00000) (1024K)]
  0x00000255a2013400 JavaThread "Reference Handler"          daemon [_thread_blocked, id=593852, stack(0x000000b158100000,0x000000b158200000) (1024K)]
  0x00000255a1f1e960 JavaThread "Finalizer"                  daemon [_thread_blocked, id=593848, stack(0x000000b158200000,0x000000b158300000) (1024K)]
  0x00000255a2017630 JavaThread "Signal Dispatcher"          daemon [_thread_blocked, id=593844, stack(0x000000b158300000,0x000000b158400000) (1024K)]
  0x00000255a2018080 JavaThread "Attach Listener"            daemon [_thread_blocked, id=593860, stack(0x000000b158400000,0x000000b158500000) (1024K)]
  0x00000255a2022070 JavaThread "Service Thread"             daemon [_thread_blocked, id=593716, stack(0x000000b158500000,0x000000b158600000) (1024K)]
  0x00000255a20266f0 JavaThread "Monitor Deflation Thread"   daemon [_thread_blocked, id=593840, stack(0x000000b158600000,0x000000b158700000) (1024K)]
=>0x00000255a2029c60 JavaThread "C2 CompilerThread0"         daemon [_thread_in_native, id=593836, stack(0x000000b158700000,0x000000b158800000) (1024K)]
  0x00000255a202b020 JavaThread "C1 CompilerThread0"         daemon [_thread_blocked, id=593916, stack(0x000000b158800000,0x000000b158900000) (1024K)]
  0x00000255a1fdf110 JavaThread "Common-Cleaner"             daemon [_thread_blocked, id=592904, stack(0x000000b158900000,0x000000b158a00000) (1024K)]
  0x00000255fc6188b0 JavaThread "Notification Thread"        daemon [_thread_blocked, id=582764, stack(0x000000b158a00000,0x000000b158b00000) (1024K)]
  0x00000255fcaeb710 JavaThread "Active Thread: Equinox Container: f6aa51d8-7d93-48aa-9488-809cbe83ee52"        [_thread_blocked, id=593520, stack(0x000000b159100000,0x000000b159200000) (1024K)]
  0x00000255fcc04dd0 JavaThread "Framework Event Dispatcher: Equinox Container: f6aa51d8-7d93-48aa-9488-809cbe83ee52" daemon [_thread_blocked, id=593608, stack(0x000000b159200000,0x000000b159300000) (1024K)]
  0x00000255fc956d50 JavaThread "Start Level: Equinox Container: f6aa51d8-7d93-48aa-9488-809cbe83ee52" daemon [_thread_blocked, id=593612, stack(0x000000b159300000,0x000000b159400000) (1024K)]
  0x00000255fcb427b0 JavaThread "SCR Component Actor"        daemon [_thread_blocked, id=593620, stack(0x000000b159500000,0x000000b159600000) (1024K)]
  0x00000255fd1091e0 JavaThread "Worker-JM"                         [_thread_blocked, id=593784, stack(0x000000b159700000,0x000000b159800000) (1024K)]
  0x00000255fd068440 JavaThread "JNA Cleaner"                daemon [_thread_blocked, id=593468, stack(0x000000b159a00000,0x000000b159b00000) (1024K)]
  0x00000255fc9b2bc0 JavaThread "Worker-0"                          [_thread_blocked, id=593464, stack(0x000000b159b00000,0x000000b159c00000) (1024K)]
  0x00000255fd4d1010 JavaThread "Worker-1"                          [_thread_blocked, id=593780, stack(0x000000b159c00000,0x000000b159d00000) (1024K)]
  0x00000255fd4d16a0 JavaThread "Thread-2"                   daemon [_thread_in_native, id=532112, stack(0x000000b15a300000,0x000000b15a400000) (1024K)]
  0x00000255fd4d1d30 JavaThread "Thread-3"                   daemon [_thread_in_native, id=591532, stack(0x000000b15a400000,0x000000b15a500000) (1024K)]
  0x00000255fd4cf5d0 JavaThread "Thread-4"                   daemon [_thread_in_native, id=589640, stack(0x000000b15a500000,0x000000b15a600000) (1024K)]
  0x00000255fd4cef40 JavaThread "Thread-5"                   daemon [_thread_in_native, id=592196, stack(0x000000b15a600000,0x000000b15a700000) (1024K)]
  0x00000255fd4cfc60 JavaThread "Thread-6"                   daemon [_thread_in_native, id=587456, stack(0x000000b15a700000,0x000000b15a800000) (1024K)]
  0x00000255fd4d02f0 JavaThread "Thread-7"                   daemon [_thread_in_native, id=588152, stack(0x000000b15a800000,0x000000b15a900000) (1024K)]
  0x00000255fd4d0980 JavaThread "Thread-8"                   daemon [_thread_in_native, id=587064, stack(0x000000b15a900000,0x000000b15aa00000) (1024K)]
  0x00000255fd4d23c0 JavaThread "Thread-9"                   daemon [_thread_in_native, id=158480, stack(0x000000b15aa00000,0x000000b15ab00000) (1024K)]
  0x00000255feb2a450 JavaThread "Thread-10"                  daemon [_thread_in_native, id=590544, stack(0x000000b15ab00000,0x000000b15ac00000) (1024K)]
  0x00000255feb29730 JavaThread "Thread-11"                  daemon [_thread_in_native, id=590480, stack(0x000000b15ac00000,0x000000b15ad00000) (1024K)]
  0x00000255feb28380 JavaThread "Thread-12"                  daemon [_thread_in_native, id=593020, stack(0x000000b15ad00000,0x000000b15ae00000) (1024K)]
  0x00000255feb290a0 JavaThread "Thread-13"                  daemon [_thread_in_native, id=593004, stack(0x000000b15ae00000,0x000000b15af00000) (1024K)]
  0x00000255feb28a10 JavaThread "Thread-14"                  daemon [_thread_in_native, id=522080, stack(0x000000b15af00000,0x000000b15b000000) (1024K)]
  0x00000255feb29dc0 JavaThread "Thread-15"                  daemon [_thread_in_native, id=593204, stack(0x000000b15b000000,0x000000b15b100000) (1024K)]
  0x00000255feb26fd0 JavaThread "Thread-16"                  daemon [_thread_in_native, id=593184, stack(0x000000b15b100000,0x000000b15b200000) (1024K)]
  0x00000255feb27cf0 JavaThread "Thread-17"                  daemon [_thread_in_native, id=593232, stack(0x000000b15b200000,0x000000b15b300000) (1024K)]
  0x00000255feb2aae0 JavaThread "Thread-18"                  daemon [_thread_in_native, id=593228, stack(0x000000b15b300000,0x000000b15b400000) (1024K)]
  0x00000255feb2c520 JavaThread "Worker-2"                          [_thread_blocked, id=593168, stack(0x000000b15b400000,0x000000b15b500000) (1024K)]
  0x00000255feb2e5f0 JavaThread "pool-2-thread-1"                   [_thread_blocked, id=593180, stack(0x000000b15b500000,0x000000b15b600000) (1024K)]
  0x00000255feb2d8d0 JavaThread "WorkspaceEventsHandler"            [_thread_blocked, id=593252, stack(0x000000b15b600000,0x000000b15b700000) (1024K)]
  0x00000255feb2df60 JavaThread "pool-1-thread-1"                   [_thread_blocked, id=593164, stack(0x000000b15b700000,0x000000b15b800000) (1024K)]
  0x00000255feb2b170 JavaThread "ForkJoinPool.commonPool-worker-1" daemon [_thread_blocked, id=593400, stack(0x000000b159600000,0x000000b159700000) (1024K)]
  0x00000255feb2cbb0 JavaThread "ForkJoinPool.commonPool-worker-2" daemon [_thread_blocked, id=593352, stack(0x000000b15b800000,0x000000b15b900000) (1024K)]
Total: 42

Other Threads:
  0x00000255a200e9d0 VMThread "VM Thread"                           [id=593864, stack(0x000000b158000000,0x000000b158100000) (1024K)]
  0x00000255a1dfba00 WatcherThread "VM Periodic Task Thread"        [id=593868, stack(0x000000b157f00000,0x000000b158000000) (1024K)]
  0x00000255a1f8ce50 WorkerThread "GC Thread#0"                     [id=593648, stack(0x000000b157e00000,0x000000b157f00000) (1024K)]
  0x00000255fc700af0 WorkerThread "GC Thread#1"                     [id=593896, stack(0x000000b158b00000,0x000000b158c00000) (1024K)]
  0x00000255fc967e60 WorkerThread "GC Thread#2"                     [id=592912, stack(0x000000b158c00000,0x000000b158d00000) (1024K)]
  0x00000255fc968200 WorkerThread "GC Thread#3"                     [id=592908, stack(0x000000b158d00000,0x000000b158e00000) (1024K)]
  0x00000255fc9685a0 WorkerThread "GC Thread#4"                     [id=593084, stack(0x000000b158e00000,0x000000b158f00000) (1024K)]
  0x00000255fc6974a0 WorkerThread "GC Thread#5"                     [id=593076, stack(0x000000b158f00000,0x000000b159000000) (1024K)]
  0x00000255fc697c40 WorkerThread "GC Thread#6"                     [id=593064, stack(0x000000b159000000,0x000000b159100000) (1024K)]
  0x00000255fcb0dd30 WorkerThread "GC Thread#7"                     [id=593616, stack(0x000000b159400000,0x000000b159500000) (1024K)]
  0x00000255fd082160 WorkerThread "GC Thread#8"                     [id=593792, stack(0x000000b159800000,0x000000b159900000) (1024K)]
  0x00000255fd2041a0 WorkerThread "GC Thread#9"                     [id=593796, stack(0x000000b159900000,0x000000b159a00000) (1024K)]
  0x00000255fd203e00 WorkerThread "GC Thread#10"                    [id=593112, stack(0x000000b159d00000,0x000000b159e00000) (1024K)]
  0x00000255fd2036c0 WorkerThread "GC Thread#11"                    [id=593056, stack(0x000000b159e00000,0x000000b159f00000) (1024K)]
  0x00000255fd204540 WorkerThread "GC Thread#12"                    [id=593040, stack(0x000000b159f00000,0x000000b15a000000) (1024K)]
Total: 15

Threads with active compile tasks:
C2 CompilerThread0  9814 5197 %     4       org.lombokweb.asm.ClassReader::readCode @ 2187 (5117 bytes)
Total: 1

VM state: not at safepoint (normal execution)

VM Mutex/Monitor currently owned by a thread: None

Heap address: 0x0000000080000000, size: 2048 MB, Compressed Oops mode: 32-bit

CDS archive(s) mapped at: [0x00000255b9000000-0x00000255b9ba0000-0x00000255b9ba0000), size 12189696, SharedBaseAddress: 0x00000255b9000000, ArchiveRelocationMode: 1.
Compressed class space mapped at: 0x00000255ba000000-0x00000255fa000000, reserved size: 1073741824
Narrow klass base: 0x00000255b9000000, Narrow klass shift: 0, Narrow klass range: 0x100000000

GC Precious Log:
 CardTable entry size: 512
 CPUs: 16 total, 16 available
 Memory: 15628M
 Large Page Support: Disabled
 NUMA Support: Disabled
 Compressed Oops: Enabled (32-bit)
 Alignments: Space 512K, Generation 512K, Heap 2M
 Heap Min Capacity: 100M
 Heap Initial Capacity: 100M
 Heap Max Capacity: 2G
 Pre-touch: Disabled
 Parallel Workers: 13

Heap:
 PSYoungGen      total 20480K, used 9149K [0x00000000d5580000, 0x00000000d6b80000, 0x0000000100000000)
  eden space 19456K, 44% used [0x00000000d5580000,0x00000000d5de34c0,0x00000000d6880000)
  from space 1024K, 54% used [0x00000000d6a80000,0x00000000d6b0c030,0x00000000d6b80000)
  to   space 1024K, 0% used [0x00000000d6980000,0x00000000d6980000,0x00000000d6a80000)
 ParOldGen       total 68608K, used 30793K [0x0000000080000000, 0x0000000084300000, 0x00000000d5580000)
  object space 68608K, 44% used [0x0000000080000000,0x0000000081e126c8,0x0000000084300000)
 Metaspace       used 41717K, committed 42688K, reserved 1114112K
  class space    used 4191K, committed 4608K, reserved 1048576K

Card table byte_map: [0x00000255a1910000,0x00000255a1d20000] _byte_map_base: 0x00000255a1510000

Marking Bits: (ParMarkBitMap*) 0x00007ff8f2dba340
 Begin Bits: [0x00000255b4410000, 0x00000255b6410000)
 End Bits:   [0x00000255b6410000, 0x00000255b8410000)

Polling page: 0x000002559fd50000

Metaspace:

Usage:
  Non-class:     36.65 MB used.
      Class:      4.09 MB used.
       Both:     40.74 MB used.

Virtual space:
  Non-class space:       64.00 MB reserved,      37.19 MB ( 58%) committed,  1 nodes.
      Class space:        1.00 GB reserved,       4.50 MB ( <1%) committed,  1 nodes.
             Both:        1.06 GB reserved,      41.69 MB (  4%) committed. 

Chunk freelists:
   Non-Class:  10.00 MB
       Class:  11.44 MB
        Both:  21.44 MB

MaxMetaspaceSize: unlimited
CompressedClassSpaceSize: 1.00 GB
Initial GC threshold: 21.00 MB
Current GC threshold: 58.38 MB
CDS: on
 - commit_granule_bytes: 65536.
 - commit_granule_words: 8192.
 - virtual_space_node_default_size: 8388608.
 - enlarge_chunks_in_place: 1.
 - use_allocation_guard: 0.


Internal statistics:

num_allocs_failed_limit: 6.
num_arena_births: 778.
num_arena_deaths: 14.
num_vsnodes_births: 2.
num_vsnodes_deaths: 0.
num_space_committed: 667.
num_space_uncommitted: 0.
num_chunks_returned_to_freelist: 20.
num_chunks_taken_from_freelist: 2490.
num_chunk_merges: 11.
num_chunk_splits: 1611.
num_chunks_enlarged: 1048.
num_inconsistent_stats: 0.

CodeHeap 'non-profiled nmethods': size=119168Kb used=2181Kb max_used=2181Kb free=116986Kb
 bounds [0x00000255acd00000, 0x00000255acf70000, 0x00000255b4160000]
CodeHeap 'profiled nmethods': size=119104Kb used=10666Kb max_used=10666Kb free=108437Kb
 bounds [0x00000255a5160000, 0x00000255a5bd0000, 0x00000255ac5b0000]
CodeHeap 'non-nmethods': size=7488Kb used=1408Kb max_used=1436Kb free=6080Kb
 bounds [0x00000255ac5b0000, 0x00000255ac820000, 0x00000255acd00000]
CodeCache: size=245760Kb, used=14255Kb, max_used=14283Kb, free=231503Kb
 total_blobs=5721, nmethods=5005, adapters=622, full_count=0
Compilation: enabled, stopped_count=0, restarted_count=0

Compilation events (20 events):
Event: 9.556 Thread 0x00000255a202b020 5424       1       java.util.Calendar::getFirstDayOfWeek (5 bytes)
Event: 9.556 Thread 0x00000255a202b020 nmethod 5424 0x00000255acf20d90 code [0x00000255acf20f20, 0x00000255acf20fe8]
Event: 9.556 Thread 0x00000255a202b020 5425       1       java.util.Calendar::getMinimalDaysInFirstWeek (5 bytes)
Event: 9.556 Thread 0x00000255a202b020 nmethod 5425 0x00000255acf21090 code [0x00000255acf21220, 0x00000255acf212e8]
Event: 9.556 Thread 0x00000255a202b020 5426       1       java.text.DecimalFormatSymbols::getZeroDigit (5 bytes)
Event: 9.557 Thread 0x00000255a202b020 nmethod 5426 0x00000255acf21390 code [0x00000255acf21520, 0x00000255acf215f0]
Event: 9.557 Thread 0x00000255a202b020 5427   !   2       java.lang.invoke.InnerClassLambdaMetafactory::buildCallSite (150 bytes)
Event: 9.598 Thread 0x00000255a202b020 nmethod 5427 0x00000255a5bc5990 code [0x00000255a5bc5c60, 0x00000255a5bc6508]
Event: 9.615 Thread 0x00000255a202b020 5428       2       java.lang.reflect.Constructor::setAccessible (21 bytes)
Event: 9.615 Thread 0x00000255a202b020 nmethod 5428 0x00000255a5bc6f90 code [0x00000255a5bc7160, 0x00000255a5bc73d8]
Event: 9.615 Thread 0x00000255a202b020 5429       2       java.lang.reflect.Constructor::checkCanSetAccessible (29 bytes)
Event: 9.616 Thread 0x00000255a202b020 nmethod 5429 0x00000255a5bc7590 code [0x00000255a5bc7760, 0x00000255a5bc7988]
Event: 9.617 Thread 0x00000255a202b020 5430       2       org.eclipse.lsp4j.jsonrpc.json.adapters.TypeUtils::isTwoTuple (39 bytes)
Event: 9.617 Thread 0x00000255a202b020 nmethod 5430 0x00000255a5bc7a90 code [0x00000255a5bc7c80, 0x00000255a5bc7f78]
Event: 9.617 Thread 0x00000255a202b020 5431   !   2       sun.reflect.annotation.AnnotationParser::parseAnnotation2 (275 bytes)
Event: 9.618 Thread 0x00000255a202b020 nmethod 5431 0x00000255a5bc8090 code [0x00000255a5bc83c0, 0x00000255a5bc8ec8]
Event: 9.618 Thread 0x00000255a202b020 5432       2       java.lang.StringUTF16::length (5 bytes)
Event: 9.618 Thread 0x00000255a202b020 nmethod 5432 0x00000255a5bc9710 code [0x00000255a5bc98a0, 0x00000255a5bc9990]
Event: 9.618 Thread 0x00000255a202b020 5433       2       java.util.concurrent.ConcurrentLinkedQueue::updateHead (26 bytes)
Event: 9.619 Thread 0x00000255a202b020 nmethod 5433 0x00000255a5bc9a90 code [0x00000255a5bc9ce0, 0x00000255a5bca480]

GC Heap History (20 events):
Event: 6.094 GC heap before
{Heap before GC invocations=15 (full 1):
 PSYoungGen      total 24064K, used 23648K [0x00000000d5580000, 0x00000000d7080000, 0x0000000100000000)
  eden space 21504K, 100% used [0x00000000d5580000,0x00000000d6a80000,0x00000000d6a80000)
  from space 2560K, 83% used [0x00000000d6a80000,0x00000000d6c98000,0x00000000d6d00000)
  to   space 3072K, 0% used [0x00000000d6d80000,0x00000000d6d80000,0x00000000d7080000)
 ParOldGen       total 68608K, used 20638K [0x0000000080000000, 0x0000000084300000, 0x00000000d5580000)
  object space 68608K, 30% used [0x0000000080000000,0x00000000814279d8,0x0000000084300000)
 Metaspace       used 32010K, committed 32960K, reserved 1114112K
  class space    used 3234K, committed 3648K, reserved 1048576K
}
Event: 6.096 GC heap after
{Heap after GC invocations=15 (full 1):
 PSYoungGen      total 24064K, used 2212K [0x00000000d5580000, 0x00000000d7000000, 0x0000000100000000)
  eden space 21504K, 0% used [0x00000000d5580000,0x00000000d5580000,0x00000000d6a80000)
  from space 2560K, 86% used [0x00000000d6d80000,0x00000000d6fa9000,0x00000000d7000000)
  to   space 2560K, 0% used [0x00000000d6a80000,0x00000000d6a80000,0x00000000d6d00000)
 ParOldGen       total 68608K, used 22532K [0x0000000080000000, 0x0000000084300000, 0x00000000d5580000)
  object space 68608K, 32% used [0x0000000080000000,0x0000000081601380,0x0000000084300000)
 Metaspace       used 32010K, committed 32960K, reserved 1114112K
  class space    used 3234K, committed 3648K, reserved 1048576K
}
Event: 6.171 GC heap before
{Heap before GC invocations=16 (full 1):
 PSYoungGen      total 24064K, used 23716K [0x00000000d5580000, 0x00000000d7000000, 0x0000000100000000)
  eden space 21504K, 100% used [0x00000000d5580000,0x00000000d6a80000,0x00000000d6a80000)
  from space 2560K, 86% used [0x00000000d6d80000,0x00000000d6fa9000,0x00000000d7000000)
  to   space 2560K, 0% used [0x00000000d6a80000,0x00000000d6a80000,0x00000000d6d00000)
 ParOldGen       total 68608K, used 22532K [0x0000000080000000, 0x0000000084300000, 0x00000000d5580000)
  object space 68608K, 32% used [0x0000000080000000,0x0000000081601380,0x0000000084300000)
 Metaspace       used 32067K, committed 33024K, reserved 1114112K
  class space    used 3237K, committed 3648K, reserved 1048576K
}
Event: 6.264 GC heap after
{Heap after GC invocations=16 (full 1):
 PSYoungGen      total 24064K, used 2048K [0x00000000d5580000, 0x00000000d6f80000, 0x0000000100000000)
  eden space 21504K, 0% used [0x00000000d5580000,0x00000000d5580000,0x00000000d6a80000)
  from space 2560K, 80% used [0x00000000d6a80000,0x00000000d6c80010,0x00000000d6d00000)
  to   space 2560K, 0% used [0x00000000d6d00000,0x00000000d6d00000,0x00000000d6f80000)
 ParOldGen       total 68608K, used 24626K [0x0000000080000000, 0x0000000084300000, 0x00000000d5580000)
  object space 68608K, 35% used [0x0000000080000000,0x000000008180c9f8,0x0000000084300000)
 Metaspace       used 32067K, committed 33024K, reserved 1114112K
  class space    used 3237K, committed 3648K, reserved 1048576K
}
Event: 6.401 GC heap before
{Heap before GC invocations=17 (full 1):
 PSYoungGen      total 24064K, used 23552K [0x00000000d5580000, 0x00000000d6f80000, 0x0000000100000000)
  eden space 21504K, 100% used [0x00000000d5580000,0x00000000d6a80000,0x00000000d6a80000)
  from space 2560K, 80% used [0x00000000d6a80000,0x00000000d6c80010,0x00000000d6d00000)
  to   space 2560K, 0% used [0x00000000d6d00000,0x00000000d6d00000,0x00000000d6f80000)
 ParOldGen       total 68608K, used 24626K [0x0000000080000000, 0x0000000084300000, 0x00000000d5580000)
  object space 68608K, 35% used [0x0000000080000000,0x000000008180c9f8,0x0000000084300000)
 Metaspace       used 32231K, committed 33152K, reserved 1114112K
  class space    used 3248K, committed 3648K, reserved 1048576K
}
Event: 6.496 GC heap after
{Heap after GC invocations=17 (full 1):
 PSYoungGen      total 24064K, used 2128K [0x00000000d5580000, 0x00000000d7c80000, 0x0000000100000000)
  eden space 21504K, 0% used [0x00000000d5580000,0x00000000d5580000,0x00000000d6a80000)
  from space 2560K, 83% used [0x00000000d6d00000,0x00000000d6f142c8,0x00000000d6f80000)
  to   space 2560K, 0% used [0x00000000d6a80000,0x00000000d6a80000,0x00000000d6d00000)
 ParOldGen       total 68608K, used 26634K [0x0000000080000000, 0x0000000084300000, 0x00000000d5580000)
  object space 68608K, 38% used [0x0000000080000000,0x0000000081a02a08,0x0000000084300000)
 Metaspace       used 32231K, committed 33152K, reserved 1114112K
  class space    used 3248K, committed 3648K, reserved 1048576K
}
Event: 7.479 GC heap before
{Heap before GC invocations=18 (full 1):
 PSYoungGen      total 24064K, used 23581K [0x00000000d5580000, 0x00000000d7c80000, 0x0000000100000000)
  eden space 21504K, 99% used [0x00000000d5580000,0x00000000d6a73210,0x00000000d6a80000)
  from space 2560K, 83% used [0x00000000d6d00000,0x00000000d6f142c8,0x00000000d6f80000)
  to   space 2560K, 0% used [0x00000000d6a80000,0x00000000d6a80000,0x00000000d6d00000)
 ParOldGen       total 68608K, used 26634K [0x0000000080000000, 0x0000000084300000, 0x00000000d5580000)
  object space 68608K, 38% used [0x0000000080000000,0x0000000081a02a08,0x0000000084300000)
 Metaspace       used 34161K, committed 35072K, reserved 1114112K
  class space    used 3520K, committed 3904K, reserved 1048576K
}
Event: 7.482 GC heap after
{Heap after GC invocations=18 (full 1):
 PSYoungGen      total 22528K, used 884K [0x00000000d5580000, 0x00000000d6d80000, 0x0000000100000000)
  eden space 21504K, 0% used [0x00000000d5580000,0x00000000d5580000,0x00000000d6a80000)
  from space 1024K, 86% used [0x00000000d6a80000,0x00000000d6b5d3e8,0x00000000d6b80000)
  to   space 1536K, 0% used [0x00000000d6c00000,0x00000000d6c00000,0x00000000d6d80000)
 ParOldGen       total 68608K, used 28391K [0x0000000080000000, 0x0000000084300000, 0x00000000d5580000)
  object space 68608K, 41% used [0x0000000080000000,0x0000000081bb9e88,0x0000000084300000)
 Metaspace       used 34161K, committed 35072K, reserved 1114112K
  class space    used 3520K, committed 3904K, reserved 1048576K
}
Event: 7.668 GC heap before
{Heap before GC invocations=19 (full 1):
 PSYoungGen      total 22528K, used 14113K [0x00000000d5580000, 0x00000000d6d80000, 0x0000000100000000)
  eden space 21504K, 61% used [0x00000000d5580000,0x00000000d626b1c0,0x00000000d6a80000)
  from space 1024K, 86% used [0x00000000d6a80000,0x00000000d6b5d3e8,0x00000000d6b80000)
  to   space 1536K, 0% used [0x00000000d6c00000,0x00000000d6c00000,0x00000000d6d80000)
 ParOldGen       total 68608K, used 28391K [0x0000000080000000, 0x0000000084300000, 0x00000000d5580000)
  object space 68608K, 41% used [0x0000000080000000,0x0000000081bb9e88,0x0000000084300000)
 Metaspace       used 34911K, committed 35840K, reserved 1114112K
  class space    used 3589K, committed 4032K, reserved 1048576K
}
Event: 7.669 GC heap after
{Heap after GC invocations=19 (full 1):
 PSYoungGen      total 22016K, used 480K [0x00000000d5580000, 0x00000000d6c80000, 0x0000000100000000)
  eden space 21504K, 0% used [0x00000000d5580000,0x00000000d5580000,0x00000000d6a80000)
  from space 512K, 93% used [0x00000000d6c00000,0x00000000d6c78000,0x00000000d6c80000)
  to   space 1024K, 0% used [0x00000000d6a80000,0x00000000d6a80000,0x00000000d6b80000)
 ParOldGen       total 68608K, used 29074K [0x0000000080000000, 0x0000000084300000, 0x00000000d5580000)
  object space 68608K, 42% used [0x0000000080000000,0x0000000081c64a90,0x0000000084300000)
 Metaspace       used 34911K, committed 35840K, reserved 1114112K
  class space    used 3589K, committed 4032K, reserved 1048576K
}
Event: 7.669 GC heap before
{Heap before GC invocations=20 (full 2):
 PSYoungGen      total 22016K, used 480K [0x00000000d5580000, 0x00000000d6c80000, 0x0000000100000000)
  eden space 21504K, 0% used [0x00000000d5580000,0x00000000d5580000,0x00000000d6a80000)
  from space 512K, 93% used [0x00000000d6c00000,0x00000000d6c78000,0x00000000d6c80000)
  to   space 1024K, 0% used [0x00000000d6a80000,0x00000000d6a80000,0x00000000d6b80000)
 ParOldGen       total 68608K, used 29074K [0x0000000080000000, 0x0000000084300000, 0x00000000d5580000)
  object space 68608K, 42% used [0x0000000080000000,0x0000000081c64a90,0x0000000084300000)
 Metaspace       used 34911K, committed 35840K, reserved 1114112K
  class space    used 3589K, committed 4032K, reserved 1048576K
}
Event: 7.717 GC heap after
{Heap after GC invocations=20 (full 2):
 PSYoungGen      total 22016K, used 0K [0x00000000d5580000, 0x00000000d6c80000, 0x0000000100000000)
  eden space 21504K, 0% used [0x00000000d5580000,0x00000000d5580000,0x00000000d6a80000)
  from space 512K, 0% used [0x00000000d6c00000,0x00000000d6c00000,0x00000000d6c80000)
  to   space 1024K, 0% used [0x00000000d6a80000,0x00000000d6a80000,0x00000000d6b80000)
 ParOldGen       total 68608K, used 27557K [0x0000000080000000, 0x0000000084300000, 0x00000000d5580000)
  object space 68608K, 40% used [0x0000000080000000,0x0000000081ae9790,0x0000000084300000)
 Metaspace       used 34911K, committed 35840K, reserved 1114112K
  class space    used 3589K, committed 4032K, reserved 1048576K
}
Event: 8.465 GC heap before
{Heap before GC invocations=21 (full 2):
 PSYoungGen      total 22016K, used 21504K [0x00000000d5580000, 0x00000000d6c80000, 0x0000000100000000)
  eden space 21504K, 100% used [0x00000000d5580000,0x00000000d6a80000,0x00000000d6a80000)
  from space 512K, 0% used [0x00000000d6c00000,0x00000000d6c00000,0x00000000d6c80000)
  to   space 1024K, 0% used [0x00000000d6a80000,0x00000000d6a80000,0x00000000d6b80000)
 ParOldGen       total 68608K, used 27557K [0x0000000080000000, 0x0000000084300000, 0x00000000d5580000)
  object space 68608K, 40% used [0x0000000080000000,0x0000000081ae9790,0x0000000084300000)
 Metaspace       used 38024K, committed 38912K, reserved 1114112K
  class space    used 3833K, committed 4224K, reserved 1048576K
}
Event: 8.467 GC heap after
{Heap after GC invocations=21 (full 2):
 PSYoungGen      total 22528K, used 1008K [0x00000000d5580000, 0x00000000d6d80000, 0x0000000100000000)
  eden space 21504K, 0% used [0x00000000d5580000,0x00000000d5580000,0x00000000d6a80000)
  from space 1024K, 98% used [0x00000000d6a80000,0x00000000d6b7c040,0x00000000d6b80000)
  to   space 1536K, 0% used [0x00000000d6c00000,0x00000000d6c00000,0x00000000d6d80000)
 ParOldGen       total 68608K, used 27748K [0x0000000080000000, 0x0000000084300000, 0x00000000d5580000)
  object space 68608K, 40% used [0x0000000080000000,0x0000000081b191e0,0x0000000084300000)
 Metaspace       used 38024K, committed 38912K, reserved 1114112K
  class space    used 3833K, committed 4224K, reserved 1048576K
}
Event: 8.766 GC heap before
{Heap before GC invocations=22 (full 2):
 PSYoungGen      total 22528K, used 22465K [0x00000000d5580000, 0x00000000d6d80000, 0x0000000100000000)
  eden space 21504K, 99% used [0x00000000d5580000,0x00000000d6a746c0,0x00000000d6a80000)
  from space 1024K, 98% used [0x00000000d6a80000,0x00000000d6b7c040,0x00000000d6b80000)
  to   space 1536K, 0% used [0x00000000d6c00000,0x00000000d6c00000,0x00000000d6d80000)
 ParOldGen       total 68608K, used 27748K [0x0000000080000000, 0x0000000084300000, 0x00000000d5580000)
  object space 68608K, 40% used [0x0000000080000000,0x0000000081b191e0,0x0000000084300000)
 Metaspace       used 39543K, committed 40448K, reserved 1114112K
  class space    used 4016K, committed 4416K, reserved 1048576K
}
Event: 8.768 GC heap after
{Heap after GC invocations=22 (full 2):
 PSYoungGen      total 20992K, used 1520K [0x00000000d5580000, 0x00000000d7180000, 0x0000000100000000)
  eden space 19456K, 0% used [0x00000000d5580000,0x00000000d5580000,0x00000000d6880000)
  from space 1536K, 98% used [0x00000000d6c00000,0x00000000d6d7c178,0x00000000d6d80000)
  to   space 3584K, 0% used [0x00000000d6880000,0x00000000d6880000,0x00000000d6c00000)
 ParOldGen       total 68608K, used 29210K [0x0000000080000000, 0x0000000084300000, 0x00000000d5580000)
  object space 68608K, 42% used [0x0000000080000000,0x0000000081c86920,0x0000000084300000)
 Metaspace       used 39543K, committed 40448K, reserved 1114112K
  class space    used 4016K, committed 4416K, reserved 1048576K
}
Event: 8.810 GC heap before
{Heap before GC invocations=23 (full 2):
 PSYoungGen      total 20992K, used 20976K [0x00000000d5580000, 0x00000000d7180000, 0x0000000100000000)
  eden space 19456K, 100% used [0x00000000d5580000,0x00000000d6880000,0x00000000d6880000)
  from space 1536K, 98% used [0x00000000d6c00000,0x00000000d6d7c178,0x00000000d6d80000)
  to   space 3584K, 0% used [0x00000000d6880000,0x00000000d6880000,0x00000000d6c00000)
 ParOldGen       total 68608K, used 29210K [0x0000000080000000, 0x0000000084300000, 0x00000000d5580000)
  object space 68608K, 42% used [0x0000000080000000,0x0000000081c86920,0x0000000084300000)
 Metaspace       used 39568K, committed 40448K, reserved 1114112K
  class space    used 4016K, committed 4416K, reserved 1048576K
}
Event: 8.812 GC heap after
{Heap after GC invocations=23 (full 2):
 PSYoungGen      total 20992K, used 1257K [0x00000000d5580000, 0x00000000d6c80000, 0x0000000100000000)
  eden space 19456K, 0% used [0x00000000d5580000,0x00000000d5580000,0x00000000d6880000)
  from space 1536K, 81% used [0x00000000d6880000,0x00000000d69ba530,0x00000000d6a00000)
  to   space 2048K, 0% used [0x00000000d6a80000,0x00000000d6a80000,0x00000000d6c80000)
 ParOldGen       total 68608K, used 30593K [0x0000000080000000, 0x0000000084300000, 0x00000000d5580000)
  object space 68608K, 44% used [0x0000000080000000,0x0000000081de06c8,0x0000000084300000)
 Metaspace       used 39568K, committed 40448K, reserved 1114112K
  class space    used 4016K, committed 4416K, reserved 1048576K
}
Event: 9.105 GC heap before
{Heap before GC invocations=24 (full 2):
 PSYoungGen      total 20992K, used 20713K [0x00000000d5580000, 0x00000000d6c80000, 0x0000000100000000)
  eden space 19456K, 100% used [0x00000000d5580000,0x00000000d6880000,0x00000000d6880000)
  from space 1536K, 81% used [0x00000000d6880000,0x00000000d69ba530,0x00000000d6a00000)
  to   space 2048K, 0% used [0x00000000d6a80000,0x00000000d6a80000,0x00000000d6c80000)
 ParOldGen       total 68608K, used 30593K [0x0000000080000000, 0x0000000084300000, 0x00000000d5580000)
  object space 68608K, 44% used [0x0000000080000000,0x0000000081de06c8,0x0000000084300000)
 Metaspace       used 41342K, committed 42304K, reserved 1114112K
  class space    used 4167K, committed 4608K, reserved 1048576K
}
Event: 9.107 GC heap after
{Heap after GC invocations=24 (full 2):
 PSYoungGen      total 20480K, used 560K [0x00000000d5580000, 0x00000000d6b80000, 0x0000000100000000)
  eden space 19456K, 0% used [0x00000000d5580000,0x00000000d5580000,0x00000000d6880000)
  from space 1024K, 54% used [0x00000000d6a80000,0x00000000d6b0c030,0x00000000d6b80000)
  to   space 1024K, 0% used [0x00000000d6980000,0x00000000d6980000,0x00000000d6a80000)
 ParOldGen       total 68608K, used 30793K [0x0000000080000000, 0x0000000084300000, 0x00000000d5580000)
  object space 68608K, 44% used [0x0000000080000000,0x0000000081e126c8,0x0000000084300000)
 Metaspace       used 41342K, committed 42304K, reserved 1114112K
  class space    used 4167K, committed 4608K, reserved 1048576K
}

Dll operation events (10 events):
Event: 0.008 Loaded shared library c:\Users\ASUS ROG STRIX\.vscode\extensions\redhat.java-1.45.0-win32-x64\jre\21.0.8-win32-x86_64\bin\java.dll
Event: 0.090 Loaded shared library c:\Users\ASUS ROG STRIX\.vscode\extensions\redhat.java-1.45.0-win32-x64\jre\21.0.8-win32-x86_64\bin\zip.dll
Event: 0.111 Loaded shared library C:\Users\ASUS ROG STRIX\.vscode\extensions\redhat.java-1.45.0-win32-x64\jre\21.0.8-win32-x86_64\bin\instrument.dll
Event: 0.117 Loaded shared library C:\Users\ASUS ROG STRIX\.vscode\extensions\redhat.java-1.45.0-win32-x64\jre\21.0.8-win32-x86_64\bin\net.dll
Event: 0.119 Loaded shared library C:\Users\ASUS ROG STRIX\.vscode\extensions\redhat.java-1.45.0-win32-x64\jre\21.0.8-win32-x86_64\bin\nio.dll
Event: 0.123 Loaded shared library C:\Users\ASUS ROG STRIX\.vscode\extensions\redhat.java-1.45.0-win32-x64\jre\21.0.8-win32-x86_64\bin\zip.dll
Event: 0.140 Loaded shared library C:\Users\ASUS ROG STRIX\.vscode\extensions\redhat.java-1.45.0-win32-x64\jre\21.0.8-win32-x86_64\bin\jimage.dll
Event: 0.204 Loaded shared library c:\Users\ASUS ROG STRIX\.vscode\extensions\redhat.java-1.45.0-win32-x64\jre\21.0.8-win32-x86_64\bin\verify.dll
Event: 0.982 Loaded shared library C:\Users\ASUS ROG STRIX\AppData\Roaming\Code\User\globalStorage\redhat.java\1.45.0\config_ss_win\org.eclipse.equinox.launcher\org.eclipse.equinox.launcher.win32.win32.x86_64_1.2.1400.v20250801-0854\eclipse_11916.dll
Event: 1.565 Loaded shared library C:\Users\ASUS ROG STRIX\AppData\Local\Temp\jna-2125611834\jna15726012044105555662.dll

Deoptimization events (20 events):
Event: 9.112 Thread 0x00000255feb2cbb0 Uncommon trap: trap_request=0xffffff45 fr.pc=0x00000255acd565dc relative=0x000000000000019c
Event: 9.112 Thread 0x00000255feb2cbb0 Uncommon trap: reason=unstable_if action=reinterpret pc=0x00000255acd565dc method=java.util.concurrent.ConcurrentHashMap.get(Ljava/lang/Object;)Ljava/lang/Object; @ 152 c2
Event: 9.112 Thread 0x00000255feb2cbb0 DEOPT PACKING pc=0x00000255acd565dc sp=0x000000b15b8fe5c0
Event: 9.112 Thread 0x00000255feb2cbb0 DEOPT UNPACKING pc=0x00000255ac603aa2 sp=0x000000b15b8fe538 mode 2
Event: 9.112 Thread 0x00000255feb2cbb0 Uncommon trap: trap_request=0xffffffde fr.pc=0x00000255ace0d52c relative=0x0000000000000b4c
Event: 9.112 Thread 0x00000255feb2cbb0 Uncommon trap: reason=class_check action=maybe_recompile pc=0x00000255ace0d52c method=java.util.concurrent.ConcurrentHashMap.putVal(Ljava/lang/Object;Ljava/lang/Object;Z)Ljava/lang/Object; @ 242 c2
Event: 9.112 Thread 0x00000255feb2cbb0 DEOPT PACKING pc=0x00000255ace0d52c sp=0x000000b15b8fe500
Event: 9.112 Thread 0x00000255feb2cbb0 DEOPT UNPACKING pc=0x00000255ac603aa2 sp=0x000000b15b8fe470 mode 2
Event: 9.112 Thread 0x00000255feb2cbb0 Uncommon trap: trap_request=0xffffffde fr.pc=0x00000255ace0d52c relative=0x0000000000000b4c
Event: 9.112 Thread 0x00000255feb2cbb0 Uncommon trap: reason=class_check action=maybe_recompile pc=0x00000255ace0d52c method=java.util.concurrent.ConcurrentHashMap.putVal(Ljava/lang/Object;Ljava/lang/Object;Z)Ljava/lang/Object; @ 242 c2
Event: 9.112 Thread 0x00000255feb2cbb0 DEOPT PACKING pc=0x00000255ace0d52c sp=0x000000b15b8fe490
Event: 9.112 Thread 0x00000255feb2cbb0 DEOPT UNPACKING pc=0x00000255ac603aa2 sp=0x000000b15b8fe400 mode 2
Event: 9.112 Thread 0x00000255feb2cbb0 Uncommon trap: trap_request=0xffffffde fr.pc=0x00000255ace0d52c relative=0x0000000000000b4c
Event: 9.112 Thread 0x00000255feb2cbb0 Uncommon trap: reason=class_check action=maybe_recompile pc=0x00000255ace0d52c method=java.util.concurrent.ConcurrentHashMap.putVal(Ljava/lang/Object;Ljava/lang/Object;Z)Ljava/lang/Object; @ 242 c2
Event: 9.112 Thread 0x00000255feb2cbb0 DEOPT PACKING pc=0x00000255ace0d52c sp=0x000000b15b8fe410
Event: 9.112 Thread 0x00000255feb2cbb0 DEOPT UNPACKING pc=0x00000255ac603aa2 sp=0x000000b15b8fe380 mode 2
Event: 9.344 Thread 0x00000255fd4d1010 Uncommon trap: trap_request=0xffffff45 fr.pc=0x00000255acda19b8 relative=0x0000000000000098
Event: 9.344 Thread 0x00000255fd4d1010 Uncommon trap: reason=unstable_if action=reinterpret pc=0x00000255acda19b8 method=java.util.Hashtable$Enumerator.nextElement()Ljava/lang/Object; @ 87 c2
Event: 9.344 Thread 0x00000255fd4d1010 DEOPT PACKING pc=0x00000255acda19b8 sp=0x000000b159cfeb80
Event: 9.344 Thread 0x00000255fd4d1010 DEOPT UNPACKING pc=0x00000255ac603aa2 sp=0x000000b159cfeb00 mode 2

Classes loaded (20 events):
Event: 7.950 Loading class java/util/concurrent/CompletableFuture$UniApply
Event: 7.950 Loading class java/util/concurrent/CompletableFuture$UniCompletion
Event: 7.950 Loading class java/util/concurrent/CompletableFuture$UniCompletion done
Event: 7.950 Loading class java/util/concurrent/CompletableFuture$UniApply done
Event: 7.961 Loading class java/util/concurrent/CancellationException
Event: 7.962 Loading class java/util/concurrent/CancellationException done
Event: 7.963 Loading class java/util/concurrent/CompletableFuture$UniAccept
Event: 7.963 Loading class java/util/concurrent/CompletableFuture$UniAccept done
Event: 7.963 Loading class java/util/concurrent/CompletableFuture$UniExceptionally
Event: 7.964 Loading class java/util/concurrent/CompletableFuture$UniExceptionally done
Event: 8.380 Loading class java/io/FileReader
Event: 8.380 Loading class java/io/FileReader done
Event: 8.381 Loading class java/lang/UnsupportedClassVersionError
Event: 8.382 Loading class java/lang/UnsupportedClassVersionError done
Event: 8.482 Loading class java/util/stream/ReduceOps$4
Event: 8.483 Loading class java/util/stream/ReduceOps$4 done
Event: 8.483 Loading class java/util/stream/ReduceOps$4ReducingSink
Event: 8.483 Loading class java/util/stream/ReduceOps$4ReducingSink done
Event: 8.616 Loading class java/util/regex/Pattern$Pos
Event: 8.616 Loading class java/util/regex/Pattern$Pos done

Classes unloaded (7 events):
Event: 2.012 Thread 0x00000255a200e9d0 Unloading class 0x00000255ba18c800 'java/lang/invoke/LambdaForm$MH+0x00000255ba18c800'
Event: 2.012 Thread 0x00000255a200e9d0 Unloading class 0x00000255ba18c400 'java/lang/invoke/LambdaForm$MH+0x00000255ba18c400'
Event: 2.012 Thread 0x00000255a200e9d0 Unloading class 0x00000255ba18c000 'java/lang/invoke/LambdaForm$MH+0x00000255ba18c000'
Event: 2.012 Thread 0x00000255a200e9d0 Unloading class 0x00000255ba18bc00 'java/lang/invoke/LambdaForm$MH+0x00000255ba18bc00'
Event: 2.012 Thread 0x00000255a200e9d0 Unloading class 0x00000255ba18b800 'java/lang/invoke/LambdaForm$BMH+0x00000255ba18b800'
Event: 2.012 Thread 0x00000255a200e9d0 Unloading class 0x00000255ba18b400 'java/lang/invoke/LambdaForm$DMH+0x00000255ba18b400'
Event: 2.012 Thread 0x00000255a200e9d0 Unloading class 0x00000255ba18a000 'java/lang/invoke/LambdaForm$DMH+0x00000255ba18a000'

Classes redefined (0 events):
No events

Internal exceptions (20 events):
Event: 5.716 Thread 0x00000255feb2df60 Exception <a 'java/lang/NoSuchMethodError'{0x00000000d63cb858}: 'int java.lang.invoke.DirectMethodHandle$Holder.invokeStaticInit(java.lang.Object, double, double)'> (0x00000000d63cb858) 
thrown [s\src\hotspot\share\interpreter\linkResolver.cpp, line 773]
Event: 5.716 Thread 0x00000255feb2df60 Exception <a 'java/lang/NoSuchMethodError'{0x00000000d63d0300}: 'int java.lang.invoke.DirectMethodHandle$Holder.invokeStatic(java.lang.Object, long)'> (0x00000000d63d0300) 
thrown [s\src\hotspot\share\interpreter\linkResolver.cpp, line 773]
Event: 5.718 Thread 0x00000255feb2df60 Exception <a 'java/lang/NoSuchMethodError'{0x00000000d63ef2e0}: 'int java.lang.invoke.Invokers$Holder.linkToTargetMethod(java.lang.Object, java.lang.Object)'> (0x00000000d63ef2e0) 
thrown [s\src\hotspot\share\interpreter\linkResolver.cpp, line 773]
Event: 7.948 Thread 0x00000255feb2df60 Exception <a 'java/lang/IncompatibleClassChangeError'{0x00000000d62865f0}: Found class java.lang.Object, but interface was expected> (0x00000000d62865f0) 
thrown [s\src\hotspot\share\interpreter\linkResolver.cpp, line 840]
Event: 7.964 Thread 0x00000255feb2df60 Exception <a 'java/lang/IncompatibleClassChangeError'{0x00000000d62c5628}: Found class java.lang.Object, but interface was expected> (0x00000000d62c5628) 
thrown [s\src\hotspot\share\interpreter\linkResolver.cpp, line 840]
Event: 8.347 Thread 0x00000255fd4d1010 Exception <a 'java/lang/NoSuchMethodError'{0x00000000d635b7b0}: 'java.lang.Object java.lang.invoke.DirectMethodHandle$Holder.invokeSpecial(java.lang.Object, java.lang.Object, int, long)'> (0x00000000d635b7b0) 
thrown [s\src\hotspot\share\interpreter\linkResolver.cpp, line 773]
Event: 8.361 Thread 0x00000255feb2cbb0 Implicit null exception at 0x00000255acd5383d to 0x00000255acd538c1
Event: 8.361 Thread 0x00000255feb2b170 Exception <a 'java/lang/ArrayIndexOutOfBoundsException'{0x00000000d64bb720}: Index 1254 out of bounds for length 1253> (0x00000000d64bb720) 
thrown [s\src\hotspot\share\interpreter\interpreterRuntime.cpp, line 439]
Event: 8.397 Thread 0x00000255feb2cbb0 Exception <a 'java/lang/NoSuchMethodError'{0x00000000d66a9298}: 'int java.lang.invoke.Invokers$Holder.invokeExact_MT(java.lang.Object, java.lang.Object)'> (0x00000000d66a9298) 
thrown [s\src\hotspot\share\interpreter\linkResolver.cpp, line 773]
Event: 8.430 Thread 0x00000255feb2cbb0 Exception <a 'java/lang/NoSuchMethodError'{0x00000000d6859548}: 'int java.lang.invoke.DirectMethodHandle$Holder.invokeInterface(java.lang.Object, java.lang.Object)'> (0x00000000d6859548) 
thrown [s\src\hotspot\share\interpreter\linkResolver.cpp, line 773]
Event: 8.431 Thread 0x00000255feb2cbb0 Exception <a 'java/lang/IncompatibleClassChangeError'{0x00000000d685c808}: Found class java.lang.Object, but interface was expected> (0x00000000d685c808) 
thrown [s\src\hotspot\share\interpreter\linkResolver.cpp, line 840]
Event: 8.486 Thread 0x00000255feb2cbb0 Exception <a 'java/lang/NoSuchMethodError'{0x00000000d565ea38}: 'int java.lang.invoke.DirectMethodHandle$Holder.invokeSpecialIFC(java.lang.Object, java.lang.Object, java.lang.Object)'> (0x00000000d565ea38) 
thrown [s\src\hotspot\share\interpreter\linkResolver.cpp, line 773]
Event: 8.501 Thread 0x00000255feb2cbb0 Exception <a 'java/io/FileNotFoundException'{0x00000000d5715958}> (0x00000000d5715958) 
thrown [s\src\hotspot\share\prims\jni.cpp, line 520]
Event: 8.501 Thread 0x00000255feb2cbb0 Exception <a 'java/io/FileNotFoundException'{0x00000000d57169b0}> (0x00000000d57169b0) 
thrown [s\src\hotspot\share\prims\jni.cpp, line 520]
Event: 8.642 Thread 0x00000255feb2cbb0 Exception <a 'java/lang/NoSuchMethodError'{0x00000000d5edfec0}: 'java.lang.Object java.lang.invoke.DirectMethodHandle$Holder.invokeStatic(java.lang.Object, java.lang.Object, int, int)'> (0x00000000d5edfec0) 
thrown [s\src\hotspot\share\interpreter\linkResolver.cpp, line 773]
Event: 8.642 Thread 0x00000255feb2cbb0 Exception <a 'java/lang/NoSuchMethodError'{0x00000000d5ee41d0}: 'java.lang.Object java.lang.invoke.DirectMethodHandle$Holder.invokeSpecial(java.lang.Object, java.lang.Object, java.lang.Object, int, int)'> (0x00000000d5ee41d0) 
thrown [s\src\hotspot\share\interpreter\linkResolver.cpp, line 773]
Event: 8.722 Thread 0x00000255feb2cbb0 Exception <a 'java/lang/NoSuchMethodError'{0x00000000d64d4c20}: 'void java.lang.invoke.DirectMethodHandle$Holder.invokeVirtual(java.lang.Object, java.lang.Object, java.lang.Object, java.lang.Object, java.lang.Object)'> (0x00000000d64d4c20) 
thrown [s\src\hotspot\share\interpreter\linkResolver.cpp, line 773]
Event: 9.360 Thread 0x00000255fd4d1010 Exception <a 'java/io/FileNotFoundException'{0x00000000d5a57eb0}> (0x00000000d5a57eb0) 
thrown [s\src\hotspot\share\prims\jni.cpp, line 520]
Event: 9.413 Thread 0x00000255fd4d1010 Exception <a 'java/io/FileNotFoundException'{0x00000000d5a591c0}> (0x00000000d5a591c0) 
thrown [s\src\hotspot\share\prims\jni.cpp, line 520]
Event: 9.413 Thread 0x00000255fd4d1010 Exception <a 'java/io/FileNotFoundException'{0x00000000d5a59f88}> (0x00000000d5a59f88) 
thrown [s\src\hotspot\share\prims\jni.cpp, line 520]

ZGC Phase Switch (0 events):
No events

VM Operations (20 events):
Event: 7.668 Executing VM operation: CollectForMetadataAllocation (Metadata GC Threshold)
Event: 7.717 Executing VM operation: CollectForMetadataAllocation (Metadata GC Threshold) done
Event: 8.465 Executing VM operation: ParallelGCFailedAllocation (Allocation Failure)
Event: 8.467 Executing VM operation: ParallelGCFailedAllocation (Allocation Failure) done
Event: 8.490 Executing VM operation: HandshakeAllThreads (Deoptimize)
Event: 8.490 Executing VM operation: HandshakeAllThreads (Deoptimize) done
Event: 8.534 Executing VM operation: HandshakeAllThreads (Deoptimize)
Event: 8.535 Executing VM operation: HandshakeAllThreads (Deoptimize) done
Event: 8.551 Executing VM operation: HandshakeAllThreads (Deoptimize)
Event: 8.551 Executing VM operation: HandshakeAllThreads (Deoptimize) done
Event: 8.617 Executing VM operation: HandshakeAllThreads (Deoptimize)
Event: 8.617 Executing VM operation: HandshakeAllThreads (Deoptimize) done
Event: 8.726 Executing VM operation: HandshakeAllThreads (Deoptimize)
Event: 8.726 Executing VM operation: HandshakeAllThreads (Deoptimize) done
Event: 8.766 Executing VM operation: ParallelGCFailedAllocation (Allocation Failure)
Event: 8.769 Executing VM operation: ParallelGCFailedAllocation (Allocation Failure) done
Event: 8.810 Executing VM operation: ParallelGCFailedAllocation (Allocation Failure)
Event: 8.812 Executing VM operation: ParallelGCFailedAllocation (Allocation Failure) done
Event: 9.105 Executing VM operation: ParallelGCFailedAllocation (Allocation Failure)
Event: 9.107 Executing VM operation: ParallelGCFailedAllocation (Allocation Failure) done

Memory protections (0 events):
No events

Nmethod flushes (20 events):
Event: 7.696 Thread 0x00000255a200e9d0 flushing  nmethod 0x00000255a548a990
Event: 7.696 Thread 0x00000255a200e9d0 flushing  nmethod 0x00000255a5492c10
Event: 7.696 Thread 0x00000255a200e9d0 flushing  nmethod 0x00000255a54a8810
Event: 7.696 Thread 0x00000255a200e9d0 flushing  nmethod 0x00000255a54b6d10
Event: 7.696 Thread 0x00000255a200e9d0 flushing  nmethod 0x00000255a54b9510
Event: 7.696 Thread 0x00000255a200e9d0 flushing  nmethod 0x00000255a54e5b10
Event: 7.696 Thread 0x00000255a200e9d0 flushing  nmethod 0x00000255a54e5e10
Event: 7.696 Thread 0x00000255a200e9d0 flushing  nmethod 0x00000255a54f4290
Event: 7.696 Thread 0x00000255a200e9d0 flushing  nmethod 0x00000255a54fdd90
Event: 7.696 Thread 0x00000255a200e9d0 flushing  nmethod 0x00000255a5544d10
Event: 7.696 Thread 0x00000255a200e9d0 flushing  nmethod 0x00000255a55c0310
Event: 7.696 Thread 0x00000255a200e9d0 flushing  nmethod 0x00000255a55c0790
Event: 7.696 Thread 0x00000255a200e9d0 flushing  nmethod 0x00000255a55fcd90
Event: 7.696 Thread 0x00000255a200e9d0 flushing  nmethod 0x00000255a55fd790
Event: 7.696 Thread 0x00000255a200e9d0 flushing  nmethod 0x00000255a5602090
Event: 7.696 Thread 0x00000255a200e9d0 flushing  nmethod 0x00000255a5638a90
Event: 7.696 Thread 0x00000255a200e9d0 flushing  nmethod 0x00000255a563d590
Event: 7.696 Thread 0x00000255a200e9d0 flushing  nmethod 0x00000255a563e010
Event: 7.696 Thread 0x00000255a200e9d0 flushing  nmethod 0x00000255a567c110
Event: 7.696 Thread 0x00000255a200e9d0 flushing  nmethod 0x00000255a5695310

Events (20 events):
Event: 3.121 Thread 0x00000255a1f6e880 Thread added: 0x00000255fd4cfc60
Event: 3.121 Thread 0x00000255a1f6e880 Thread added: 0x00000255fd4d02f0
Event: 3.121 Thread 0x00000255a1f6e880 Thread added: 0x00000255fd4d0980
Event: 3.122 Thread 0x00000255a1f6e880 Thread added: 0x00000255fd4d23c0
Event: 3.122 Thread 0x00000255a1f6e880 Thread added: 0x00000255feb2a450
Event: 3.122 Thread 0x00000255a1f6e880 Thread added: 0x00000255feb29730
Event: 3.122 Thread 0x00000255a1f6e880 Thread added: 0x00000255feb28380
Event: 3.122 Thread 0x00000255a1f6e880 Thread added: 0x00000255feb290a0
Event: 3.122 Thread 0x00000255a1f6e880 Thread added: 0x00000255feb28a10
Event: 3.122 Thread 0x00000255a1f6e880 Thread added: 0x00000255feb29dc0
Event: 3.122 Thread 0x00000255a1f6e880 Thread added: 0x00000255feb26fd0
Event: 3.122 Thread 0x00000255a1f6e880 Thread added: 0x00000255feb27cf0
Event: 3.122 Thread 0x00000255a1f6e880 Thread added: 0x00000255feb2aae0
Event: 3.236 Thread 0x00000255fd4d1010 Thread added: 0x00000255feb2c520
Event: 3.259 Thread 0x00000255a1f6e880 Thread added: 0x00000255feb2e5f0
Event: 3.411 Thread 0x00000255a1f6e880 Thread added: 0x00000255feb2d8d0
Event: 3.411 Thread 0x00000255a1f6e880 Thread added: 0x00000255feb2df60
Event: 6.725 Thread 0x00000255fcfcbf70 Thread exited: 0x00000255fcfcbf70
Event: 7.963 Thread 0x00000255feb2df60 Thread added: 0x00000255feb2b170
Event: 7.965 Thread 0x00000255feb2df60 Thread added: 0x00000255feb2cbb0


Dynamic libraries:
0x00007ff6a7e40000 - 0x00007ff6a7e4e000 	c:\Users\ASUS ROG STRIX\.vscode\extensions\redhat.java-1.45.0-win32-x64\jre\21.0.8-win32-x86_64\bin\java.exe
0x00007ff9dbd80000 - 0x00007ff9dbfe3000 	C:\WINDOWS\SYSTEM32\ntdll.dll
0x00007ff9d9e20000 - 0x00007ff9d9ee8000 	C:\WINDOWS\System32\KERNEL32.DLL
0x00007ff9d95a0000 - 0x00007ff9d9952000 	C:\WINDOWS\System32\KERNELBASE.dll
0x00007ff9d9200000 - 0x00007ff9d934b000 	C:\WINDOWS\System32\ucrtbase.dll
0x00007ff9cebd0000 - 0x00007ff9cebe8000 	c:\Users\ASUS ROG STRIX\.vscode\extensions\redhat.java-1.45.0-win32-x64\jre\21.0.8-win32-x86_64\bin\jli.dll
0x00007ff9ceba0000 - 0x00007ff9cebbe000 	c:\Users\ASUS ROG STRIX\.vscode\extensions\redhat.java-1.45.0-win32-x64\jre\21.0.8-win32-x86_64\bin\VCRUNTIME140.dll
0x00007ff9da020000 - 0x00007ff9da1e8000 	C:\WINDOWS\System32\USER32.dll
0x00007ff9d9350000 - 0x00007ff9d9377000 	C:\WINDOWS\System32\win32u.dll
0x00007ff9d9ff0000 - 0x00007ff9da01a000 	C:\WINDOWS\System32\GDI32.dll
0x00007ff9cacc0000 - 0x00007ff9caf50000 	C:\WINDOWS\WinSxS\amd64_microsoft.windows.common-controls_6595b64144ccf1df_6.0.26100.2454_none_3e0b68a2e331ad60\COMCTL32.dll
0x00007ff9d9960000 - 0x00007ff9d9a8b000 	C:\WINDOWS\System32\gdi32full.dll
0x00007ff9db3d0000 - 0x00007ff9db479000 	C:\WINDOWS\System32\msvcrt.dll
0x00007ff9d9150000 - 0x00007ff9d91f3000 	C:\WINDOWS\System32\msvcp_win.dll
0x00007ff9d9f20000 - 0x00007ff9d9f4f000 	C:\WINDOWS\System32\IMM32.DLL
0x00007ff9ceb90000 - 0x00007ff9ceb9c000 	c:\Users\ASUS ROG STRIX\.vscode\extensions\redhat.java-1.45.0-win32-x64\jre\21.0.8-win32-x86_64\bin\vcruntime140_1.dll
0x00007ff983180000 - 0x00007ff98320d000 	c:\Users\ASUS ROG STRIX\.vscode\extensions\redhat.java-1.45.0-win32-x64\jre\21.0.8-win32-x86_64\bin\msvcp140.dll
0x00007ff8f2100000 - 0x00007ff8f2e97000 	c:\Users\ASUS ROG STRIX\.vscode\extensions\redhat.java-1.45.0-win32-x64\jre\21.0.8-win32-x86_64\bin\server\jvm.dll
0x00007ff9d9bf0000 - 0x00007ff9d9ca4000 	C:\WINDOWS\System32\ADVAPI32.dll
0x00007ff9dbc90000 - 0x00007ff9dbd36000 	C:\WINDOWS\System32\sechost.dll
0x00007ff9dbb70000 - 0x00007ff9dbc86000 	C:\WINDOWS\System32\RPCRT4.dll
0x00007ff9db760000 - 0x00007ff9db7d4000 	C:\WINDOWS\System32\WS2_32.dll
0x00007ff9d8fe0000 - 0x00007ff9d902e000 	C:\WINDOWS\SYSTEM32\POWRPROF.dll
0x00007ff9cd790000 - 0x00007ff9cd7c6000 	C:\WINDOWS\SYSTEM32\WINMM.dll
0x00007ff9d0400000 - 0x00007ff9d040b000 	C:\WINDOWS\SYSTEM32\VERSION.dll
0x00007ff9d8fc0000 - 0x00007ff9d8fd4000 	C:\WINDOWS\SYSTEM32\UMPDC.dll
0x00007ff9d7f50000 - 0x00007ff9d7f6a000 	C:\WINDOWS\SYSTEM32\kernel.appcore.dll
0x00007ff9ceb80000 - 0x00007ff9ceb8a000 	c:\Users\ASUS ROG STRIX\.vscode\extensions\redhat.java-1.45.0-win32-x64\jre\21.0.8-win32-x86_64\bin\jimage.dll
0x00007ff9d6980000 - 0x00007ff9d6bc1000 	C:\WINDOWS\SYSTEM32\DBGHELP.DLL
0x00007ff9db7e0000 - 0x00007ff9dbb5e000 	C:\WINDOWS\System32\combase.dll
0x00007ff9db480000 - 0x00007ff9db556000 	C:\WINDOWS\System32\OLEAUT32.dll
0x00007ff9b8ef0000 - 0x00007ff9b8f29000 	C:\WINDOWS\SYSTEM32\dbgcore.DLL
0x00007ff9d9500000 - 0x00007ff9d9599000 	C:\WINDOWS\System32\bcryptPrimitives.dll
0x00007ff9ceb70000 - 0x00007ff9ceb7f000 	c:\Users\ASUS ROG STRIX\.vscode\extensions\redhat.java-1.45.0-win32-x64\jre\21.0.8-win32-x86_64\bin\instrument.dll
0x00007ff9c4040000 - 0x00007ff9c405f000 	c:\Users\ASUS ROG STRIX\.vscode\extensions\redhat.java-1.45.0-win32-x64\jre\21.0.8-win32-x86_64\bin\java.dll
0x00007ff9da830000 - 0x00007ff9daf31000 	C:\WINDOWS\System32\SHELL32.dll
0x00007ff9d6e20000 - 0x00007ff9d7651000 	C:\WINDOWS\SYSTEM32\windows.storage.dll
0x00007ff9db680000 - 0x00007ff9db75a000 	C:\WINDOWS\System32\SHCORE.dll
0x00007ff9db560000 - 0x00007ff9db5bd000 	C:\WINDOWS\System32\shlwapi.dll
0x00007ff9d9060000 - 0x00007ff9d908e000 	C:\WINDOWS\SYSTEM32\profapi.dll
0x00007ff9afdf0000 - 0x00007ff9afe08000 	c:\Users\ASUS ROG STRIX\.vscode\extensions\redhat.java-1.45.0-win32-x64\jre\21.0.8-win32-x86_64\bin\zip.dll
0x00007ff9c5f50000 - 0x00007ff9c5f60000 	C:\Users\ASUS ROG STRIX\.vscode\extensions\redhat.java-1.45.0-win32-x64\jre\21.0.8-win32-x86_64\bin\net.dll
0x00007ff9d47d0000 - 0x00007ff9d48f6000 	C:\WINDOWS\SYSTEM32\WINHTTP.dll
0x00007ff9d8430000 - 0x00007ff9d8498000 	C:\WINDOWS\system32\mswsock.dll
0x00007ff9a5480000 - 0x00007ff9a5496000 	C:\Users\ASUS ROG STRIX\.vscode\extensions\redhat.java-1.45.0-win32-x64\jre\21.0.8-win32-x86_64\bin\nio.dll
0x00007ff9c5e50000 - 0x00007ff9c5e60000 	c:\Users\ASUS ROG STRIX\.vscode\extensions\redhat.java-1.45.0-win32-x64\jre\21.0.8-win32-x86_64\bin\verify.dll
0x00007ff999000000 - 0x00007ff999044000 	C:\Users\ASUS ROG STRIX\AppData\Roaming\Code\User\globalStorage\redhat.java\1.45.0\config_ss_win\org.eclipse.equinox.launcher\org.eclipse.equinox.launcher.win32.win32.x86_64_1.2.1400.v20250801-0854\eclipse_11916.dll
0x00007ff9da1f0000 - 0x00007ff9da389000 	C:\WINDOWS\System32\ole32.dll
0x00007ff9d8770000 - 0x00007ff9d878c000 	C:\WINDOWS\SYSTEM32\CRYPTSP.dll
0x00007ff9d7eb0000 - 0x00007ff9d7ee8000 	C:\WINDOWS\system32\rsaenh.dll
0x00007ff9d84d0000 - 0x00007ff9d84fb000 	C:\WINDOWS\SYSTEM32\USERENV.dll
0x00007ff9d8900000 - 0x00007ff9d8926000 	C:\WINDOWS\SYSTEM32\bcrypt.dll
0x00007ff9d8660000 - 0x00007ff9d866c000 	C:\WINDOWS\SYSTEM32\CRYPTBASE.dll
0x00007ff9d79c0000 - 0x00007ff9d79f2000 	C:\WINDOWS\SYSTEM32\IPHLPAPI.DLL
0x00007ff9da650000 - 0x00007ff9da65a000 	C:\WINDOWS\System32\NSI.dll
0x00007ff983130000 - 0x00007ff983179000 	C:\Users\ASUS ROG STRIX\AppData\Local\Temp\jna-2125611834\jna15726012044105555662.dll
0x00007ff9da480000 - 0x00007ff9da488000 	C:\WINDOWS\System32\PSAPI.DLL
0x00007ff9d4c40000 - 0x00007ff9d4c5e000 	C:\WINDOWS\SYSTEM32\dhcpcsvc6.DLL
0x00007ff9d4ba0000 - 0x00007ff9d4bc5000 	C:\WINDOWS\SYSTEM32\dhcpcsvc.DLL

JVMTI agents:
c:\Users\ASUS ROG STRIX\.vscode\extensions\redhat.java-1.45.0-win32-x64\lombok\lombok-1.18.39-4050.jar path:c:\Users\ASUS ROG STRIX\.vscode\extensions\redhat.java-1.45.0-win32-x64\jre\21.0.8-win32-x86_64\bin\instrument.dll, loaded, initialized, instrumentlib options:none

dbghelp: loaded successfully - version: 4.0.5 - missing functions: none
symbol engine: initialized successfully - sym options: 0x614 - pdb path: .;c:\Users\ASUS ROG STRIX\.vscode\extensions\redhat.java-1.45.0-win32-x64\jre\21.0.8-win32-x86_64\bin;C:\WINDOWS\SYSTEM32;C:\WINDOWS\WinSxS\amd64_microsoft.windows.common-controls_6595b64144ccf1df_6.0.26100.2454_none_3e0b68a2e331ad60;c:\Users\ASUS ROG STRIX\.vscode\extensions\redhat.java-1.45.0-win32-x64\jre\21.0.8-win32-x86_64\bin\server;C:\Users\ASUS ROG STRIX\AppData\Roaming\Code\User\globalStorage\redhat.java\1.45.0\config_ss_win\org.eclipse.equinox.launcher\org.eclipse.equinox.launcher.win32.win32.x86_64_1.2.1400.v20250801-0854;C:\Users\ASUS ROG STRIX\AppData\Local\Temp\jna-2125611834

VM Arguments:
jvm_args: --add-modules=ALL-SYSTEM --add-opens=java.base/java.util=ALL-UNNAMED --add-opens=java.base/java.lang=ALL-UNNAMED --add-opens=java.base/sun.nio.fs=ALL-UNNAMED -Declipse.application=org.eclipse.jdt.ls.core.id1 -Dosgi.bundles.defaultStartLevel=4 -Declipse.product=org.eclipse.jdt.ls.core.product -Djava.import.generatesMetadataFilesAtProjectRoot=false -DDetectVMInstallationsJob.disabled=true -Dfile.encoding=utf8 -XX:+UseParallelGC -XX:GCTimeRatio=4 -XX:AdaptiveSizePolicyWeight=90 -Dsun.zip.disableMemoryMapping=true -Xmx2G -Xms100m -Xlog:disable -javaagent:c:\Users\ASUS ROG STRIX\.vscode\extensions\redhat.java-1.45.0-win32-x64\lombok\lombok-1.18.39-4050.jar 
java_command: c:\Users\ASUS ROG STRIX\.vscode\extensions\redhat.java-1.45.0-win32-x64\server\plugins\org.eclipse.equinox.launcher_1.7.0.v20250519-0528.jar -configuration c:\Users\ASUS ROG STRIX\AppData\Roaming\Code\User\globalStorage\redhat.java\1.45.0\config_ss_win -data c:\Users\ASUS ROG STRIX\AppData\Roaming\Code\User\workspaceStorage\a58f6db9953a595447d8a01323126710\redhat.java\ss_ws --pipe=\\.\pipe\lsp-2840aa03f7d0b7d66df5397453e68260-sock
java_class_path (initial): c:\Users\ASUS ROG STRIX\.vscode\extensions\redhat.java-1.45.0-win32-x64\server\plugins\org.eclipse.equinox.launcher_1.7.0.v20250519-0528.jar
Launcher Type: SUN_STANDARD

[Global flags]
    uintx AdaptiveSizePolicyWeight                 = 90                                        {product} {command line}
     intx CICompilerCount                          = 12                                        {product} {ergonomic}
    uintx GCTimeRatio                              = 4                                         {product} {command line}
   size_t InitialHeapSize                          = 104857600                                 {product} {command line}
   size_t MaxHeapSize                              = 2147483648                                {product} {command line}
   size_t MaxNewSize                               = 715653120                                 {product} {ergonomic}
   size_t MinHeapDeltaBytes                        = 524288                                    {product} {ergonomic}
   size_t MinHeapSize                              = 104857600                                 {product} {command line}
   size_t NewSize                                  = 34603008                                  {product} {ergonomic}
    uintx NonNMethodCodeHeapSize                   = 7602480                                {pd product} {ergonomic}
    uintx NonProfiledCodeHeapSize                  = 122027880                              {pd product} {ergonomic}
   size_t OldSize                                  = 70254592                                  {product} {ergonomic}
    uintx ProfiledCodeHeapSize                     = 122027880                              {pd product} {ergonomic}
    uintx ReservedCodeCacheSize                    = 251658240                              {pd product} {ergonomic}
     bool SegmentedCodeCache                       = true                                      {product} {ergonomic}
   size_t SoftMaxHeapSize                          = 2147483648                             {manageable} {ergonomic}
     bool UseCompressedOops                        = true                           {product lp64_product} {ergonomic}
     bool UseLargePagesIndividualAllocation        = false                                  {pd product} {ergonomic}
     bool UseParallelGC                            = true                                      {product} {command line}

Logging:
Log output configuration:
 #0: stdout all=off uptime,level,tags foldmultilines=false
 #1: stderr all=off uptime,level,tags foldmultilines=false

Environment Variables:
PATH=C:\Python312\Scripts\;C:\Python312\;C:\Program Files\Common Files\Oracle\Java\javapath;C:\Program Files (x86)\Common Files\Oracle\Java\javapath;C:\WINDOWS\system32;C:\WINDOWS;C:\WINDOWS\System32\Wbem;C:\WINDOWS\System32\WindowsPowerShell\v1.0\;C:\WINDOWS\System32\OpenSSH\;C:\Program Files (x86)\NVIDIA Corporation\PhysX\Common;C:\Program Files\NVIDIA Corporation\NVIDIA app\NvDLISR;C:\Program Files\nodejs\;C:\ProgramData\chocolatey\bin;C:\Program Files\dotnet\;C:\Program Files\Docker\Docker\resources\bin;C:\Program Files (x86)\Maono\Maono Link 3;C:\Program Files\Git\cmd;C:\Program Files\Go\bin;C:\Users\ASUS ROG STRIX\AppData\Local\Microsoft\WindowsApps;C:\Users\ASUS ROG STRIX\AppData\Local\Programs\Microsoft VS Code\bin;C:\Program Files\JetBrains\IntelliJ IDEA 2024.1\bin;;C:\Users\ASUS ROG STRIX\AppData\Roaming\npm;C:\Users\ASUS ROG STRIX\go\bin;C:\Apache\apache-maven-3.9.11\bin;C:\cassandra\apache-cassandra-5.0.5\bin;
USERNAME=ASUS ROG STRIX
OS=Windows_NT
PROCESSOR_IDENTIFIER=AMD64 Family 25 Model 68 Stepping 1, AuthenticAMD
TMP=C:\Users\ASUSRO~1\AppData\Local\Temp
TEMP=C:\Users\ASUSRO~1\AppData\Local\Temp




Periodic native trim disabled

---------------  S Y S T E M  ---------------

OS:
 Windows 11 , 64 bit Build 26100 (10.0.26100.2454)
OS uptime: 2 days 10:15 hours
Hyper-V role detected

CPU: total 16 (initial active 16) (16 cores per cpu, 2 threads per core) family 25 model 68 stepping 1 microcode 0xa404102, cx8, cmov, fxsr, ht, mmx, 3dnowpref, sse, sse2, sse3, ssse3, sse4a, sse4.1, sse4.2, popcnt, lzcnt, tsc, tscinvbit, avx, avx2, aes, erms, clmul, bmi1, bmi2, adx, sha, fma, vzeroupper, clflush, clflushopt, hv, rdtscp, rdpid, fsrm, f16c, cet_ss
Processor Information for processor 0
  Max Mhz: 3201, Current Mhz: 3201, Mhz Limit: 3201
Processor Information for processor 1
  Max Mhz: 3201, Current Mhz: 2566, Mhz Limit: 3201
Processor Information for processor 2
  Max Mhz: 3201, Current Mhz: 3201, Mhz Limit: 3201
Processor Information for processor 3
  Max Mhz: 3201, Current Mhz: 2566, Mhz Limit: 3201
Processor Information for processor 4
  Max Mhz: 3201, Current Mhz: 2566, Mhz Limit: 3201
Processor Information for processor 5
  Max Mhz: 3201, Current Mhz: 3201, Mhz Limit: 3201
Processor Information for processor 6
  Max Mhz: 3201, Current Mhz: 3201, Mhz Limit: 3201
Processor Information for processor 7
  Max Mhz: 3201, Current Mhz: 2566, Mhz Limit: 3201
Processor Information for processor 8
  Max Mhz: 3201, Current Mhz: 3201, Mhz Limit: 3201
Processor Information for processor 9
  Max Mhz: 3201, Current Mhz: 2566, Mhz Limit: 3201
Processor Information for processor 10
  Max Mhz: 3201, Current Mhz: 3201, Mhz Limit: 3201
Processor Information for processor 11
  Max Mhz: 3201, Current Mhz: 2566, Mhz Limit: 3201
Processor Information for processor 12
  Max Mhz: 3201, Current Mhz: 2566, Mhz Limit: 3201
Processor Information for processor 13
  Max Mhz: 3201, Current Mhz: 2566, Mhz Limit: 3201
Processor Information for processor 14
  Max Mhz: 3201, Current Mhz: 3201, Mhz Limit: 3201
Processor Information for processor 15
  Max Mhz: 3201, Current Mhz: 2566, Mhz Limit: 3201

Memory: 4k page, system-wide physical 15628M (55M free)
TotalPageFile size 44518M (AvailPageFile size 5M)
current process WorkingSet (physical memory assigned to process): 21M, peak: 174M
current process commit charge ("private bytes"): 324M, peak: 326M

vm_info: OpenJDK 64-Bit Server VM (21.0.8+9-LTS) for windows-amd64 JRE (21.0.8+9-LTS), built on 2025-07-15T00:00:00Z by "admin" with MS VC++ 17.7 (VS2022)

END.
