#
# There is insufficient memory for the Java Runtime Environment to continue.
# Native memory allocation (malloc) failed to allocate 919216 bytes. Error detail: Chunk::new
# Possible reasons:
#   The system is out of physical RAM or swap space
#   This process is running with CompressedOops enabled, and the Java Heap may be blocking the growth of the native heap
# Possible solutions:
#   Reduce memory load on the system
#   Increase physical memory or swap space
#   Check if swap backing store is full
#   Decrease Java heap size (-Xmx/-Xms)
#   Decrease number of Java threads
#   Decrease Java thread stack sizes (-Xss)
#   Set larger code cache with -XX:ReservedCodeCacheSize=
#   JVM is running with Unscaled Compressed Oops mode in which the Java heap is
#     placed in the first 4GB address space. The Java Heap base address is the
#     maximum limit for the native heap growth. Please use -XX:HeapBaseMinAddress
#     to set the Java Heap base and to place the Java Heap above 4GB virtual address.
# This output file may be truncated or incomplete.
#
#  Out of Memory Error (arena.cpp:168), pid=593404, tid=593744
#
# JRE version: OpenJDK Runtime Environment Temurin-21.0.8+9 (21.0.8+9) (build 21.0.8+9-LTS)
# Java VM: OpenJDK 64-Bit Server VM Temurin-21.0.8+9 (21.0.8+9-LTS, mixed mode, sharing, tiered, compressed oops, compressed class ptrs, parallel gc, windows-amd64)
# No core dump will be written. Minidumps are not enabled by default on client versions of Windows
#

---------------  S U M M A R Y ------------

Command Line: --add-modules=ALL-SYSTEM --add-opens=java.base/java.util=ALL-UNNAMED --add-opens=java.base/java.lang=ALL-UNNAMED --add-opens=java.base/sun.nio.fs=ALL-UNNAMED -Declipse.application=org.eclipse.jdt.ls.core.id1 -Dosgi.bundles.defaultStartLevel=4 -Declipse.product=org.eclipse.jdt.ls.core.product -Djava.import.generatesMetadataFilesAtProjectRoot=false -DDetectVMInstallationsJob.disabled=true -Dfile.encoding=utf8 -XX:+UseParallelGC -XX:GCTimeRatio=4 -XX:AdaptiveSizePolicyWeight=90 -Dsun.zip.disableMemoryMapping=true -Xmx2G -Xms100m -Xlog:disable -javaagent:c:\Users\ASUS ROG STRIX\.vscode\extensions\redhat.java-1.45.0-win32-x64\lombok\lombok-1.18.39-4050.jar c:\Users\ASUS ROG STRIX\.vscode\extensions\redhat.java-1.45.0-win32-x64\server\plugins\org.eclipse.equinox.launcher_1.7.0.v20250519-0528.jar -configuration c:\Users\ASUS ROG STRIX\AppData\Roaming\Code\User\globalStorage\redhat.java\1.45.0\config_ss_win -data c:\Users\ASUS ROG STRIX\AppData\Roaming\Code\User\workspaceStorage\a58f6db9953a595447d8a01323126710\redhat.java\ss_ws --pipe=\\.\pipe\lsp-279a2fc9c9b278e9de953bf3dd7d9445-sock

Host: AMD Ryzen 7 6800HS with Radeon Graphics         , 16 cores, 15G,  Windows 11 , 64 bit Build 26100 (10.0.26100.2454)
Time: Sun Sep  7 21:26:17 2025 Eastern Daylight Time elapsed time: 7.018286 seconds (0d 0h 0m 7s)

---------------  T H R E A D  ---------------

Current thread (0x00000211161a0f40):  JavaThread "C2 CompilerThread0" daemon [_thread_in_native, id=593744, stack(0x0000003e45800000,0x0000003e45900000) (1024K)]


Current CompileTask:
C2:7018 3447       4       org.eclipse.osgi.internal.loader.ModuleClassLoader::toString (80 bytes)

Stack: [0x0000003e45800000,0x0000003e45900000]
Native frames: (J=compiled Java code, j=interpreted, Vv=VM code, C=native code)
V  [jvm.dll+0x6d2449]
V  [jvm.dll+0x8ae341]
V  [jvm.dll+0x8b08be]
V  [jvm.dll+0x8b0fa3]
V  [jvm.dll+0x280c96]
V  [jvm.dll+0xc581d]
V  [jvm.dll+0xc5d53]
V  [jvm.dll+0x2f539d]
V  [jvm.dll+0x5fa00a]
V  [jvm.dll+0x252092]
V  [jvm.dll+0x25244f]
V  [jvm.dll+0x24ad14]
V  [jvm.dll+0x2483a4]
V  [jvm.dll+0x1c89ee]
V  [jvm.dll+0x257d4d]
V  [jvm.dll+0x2562ea]
V  [jvm.dll+0x3f2d16]
V  [jvm.dll+0x857e6b]
V  [jvm.dll+0x6d0b0d]
C  [ucrtbase.dll+0x14ea0]
C  [KERNEL32.DLL+0x2e8d7]
C  [ntdll.dll+0xdfbcc]


---------------  P R O C E S S  ---------------

Threads class SMR info:
_java_thread_list=0x000002111d0b3b30, length=41, elements={
0x00000210bd10cbd0, 0x0000021116188390, 0x00000210bd0bd870, 0x000002111618aa70,
0x000002111618b4c0, 0x000002111618e7a0, 0x0000021116193f80, 0x00000211161a0f40,
0x00000211161a4ff0, 0x000002111625ace0, 0x00000211164ccdc0, 0x000002111c432ac0,
0x000002111c69ebd0, 0x000002111c69f500, 0x000002111c867ac0, 0x000002111c814cf0,
0x000002111c8c0db0, 0x000002111c900820, 0x000002111c98e2b0, 0x000002111651d6e0,
0x000002111651e400, 0x000002111651b610, 0x000002111651dd70, 0x000002111651af80,
0x000002111651c330, 0x000002111651bca0, 0x000002111651c9c0, 0x000002111651d050,
0x000002111e4e0080, 0x000002111e4e0710, 0x000002111e4decd0, 0x000002111e4df9f0,
0x000002111e4de640, 0x000002111e4df360, 0x000002111e4dd920, 0x000002111e4e0da0,
0x000002111e4e1430, 0x000002111e4ddfb0, 0x000002111e4e3500, 0x000002111e4e2e70,
0x000002111e4e3b90
}

Java Threads: ( => current thread )
  0x00000210bd10cbd0 JavaThread "main"                              [_thread_blocked, id=593572, stack(0x0000003e44e00000,0x0000003e44f00000) (1024K)]
  0x0000021116188390 JavaThread "Reference Handler"          daemon [_thread_blocked, id=593720, stack(0x0000003e45200000,0x0000003e45300000) (1024K)]
  0x00000210bd0bd870 JavaThread "Finalizer"                  daemon [_thread_blocked, id=593724, stack(0x0000003e45300000,0x0000003e45400000) (1024K)]
  0x000002111618aa70 JavaThread "Signal Dispatcher"          daemon [_thread_blocked, id=593728, stack(0x0000003e45400000,0x0000003e45500000) (1024K)]
  0x000002111618b4c0 JavaThread "Attach Listener"            daemon [_thread_blocked, id=593732, stack(0x0000003e45500000,0x0000003e45600000) (1024K)]
  0x000002111618e7a0 JavaThread "Service Thread"             daemon [_thread_blocked, id=593736, stack(0x0000003e45600000,0x0000003e45700000) (1024K)]
  0x0000021116193f80 JavaThread "Monitor Deflation Thread"   daemon [_thread_blocked, id=593740, stack(0x0000003e45700000,0x0000003e45800000) (1024K)]
=>0x00000211161a0f40 JavaThread "C2 CompilerThread0"         daemon [_thread_in_native, id=593744, stack(0x0000003e45800000,0x0000003e45900000) (1024K)]
  0x00000211161a4ff0 JavaThread "C1 CompilerThread0"         daemon [_thread_blocked, id=593748, stack(0x0000003e45900000,0x0000003e45a00000) (1024K)]
  0x000002111625ace0 JavaThread "Common-Cleaner"             daemon [_thread_blocked, id=593760, stack(0x0000003e45a00000,0x0000003e45b00000) (1024K)]
  0x00000211164ccdc0 JavaThread "Notification Thread"        daemon [_thread_blocked, id=593900, stack(0x0000003e45b00000,0x0000003e45c00000) (1024K)]
  0x000002111c432ac0 JavaThread "Active Thread: Equinox Container: a350b9aa-9fc0-432f-ae8c-ff20020c9d49"        [_thread_blocked, id=585772, stack(0x0000003e46200000,0x0000003e46300000) (1024K)]
  0x000002111c69ebd0 JavaThread "Framework Event Dispatcher: Equinox Container: a350b9aa-9fc0-432f-ae8c-ff20020c9d49" daemon [_thread_blocked, id=588952, stack(0x0000003e46300000,0x0000003e46400000) (1024K)]
  0x000002111c69f500 JavaThread "Start Level: Equinox Container: a350b9aa-9fc0-432f-ae8c-ff20020c9d49" daemon [_thread_blocked, id=592920, stack(0x0000003e46400000,0x0000003e46500000) (1024K)]
  0x000002111c867ac0 JavaThread "SCR Component Actor"        daemon [_thread_blocked, id=584572, stack(0x0000003e46600000,0x0000003e46700000) (1024K)]
  0x000002111c814cf0 JavaThread "SCR Component Registry"     daemon [_thread_blocked, id=592384, stack(0x0000003e46700000,0x0000003e46800000) (1024K)]
  0x000002111c8c0db0 JavaThread "Worker-JM"                         [_thread_blocked, id=462280, stack(0x0000003e46800000,0x0000003e46900000) (1024K)]
  0x000002111c900820 JavaThread "JNA Cleaner"                daemon [_thread_blocked, id=591064, stack(0x0000003e46b00000,0x0000003e46c00000) (1024K)]
  0x000002111c98e2b0 JavaThread "Worker-0"                          [_thread_blocked, id=590468, stack(0x0000003e46c00000,0x0000003e46d00000) (1024K)]
  0x000002111651d6e0 JavaThread "Worker-1"                          [_thread_blocked, id=592436, stack(0x0000003e46d00000,0x0000003e46e00000) (1024K)]
  0x000002111651e400 JavaThread "Thread-2"                   daemon [_thread_in_native, id=593368, stack(0x0000003e47400000,0x0000003e47500000) (1024K)]
  0x000002111651b610 JavaThread "Thread-3"                   daemon [_thread_in_native, id=593372, stack(0x0000003e47500000,0x0000003e47600000) (1024K)]
  0x000002111651dd70 JavaThread "Thread-4"                   daemon [_thread_in_native, id=593376, stack(0x0000003e47600000,0x0000003e47700000) (1024K)]
  0x000002111651af80 JavaThread "Thread-5"                   daemon [_thread_in_native, id=593380, stack(0x0000003e47700000,0x0000003e47800000) (1024K)]
  0x000002111651c330 JavaThread "Thread-6"                   daemon [_thread_in_native, id=593384, stack(0x0000003e47800000,0x0000003e47900000) (1024K)]
  0x000002111651bca0 JavaThread "Thread-7"                   daemon [_thread_in_native, id=593388, stack(0x0000003e47900000,0x0000003e47a00000) (1024K)]
  0x000002111651c9c0 JavaThread "Thread-8"                   daemon [_thread_in_native, id=593392, stack(0x0000003e47a00000,0x0000003e47b00000) (1024K)]
  0x000002111651d050 JavaThread "Thread-9"                   daemon [_thread_in_native, id=593396, stack(0x0000003e47b00000,0x0000003e47c00000) (1024K)]
  0x000002111e4e0080 JavaThread "Thread-10"                  daemon [_thread_in_native, id=593400, stack(0x0000003e47c00000,0x0000003e47d00000) (1024K)]
  0x000002111e4e0710 JavaThread "Thread-11"                  daemon [_thread_in_native, id=593352, stack(0x0000003e47d00000,0x0000003e47e00000) (1024K)]
  0x000002111e4decd0 JavaThread "Thread-12"                  daemon [_thread_in_native, id=593348, stack(0x0000003e47e00000,0x0000003e47f00000) (1024K)]
  0x000002111e4df9f0 JavaThread "Thread-13"                  daemon [_thread_in_native, id=593344, stack(0x0000003e47f00000,0x0000003e48000000) (1024K)]
  0x000002111e4de640 JavaThread "Thread-14"                  daemon [_thread_in_native, id=593340, stack(0x0000003e48000000,0x0000003e48100000) (1024K)]
  0x000002111e4df360 JavaThread "Thread-15"                  daemon [_thread_in_native, id=593304, stack(0x0000003e48100000,0x0000003e48200000) (1024K)]
  0x000002111e4dd920 JavaThread "Thread-16"                  daemon [_thread_in_native, id=593336, stack(0x0000003e48200000,0x0000003e48300000) (1024K)]
  0x000002111e4e0da0 JavaThread "Thread-17"                  daemon [_thread_in_native, id=593332, stack(0x0000003e48300000,0x0000003e48400000) (1024K)]
  0x000002111e4e1430 JavaThread "Thread-18"                  daemon [_thread_in_native, id=585916, stack(0x0000003e48400000,0x0000003e48500000) (1024K)]
  0x000002111e4ddfb0 JavaThread "Worker-2"                          [_thread_blocked, id=590916, stack(0x0000003e48500000,0x0000003e48600000) (1024K)]
  0x000002111e4e3500 JavaThread "pool-2-thread-1"                   [_thread_blocked, id=593504, stack(0x0000003e48600000,0x0000003e48700000) (1024K)]
  0x000002111e4e2e70 JavaThread "WorkspaceEventsHandler"            [_thread_blocked, id=592768, stack(0x0000003e48700000,0x0000003e48800000) (1024K)]
  0x000002111e4e3b90 JavaThread "pool-1-thread-1"                   [_thread_in_Java, id=592824, stack(0x0000003e48800000,0x0000003e48900000) (1024K)]
Total: 41

Other Threads:
  0x0000021116183220 VMThread "VM Thread"                           [id=593708, stack(0x0000003e45100000,0x0000003e45200000) (1024K)]
  0x00000210bcf9ca00 WatcherThread "VM Periodic Task Thread"        [id=593696, stack(0x0000003e45000000,0x0000003e45100000) (1024K)]
  0x00000210bd12a8c0 WorkerThread "GC Thread#0"                     [id=593664, stack(0x0000003e44f00000,0x0000003e45000000) (1024K)]
  0x000002111c304fd0 WorkerThread "GC Thread#1"                     [id=592988, stack(0x0000003e45c00000,0x0000003e45d00000) (1024K)]
  0x000002111c305370 WorkerThread "GC Thread#2"                     [id=593016, stack(0x0000003e45d00000,0x0000003e45e00000) (1024K)]
  0x000002111c0d7580 WorkerThread "GC Thread#3"                     [id=593028, stack(0x0000003e45e00000,0x0000003e45f00000) (1024K)]
  0x000002111c0d7d20 WorkerThread "GC Thread#4"                     [id=593044, stack(0x0000003e45f00000,0x0000003e46000000) (1024K)]
  0x000002111c0d80c0 WorkerThread "GC Thread#5"                     [id=593060, stack(0x0000003e46000000,0x0000003e46100000) (1024K)]
  0x000002111c0d8460 WorkerThread "GC Thread#6"                     [id=593092, stack(0x0000003e46100000,0x0000003e46200000) (1024K)]
  0x000002111c68f580 WorkerThread "GC Thread#7"                     [id=589656, stack(0x0000003e46500000,0x0000003e46600000) (1024K)]
  0x000002111c7a7530 WorkerThread "GC Thread#8"                     [id=588940, stack(0x0000003e46900000,0x0000003e46a00000) (1024K)]
  0x000002111c7a7c70 WorkerThread "GC Thread#9"                     [id=584352, stack(0x0000003e46a00000,0x0000003e46b00000) (1024K)]
  0x000002111c7a6df0 WorkerThread "GC Thread#10"                    [id=592924, stack(0x0000003e46e00000,0x0000003e46f00000) (1024K)]
  0x000002111c7a7190 WorkerThread "GC Thread#11"                    [id=592936, stack(0x0000003e46f00000,0x0000003e47000000) (1024K)]
  0x000002111c7a66b0 WorkerThread "GC Thread#12"                    [id=592944, stack(0x0000003e47000000,0x0000003e47100000) (1024K)]
Total: 15

Threads with active compile tasks:
C2 CompilerThread0  7056 3447       4       org.eclipse.osgi.internal.loader.ModuleClassLoader::toString (80 bytes)
Total: 1

VM state: not at safepoint (normal execution)

VM Mutex/Monitor currently owned by a thread: None

Heap address: 0x0000000080000000, size: 2048 MB, Compressed Oops mode: 32-bit

CDS archive(s) mapped at: [0x00000210d4000000-0x00000210d4ba0000-0x00000210d4ba0000), size 12189696, SharedBaseAddress: 0x00000210d4000000, ArchiveRelocationMode: 1.
Compressed class space mapped at: 0x00000210d5000000-0x0000021115000000, reserved size: 1073741824
Narrow klass base: 0x00000210d4000000, Narrow klass shift: 0, Narrow klass range: 0x100000000

GC Precious Log:
 CardTable entry size: 512
 CPUs: 16 total, 16 available
 Memory: 15628M
 Large Page Support: Disabled
 NUMA Support: Disabled
 Compressed Oops: Enabled (32-bit)
 Alignments: Space 512K, Generation 512K, Heap 2M
 Heap Min Capacity: 100M
 Heap Initial Capacity: 100M
 Heap Max Capacity: 2G
 Pre-touch: Disabled
 Parallel Workers: 13

Heap:
 PSYoungGen      total 26624K, used 21821K [0x00000000d5580000, 0x00000000d7700000, 0x0000000100000000)
  eden space 23040K, 79% used [0x00000000d5580000,0x00000000d6752638,0x00000000d6c00000)
  from space 3584K, 99% used [0x00000000d7100000,0x00000000d747ced0,0x00000000d7480000)
  to   space 5120K, 0% used [0x00000000d6c00000,0x00000000d6c00000,0x00000000d7100000)
 ParOldGen       total 68608K, used 9280K [0x0000000080000000, 0x0000000084300000, 0x00000000d5580000)
  object space 68608K, 13% used [0x0000000080000000,0x0000000080910158,0x0000000084300000)
 Metaspace       used 29443K, committed 30336K, reserved 1114112K
  class space    used 2961K, committed 3328K, reserved 1048576K

Card table byte_map: [0x00000210bcab0000,0x00000210bcec0000] _byte_map_base: 0x00000210bc6b0000

Marking Bits: (ParMarkBitMap*) 0x00007ff8f2dba340
 Begin Bits: [0x00000210cf5b0000, 0x00000210d15b0000)
 End Bits:   [0x00000210d15b0000, 0x00000210d35b0000)

Polling page: 0x00000210bc810000

Metaspace:

Usage:
  Non-class:     25.86 MB used.
      Class:      2.89 MB used.
       Both:     28.75 MB used.

Virtual space:
  Non-class space:       64.00 MB reserved,      26.38 MB ( 41%) committed,  1 nodes.
      Class space:        1.00 GB reserved,       3.25 MB ( <1%) committed,  1 nodes.
             Both:        1.06 GB reserved,      29.62 MB (  3%) committed. 

Chunk freelists:
   Non-Class:  5.14 MB
       Class:  12.80 MB
        Both:  17.94 MB

MaxMetaspaceSize: unlimited
CompressedClassSpaceSize: 1.00 GB
Initial GC threshold: 21.00 MB
Current GC threshold: 35.00 MB
CDS: on
 - commit_granule_bytes: 65536.
 - commit_granule_words: 8192.
 - virtual_space_node_default_size: 8388608.
 - enlarge_chunks_in_place: 1.
 - use_allocation_guard: 0.


Internal statistics:

num_allocs_failed_limit: 3.
num_arena_births: 562.
num_arena_deaths: 14.
num_vsnodes_births: 2.
num_vsnodes_deaths: 0.
num_space_committed: 474.
num_space_uncommitted: 0.
num_chunks_returned_to_freelist: 17.
num_chunks_taken_from_freelist: 1703.
num_chunk_merges: 8.
num_chunk_splits: 1098.
num_chunks_enlarged: 723.
num_inconsistent_stats: 0.

CodeHeap 'non-profiled nmethods': size=119168Kb used=1399Kb max_used=1399Kb free=117768Kb
 bounds [0x00000210c7ea0000, 0x00000210c8110000, 0x00000210cf300000]
CodeHeap 'profiled nmethods': size=119104Kb used=7218Kb max_used=7218Kb free=111885Kb
 bounds [0x00000210c0300000, 0x00000210c0a10000, 0x00000210c7750000]
CodeHeap 'non-nmethods': size=7488Kb used=1346Kb max_used=1387Kb free=6141Kb
 bounds [0x00000210c7750000, 0x00000210c79c0000, 0x00000210c7ea0000]
CodeCache: size=245760Kb, used=9963Kb, max_used=10004Kb, free=235794Kb
 total_blobs=4188, nmethods=3551, adapters=543, full_count=0
Compilation: enabled, stopped_count=0, restarted_count=0

Compilation events (20 events):
Event: 7.008 Thread 0x00000211161a4ff0 nmethod 3526 0x00000210c09e3190 code [0x00000210c09e3340, 0x00000210c09e3518]
Event: 7.008 Thread 0x00000211161a4ff0 3528       3       com.google.gson.internal.GsonTypes::canonicalize (139 bytes)
Event: 7.008 Thread 0x00000211161a4ff0 nmethod 3528 0x00000210c09e3610 code [0x00000210c09e3940, 0x00000210c09e4dc8]
Event: 7.008 Thread 0x00000211161a4ff0 3529       3       com.google.gson.TypeAdapter::<init> (5 bytes)
Event: 7.009 Thread 0x00000211161a4ff0 nmethod 3529 0x00000210c09e5190 code [0x00000210c09e5340, 0x00000210c09e54a8]
Event: 7.009 Thread 0x00000211161a4ff0 3531       1       java.lang.reflect.Field::getGenericSignature (5 bytes)
Event: 7.009 Thread 0x00000211161a4ff0 nmethod 3531 0x00000210c7ffd490 code [0x00000210c7ffd620, 0x00000210c7ffd6e8]
Event: 7.009 Thread 0x00000211161a4ff0 3532       3       com.google.gson.internal.bind.ReflectiveTypeAdapterFactory::includeField (18 bytes)
Event: 7.009 Thread 0x00000211161a4ff0 nmethod 3532 0x00000210c09e5590 code [0x00000210c09e5740, 0x00000210c09e58d8]
Event: 7.009 Thread 0x00000211161a4ff0 3533       3       com.google.gson.internal.Excluder::excludeField (207 bytes)
Event: 7.010 Thread 0x00000211161a4ff0 nmethod 3533 0x00000210c09e5990 code [0x00000210c09e5ea0, 0x00000210c09e8428]
Event: 7.010 Thread 0x00000211161a4ff0 3534       3       java.lang.reflect.Field::isSynthetic (8 bytes)
Event: 7.011 Thread 0x00000211161a4ff0 nmethod 3534 0x00000210c09e8e10 code [0x00000210c09e8fc0, 0x00000210c09e9198]
Event: 7.011 Thread 0x00000211161a4ff0 3535       3       java.lang.reflect.Field::getAnnotation (23 bytes)
Event: 7.011 Thread 0x00000211161a4ff0 nmethod 3535 0x00000210c09e9290 code [0x00000210c09e94c0, 0x00000210c09e9b50]
Event: 7.011 Thread 0x00000211161a4ff0 3536       3       java.lang.Class::getGenericInfo (52 bytes)
Event: 7.011 Thread 0x00000211161a4ff0 nmethod 3536 0x00000210c09e9d90 code [0x00000210c09ea020, 0x00000210c09eac28]
Event: 7.013 Thread 0x00000211161a4ff0 3537       3       java.util.Collections$SingletonList::get (41 bytes)
Event: 7.013 Thread 0x00000211161a4ff0 nmethod 3537 0x00000210c09eb110 code [0x00000210c09eb360, 0x00000210c09eba18]
Event: 7.014 Thread 0x00000211161a4ff0 3538       3       com.google.gson.internal.GsonTypes::resolve (510 bytes)

GC Heap History (18 events):
Event: 2.648 GC heap before
{Heap before GC invocations=1 (full 0):
 PSYoungGen      total 29696K, used 25600K [0x00000000d5580000, 0x00000000d7680000, 0x0000000100000000)
  eden space 25600K, 100% used [0x00000000d5580000,0x00000000d6e80000,0x00000000d6e80000)
  from space 4096K, 0% used [0x00000000d7280000,0x00000000d7280000,0x00000000d7680000)
  to   space 4096K, 0% used [0x00000000d6e80000,0x00000000d6e80000,0x00000000d7280000)
 ParOldGen       total 68608K, used 0K [0x0000000080000000, 0x0000000084300000, 0x00000000d5580000)
  object space 68608K, 0% used [0x0000000080000000,0x0000000080000000,0x0000000084300000)
 Metaspace       used 4293K, committed 4544K, reserved 1114112K
  class space    used 467K, committed 576K, reserved 1048576K
}
Event: 2.658 GC heap after
{Heap after GC invocations=1 (full 0):
 PSYoungGen      total 29696K, used 3344K [0x00000000d5580000, 0x00000000d7680000, 0x0000000100000000)
  eden space 25600K, 0% used [0x00000000d5580000,0x00000000d5580000,0x00000000d6e80000)
  from space 4096K, 81% used [0x00000000d6e80000,0x00000000d71c40c8,0x00000000d7280000)
  to   space 4096K, 0% used [0x00000000d7280000,0x00000000d7280000,0x00000000d7680000)
 ParOldGen       total 68608K, used 16K [0x0000000080000000, 0x0000000084300000, 0x00000000d5580000)
  object space 68608K, 0% used [0x0000000080000000,0x0000000080004000,0x0000000084300000)
 Metaspace       used 4293K, committed 4544K, reserved 1114112K
  class space    used 467K, committed 576K, reserved 1048576K
}
Event: 3.101 GC heap before
{Heap before GC invocations=2 (full 0):
 PSYoungGen      total 29696K, used 28944K [0x00000000d5580000, 0x00000000d7680000, 0x0000000100000000)
  eden space 25600K, 100% used [0x00000000d5580000,0x00000000d6e80000,0x00000000d6e80000)
  from space 4096K, 81% used [0x00000000d6e80000,0x00000000d71c40c8,0x00000000d7280000)
  to   space 4096K, 0% used [0x00000000d7280000,0x00000000d7280000,0x00000000d7680000)
 ParOldGen       total 68608K, used 16K [0x0000000080000000, 0x0000000084300000, 0x00000000d5580000)
  object space 68608K, 0% used [0x0000000080000000,0x0000000080004000,0x0000000084300000)
 Metaspace       used 8105K, committed 8384K, reserved 1114112K
  class space    used 855K, committed 960K, reserved 1048576K
}
Event: 3.106 GC heap after
{Heap after GC invocations=2 (full 0):
 PSYoungGen      total 29696K, used 4069K [0x00000000d5580000, 0x00000000d7680000, 0x0000000100000000)
  eden space 25600K, 0% used [0x00000000d5580000,0x00000000d5580000,0x00000000d6e80000)
  from space 4096K, 99% used [0x00000000d7280000,0x00000000d7679780,0x00000000d7680000)
  to   space 4096K, 0% used [0x00000000d6e80000,0x00000000d6e80000,0x00000000d7280000)
 ParOldGen       total 68608K, used 918K [0x0000000080000000, 0x0000000084300000, 0x00000000d5580000)
  object space 68608K, 1% used [0x0000000080000000,0x00000000800e59a8,0x0000000084300000)
 Metaspace       used 8105K, committed 8384K, reserved 1114112K
  class space    used 855K, committed 960K, reserved 1048576K
}
Event: 3.529 GC heap before
{Heap before GC invocations=3 (full 0):
 PSYoungGen      total 29696K, used 29669K [0x00000000d5580000, 0x00000000d7680000, 0x0000000100000000)
  eden space 25600K, 100% used [0x00000000d5580000,0x00000000d6e80000,0x00000000d6e80000)
  from space 4096K, 99% used [0x00000000d7280000,0x00000000d7679780,0x00000000d7680000)
  to   space 4096K, 0% used [0x00000000d6e80000,0x00000000d6e80000,0x00000000d7280000)
 ParOldGen       total 68608K, used 918K [0x0000000080000000, 0x0000000084300000, 0x00000000d5580000)
  object space 68608K, 1% used [0x0000000080000000,0x00000000800e59a8,0x0000000084300000)
 Metaspace       used 12872K, committed 13376K, reserved 1114112K
  class space    used 1359K, committed 1600K, reserved 1048576K
}
Event: 3.533 GC heap after
{Heap after GC invocations=3 (full 0):
 PSYoungGen      total 29696K, used 4094K [0x00000000d5580000, 0x00000000d7680000, 0x0000000100000000)
  eden space 25600K, 0% used [0x00000000d5580000,0x00000000d5580000,0x00000000d6e80000)
  from space 4096K, 99% used [0x00000000d6e80000,0x00000000d727fb28,0x00000000d7280000)
  to   space 4096K, 0% used [0x00000000d7280000,0x00000000d7280000,0x00000000d7680000)
 ParOldGen       total 68608K, used 2600K [0x0000000080000000, 0x0000000084300000, 0x00000000d5580000)
  object space 68608K, 3% used [0x0000000080000000,0x000000008028a1d0,0x0000000084300000)
 Metaspace       used 12872K, committed 13376K, reserved 1114112K
  class space    used 1359K, committed 1600K, reserved 1048576K
}
Event: 4.744 GC heap before
{Heap before GC invocations=4 (full 0):
 PSYoungGen      total 29696K, used 29657K [0x00000000d5580000, 0x00000000d7680000, 0x0000000100000000)
  eden space 25600K, 99% used [0x00000000d5580000,0x00000000d6e76a88,0x00000000d6e80000)
  from space 4096K, 99% used [0x00000000d6e80000,0x00000000d727fb28,0x00000000d7280000)
  to   space 4096K, 0% used [0x00000000d7280000,0x00000000d7280000,0x00000000d7680000)
 ParOldGen       total 68608K, used 2600K [0x0000000080000000, 0x0000000084300000, 0x00000000d5580000)
  object space 68608K, 3% used [0x0000000080000000,0x000000008028a1d0,0x0000000084300000)
 Metaspace       used 17049K, committed 17728K, reserved 1114112K
  class space    used 1788K, committed 2048K, reserved 1048576K
}
Event: 4.748 GC heap after
{Heap after GC invocations=4 (full 0):
 PSYoungGen      total 29696K, used 4071K [0x00000000d5580000, 0x00000000d7680000, 0x0000000100000000)
  eden space 25600K, 0% used [0x00000000d5580000,0x00000000d5580000,0x00000000d6e80000)
  from space 4096K, 99% used [0x00000000d7280000,0x00000000d7679ed0,0x00000000d7680000)
  to   space 4096K, 0% used [0x00000000d6e80000,0x00000000d6e80000,0x00000000d7280000)
 ParOldGen       total 68608K, used 4439K [0x0000000080000000, 0x0000000084300000, 0x00000000d5580000)
  object space 68608K, 6% used [0x0000000080000000,0x0000000080455d38,0x0000000084300000)
 Metaspace       used 17049K, committed 17728K, reserved 1114112K
  class space    used 1788K, committed 2048K, reserved 1048576K
}
Event: 5.091 GC heap before
{Heap before GC invocations=5 (full 0):
 PSYoungGen      total 29696K, used 29671K [0x00000000d5580000, 0x00000000d7680000, 0x0000000100000000)
  eden space 25600K, 100% used [0x00000000d5580000,0x00000000d6e80000,0x00000000d6e80000)
  from space 4096K, 99% used [0x00000000d7280000,0x00000000d7679ed0,0x00000000d7680000)
  to   space 4096K, 0% used [0x00000000d6e80000,0x00000000d6e80000,0x00000000d7280000)
 ParOldGen       total 68608K, used 4439K [0x0000000080000000, 0x0000000084300000, 0x00000000d5580000)
  object space 68608K, 6% used [0x0000000080000000,0x0000000080455d38,0x0000000084300000)
 Metaspace       used 20303K, committed 20992K, reserved 1114112K
  class space    used 2007K, committed 2304K, reserved 1048576K
}
Event: 5.093 GC heap after
{Heap after GC invocations=5 (full 0):
 PSYoungGen      total 29184K, used 4086K [0x00000000d5580000, 0x00000000d7800000, 0x0000000100000000)
  eden space 25088K, 0% used [0x00000000d5580000,0x00000000d5580000,0x00000000d6e00000)
  from space 4096K, 99% used [0x00000000d6e80000,0x00000000d727d830,0x00000000d7280000)
  to   space 5120K, 0% used [0x00000000d7300000,0x00000000d7300000,0x00000000d7800000)
 ParOldGen       total 68608K, used 4635K [0x0000000080000000, 0x0000000084300000, 0x00000000d5580000)
  object space 68608K, 6% used [0x0000000080000000,0x0000000080486e18,0x0000000084300000)
 Metaspace       used 20303K, committed 20992K, reserved 1114112K
  class space    used 2007K, committed 2304K, reserved 1048576K
}
Event: 5.127 GC heap before
{Heap before GC invocations=6 (full 0):
 PSYoungGen      total 29184K, used 9697K [0x00000000d5580000, 0x00000000d7800000, 0x0000000100000000)
  eden space 25088K, 22% used [0x00000000d5580000,0x00000000d5afadc0,0x00000000d6e00000)
  from space 4096K, 99% used [0x00000000d6e80000,0x00000000d727d830,0x00000000d7280000)
  to   space 5120K, 0% used [0x00000000d7300000,0x00000000d7300000,0x00000000d7800000)
 ParOldGen       total 68608K, used 4635K [0x0000000080000000, 0x0000000084300000, 0x00000000d5580000)
  object space 68608K, 6% used [0x0000000080000000,0x0000000080486e18,0x0000000084300000)
 Metaspace       used 20909K, committed 21504K, reserved 1114112K
  class space    used 2055K, committed 2304K, reserved 1048576K
}
Event: 5.130 GC heap after
{Heap after GC invocations=6 (full 0):
 PSYoungGen      total 29696K, used 4286K [0x00000000d5580000, 0x00000000d7780000, 0x0000000100000000)
  eden space 25088K, 0% used [0x00000000d5580000,0x00000000d5580000,0x00000000d6e00000)
  from space 4608K, 93% used [0x00000000d7300000,0x00000000d772f920,0x00000000d7780000)
  to   space 4608K, 0% used [0x00000000d6e80000,0x00000000d6e80000,0x00000000d7300000)
 ParOldGen       total 68608K, used 4635K [0x0000000080000000, 0x0000000084300000, 0x00000000d5580000)
  object space 68608K, 6% used [0x0000000080000000,0x0000000080486e18,0x0000000084300000)
 Metaspace       used 20909K, committed 21504K, reserved 1114112K
  class space    used 2055K, committed 2304K, reserved 1048576K
}
Event: 5.130 GC heap before
{Heap before GC invocations=7 (full 1):
 PSYoungGen      total 29696K, used 4286K [0x00000000d5580000, 0x00000000d7780000, 0x0000000100000000)
  eden space 25088K, 0% used [0x00000000d5580000,0x00000000d5580000,0x00000000d6e00000)
  from space 4608K, 93% used [0x00000000d7300000,0x00000000d772f920,0x00000000d7780000)
  to   space 4608K, 0% used [0x00000000d6e80000,0x00000000d6e80000,0x00000000d7300000)
 ParOldGen       total 68608K, used 4635K [0x0000000080000000, 0x0000000084300000, 0x00000000d5580000)
  object space 68608K, 6% used [0x0000000080000000,0x0000000080486e18,0x0000000084300000)
 Metaspace       used 20909K, committed 21504K, reserved 1114112K
  class space    used 2055K, committed 2304K, reserved 1048576K
}
Event: 5.153 GC heap after
{Heap after GC invocations=7 (full 1):
 PSYoungGen      total 29696K, used 0K [0x00000000d5580000, 0x00000000d7780000, 0x0000000100000000)
  eden space 25088K, 0% used [0x00000000d5580000,0x00000000d5580000,0x00000000d6e00000)
  from space 4608K, 0% used [0x00000000d7300000,0x00000000d7300000,0x00000000d7780000)
  to   space 4608K, 0% used [0x00000000d6e80000,0x00000000d6e80000,0x00000000d7300000)
 ParOldGen       total 68608K, used 8419K [0x0000000080000000, 0x0000000084300000, 0x00000000d5580000)
  object space 68608K, 12% used [0x0000000080000000,0x0000000080838c48,0x0000000084300000)
 Metaspace       used 20897K, committed 21504K, reserved 1114112K
  class space    used 2052K, committed 2304K, reserved 1048576K
}
Event: 5.362 GC heap before
{Heap before GC invocations=8 (full 1):
 PSYoungGen      total 29696K, used 25088K [0x00000000d5580000, 0x00000000d7780000, 0x0000000100000000)
  eden space 25088K, 100% used [0x00000000d5580000,0x00000000d6e00000,0x00000000d6e00000)
  from space 4608K, 0% used [0x00000000d7300000,0x00000000d7300000,0x00000000d7780000)
  to   space 4608K, 0% used [0x00000000d6e80000,0x00000000d6e80000,0x00000000d7300000)
 ParOldGen       total 68608K, used 8419K [0x0000000080000000, 0x0000000084300000, 0x00000000d5580000)
  object space 68608K, 12% used [0x0000000080000000,0x0000000080838c48,0x0000000084300000)
 Metaspace       used 23001K, committed 23680K, reserved 1114112K
  class space    used 2223K, committed 2496K, reserved 1048576K
}
Event: 5.363 GC heap after
{Heap after GC invocations=8 (full 1):
 PSYoungGen      total 27136K, used 2355K [0x00000000d5580000, 0x00000000d7480000, 0x0000000100000000)
  eden space 24576K, 0% used [0x00000000d5580000,0x00000000d5580000,0x00000000d6d80000)
  from space 2560K, 92% used [0x00000000d6e80000,0x00000000d70cccf0,0x00000000d7100000)
  to   space 3584K, 0% used [0x00000000d7100000,0x00000000d7100000,0x00000000d7480000)
 ParOldGen       total 68608K, used 8427K [0x0000000080000000, 0x0000000084300000, 0x00000000d5580000)
  object space 68608K, 12% used [0x0000000080000000,0x000000008083ac48,0x0000000084300000)
 Metaspace       used 23001K, committed 23680K, reserved 1114112K
  class space    used 2223K, committed 2496K, reserved 1048576K
}
Event: 5.797 GC heap before
{Heap before GC invocations=9 (full 1):
 PSYoungGen      total 27136K, used 26930K [0x00000000d5580000, 0x00000000d7480000, 0x0000000100000000)
  eden space 24576K, 99% used [0x00000000d5580000,0x00000000d6d7fb88,0x00000000d6d80000)
  from space 2560K, 92% used [0x00000000d6e80000,0x00000000d70cccf0,0x00000000d7100000)
  to   space 3584K, 0% used [0x00000000d7100000,0x00000000d7100000,0x00000000d7480000)
 ParOldGen       total 68608K, used 8427K [0x0000000080000000, 0x0000000084300000, 0x00000000d5580000)
  object space 68608K, 12% used [0x0000000080000000,0x000000008083ac48,0x0000000084300000)
 Metaspace       used 26605K, committed 27456K, reserved 1114112K
  class space    used 2612K, committed 3008K, reserved 1048576K
}
Event: 5.799 GC heap after
{Heap after GC invocations=9 (full 1):
 PSYoungGen      total 26624K, used 3571K [0x00000000d5580000, 0x00000000d7700000, 0x0000000100000000)
  eden space 23040K, 0% used [0x00000000d5580000,0x00000000d5580000,0x00000000d6c00000)
  from space 3584K, 99% used [0x00000000d7100000,0x00000000d747ced0,0x00000000d7480000)
  to   space 5120K, 0% used [0x00000000d6c00000,0x00000000d6c00000,0x00000000d7100000)
 ParOldGen       total 68608K, used 9280K [0x0000000080000000, 0x0000000084300000, 0x00000000d5580000)
  object space 68608K, 13% used [0x0000000080000000,0x0000000080910158,0x0000000084300000)
 Metaspace       used 26605K, committed 27456K, reserved 1114112K
  class space    used 2612K, committed 3008K, reserved 1048576K
}

Dll operation events (10 events):
Event: 1.816 Loaded shared library c:\Users\ASUS ROG STRIX\.vscode\extensions\redhat.java-1.45.0-win32-x64\jre\21.0.8-win32-x86_64\bin\java.dll
Event: 2.035 Loaded shared library c:\Users\ASUS ROG STRIX\.vscode\extensions\redhat.java-1.45.0-win32-x64\jre\21.0.8-win32-x86_64\bin\zip.dll
Event: 2.057 Loaded shared library C:\Users\ASUS ROG STRIX\.vscode\extensions\redhat.java-1.45.0-win32-x64\jre\21.0.8-win32-x86_64\bin\instrument.dll
Event: 2.064 Loaded shared library C:\Users\ASUS ROG STRIX\.vscode\extensions\redhat.java-1.45.0-win32-x64\jre\21.0.8-win32-x86_64\bin\net.dll
Event: 2.069 Loaded shared library C:\Users\ASUS ROG STRIX\.vscode\extensions\redhat.java-1.45.0-win32-x64\jre\21.0.8-win32-x86_64\bin\nio.dll
Event: 2.072 Loaded shared library C:\Users\ASUS ROG STRIX\.vscode\extensions\redhat.java-1.45.0-win32-x64\jre\21.0.8-win32-x86_64\bin\zip.dll
Event: 2.098 Loaded shared library C:\Users\ASUS ROG STRIX\.vscode\extensions\redhat.java-1.45.0-win32-x64\jre\21.0.8-win32-x86_64\bin\jimage.dll
Event: 2.189 Loaded shared library c:\Users\ASUS ROG STRIX\.vscode\extensions\redhat.java-1.45.0-win32-x64\jre\21.0.8-win32-x86_64\bin\verify.dll
Event: 3.096 Loaded shared library C:\Users\ASUS ROG STRIX\AppData\Roaming\Code\User\globalStorage\redhat.java\1.45.0\config_ss_win\org.eclipse.equinox.launcher\org.eclipse.equinox.launcher.win32.win32.x86_64_1.2.1400.v20250801-0854\eclipse_11916.dll
Event: 4.051 Loaded shared library C:\Users\ASUS ROG STRIX\AppData\Local\Temp\jna-2125611834\jna13275966198155001540.dll

Deoptimization events (20 events):
Event: 6.890 Thread 0x00000210bd10cbd0 Uncommon trap: trap_request=0xffffff45 fr.pc=0x00000210c7f6f8d0 relative=0x0000000000000890
Event: 6.891 Thread 0x00000210bd10cbd0 Uncommon trap: reason=unstable_if action=reinterpret pc=0x00000210c7f6f8d0 method=jdk.internal.org.objectweb.asm.SymbolTable.put(Ljdk/internal/org/objectweb/asm/SymbolTable$Entry;)Ljdk/internal/org/objectweb/asm/SymbolTable$Entry; @ 13 c2
Event: 6.891 Thread 0x00000210bd10cbd0 DEOPT PACKING pc=0x00000210c7f6f8d0 sp=0x0000003e44efe310
Event: 6.891 Thread 0x00000210bd10cbd0 DEOPT UNPACKING pc=0x00000210c77a3aa2 sp=0x0000003e44efe228 mode 2
Event: 6.921 Thread 0x00000210bd10cbd0 Uncommon trap: trap_request=0xffffff45 fr.pc=0x00000210c7f899a8 relative=0x00000000000000e8
Event: 6.921 Thread 0x00000210bd10cbd0 Uncommon trap: reason=unstable_if action=reinterpret pc=0x00000210c7f899a8 method=java.lang.CharacterDataLatin1.digit(II)I @ 7 c2
Event: 6.921 Thread 0x00000210bd10cbd0 DEOPT PACKING pc=0x00000210c7f899a8 sp=0x0000003e44efe5d0
Event: 6.921 Thread 0x00000210bd10cbd0 DEOPT UNPACKING pc=0x00000210c77a3aa2 sp=0x0000003e44efe490 mode 2
Event: 6.921 Thread 0x00000210bd10cbd0 Uncommon trap: trap_request=0xffffff45 fr.pc=0x00000210c7edb348 relative=0x00000000000000a8
Event: 6.921 Thread 0x00000210bd10cbd0 Uncommon trap: reason=unstable_if action=reinterpret pc=0x00000210c7edb348 method=java.lang.CharacterDataLatin1.digit(II)I @ 7 c2
Event: 6.921 Thread 0x00000210bd10cbd0 DEOPT PACKING pc=0x00000210c7edb348 sp=0x0000003e44efe530
Event: 6.921 Thread 0x00000210bd10cbd0 DEOPT UNPACKING pc=0x00000210c77a3aa2 sp=0x0000003e44efe4b0 mode 2
Event: 6.931 Thread 0x00000210bd10cbd0 Uncommon trap: trap_request=0xffffff76 fr.pc=0x00000210c7fd0e80 relative=0x0000000000000940
Event: 6.931 Thread 0x00000210bd10cbd0 Uncommon trap: reason=predicate action=maybe_recompile pc=0x00000210c7fd0e80 method=java.util.TreeMap.put(Ljava/lang/Object;Ljava/lang/Object;Z)Ljava/lang/Object; @ 27 c2
Event: 6.931 Thread 0x00000210bd10cbd0 DEOPT PACKING pc=0x00000210c7fd0e80 sp=0x0000003e44efe200
Event: 6.931 Thread 0x00000210bd10cbd0 DEOPT UNPACKING pc=0x00000210c77a3aa2 sp=0x0000003e44efe1c0 mode 2
Event: 6.943 Thread 0x00000210bd10cbd0 Uncommon trap: trap_request=0xffffff45 fr.pc=0x00000210c7ed48c4 relative=0x00000000000002a4
Event: 6.943 Thread 0x00000210bd10cbd0 Uncommon trap: reason=unstable_if action=reinterpret pc=0x00000210c7ed48c4 method=java.util.HashMap$HashIterator.<init>(Ljava/util/HashMap;)V @ 45 c2
Event: 6.943 Thread 0x00000210bd10cbd0 DEOPT PACKING pc=0x00000210c7ed48c4 sp=0x0000003e44efe6c0
Event: 6.943 Thread 0x00000210bd10cbd0 DEOPT UNPACKING pc=0x00000210c77a3aa2 sp=0x0000003e44efe658 mode 2

Classes loaded (20 events):
Event: 6.923 Loading class sun/util/locale/provider/CalendarDataUtility$CalendarFieldValueNamesMapGetter
Event: 6.925 Loading class sun/util/locale/provider/CalendarDataUtility$CalendarFieldValueNamesMapGetter done
Event: 6.926 Loading class sun/util/cldr/CLDRCalendarNameProviderImpl
Event: 6.927 Loading class sun/util/locale/provider/CalendarNameProviderImpl
Event: 6.928 Loading class sun/util/locale/provider/CalendarNameProviderImpl done
Event: 6.928 Loading class sun/util/cldr/CLDRCalendarNameProviderImpl done
Event: 6.930 Loading class sun/util/locale/provider/CalendarNameProviderImpl$LengthBasedComparator
Event: 6.930 Loading class sun/util/locale/provider/CalendarNameProviderImpl$LengthBasedComparator done
Event: 6.934 Loading class java/io/PrintWriter$1
Event: 6.934 Loading class jdk/internal/access/JavaIOPrintWriterAccess
Event: 6.935 Loading class jdk/internal/access/JavaIOPrintWriterAccess done
Event: 6.936 Loading class java/io/PrintWriter$1 done
Event: 6.938 Loading class java/time/format/DateTimeParseContext
Event: 6.939 Loading class java/time/format/DateTimeParseContext done
Event: 6.939 Loading class java/time/format/Parsed
Event: 6.941 Loading class java/time/format/Parsed done
Event: 6.944 Loading class java/time/temporal/TemporalAdjusters
Event: 6.945 Loading class java/time/temporal/TemporalAdjusters done
Event: 6.975 Loading class sun/reflect/generics/repository/FieldRepository
Event: 6.975 Loading class sun/reflect/generics/repository/FieldRepository done

Classes unloaded (7 events):
Event: 5.134 Thread 0x0000021116183220 Unloading class 0x00000210d518c800 'java/lang/invoke/LambdaForm$MH+0x00000210d518c800'
Event: 5.134 Thread 0x0000021116183220 Unloading class 0x00000210d518c400 'java/lang/invoke/LambdaForm$MH+0x00000210d518c400'
Event: 5.134 Thread 0x0000021116183220 Unloading class 0x00000210d518c000 'java/lang/invoke/LambdaForm$MH+0x00000210d518c000'
Event: 5.134 Thread 0x0000021116183220 Unloading class 0x00000210d518bc00 'java/lang/invoke/LambdaForm$MH+0x00000210d518bc00'
Event: 5.134 Thread 0x0000021116183220 Unloading class 0x00000210d518b800 'java/lang/invoke/LambdaForm$BMH+0x00000210d518b800'
Event: 5.134 Thread 0x0000021116183220 Unloading class 0x00000210d518b400 'java/lang/invoke/LambdaForm$DMH+0x00000210d518b400'
Event: 5.134 Thread 0x0000021116183220 Unloading class 0x00000210d518a000 'java/lang/invoke/LambdaForm$DMH+0x00000210d518a000'

Classes redefined (0 events):
No events

Internal exceptions (20 events):
Event: 5.758 Thread 0x000002111c98e2b0 Exception <a 'sun/nio/fs/WindowsException'{0x00000000d6b8a620}> (0x00000000d6b8a620) 
thrown [s\src\hotspot\share\prims\jni.cpp, line 520]
Event: 5.758 Thread 0x000002111c98e2b0 Exception <a 'sun/nio/fs/WindowsException'{0x00000000d6b8b920}> (0x00000000d6b8b920) 
thrown [s\src\hotspot\share\prims\jni.cpp, line 520]
Event: 5.758 Thread 0x000002111c98e2b0 Exception <a 'sun/nio/fs/WindowsException'{0x00000000d6b8bf50}> (0x00000000d6b8bf50) 
thrown [s\src\hotspot\share\prims\jni.cpp, line 520]
Event: 5.759 Thread 0x000002111c98e2b0 Exception <a 'sun/nio/fs/WindowsException'{0x00000000d6b8c870}> (0x00000000d6b8c870) 
thrown [s\src\hotspot\share\prims\jni.cpp, line 520]
Event: 5.759 Thread 0x000002111c98e2b0 Exception <a 'sun/nio/fs/WindowsException'{0x00000000d6b8cea0}> (0x00000000d6b8cea0) 
thrown [s\src\hotspot\share\prims\jni.cpp, line 520]
Event: 5.759 Thread 0x000002111c98e2b0 Exception <a 'sun/nio/fs/WindowsException'{0x00000000d6b8d820}> (0x00000000d6b8d820) 
thrown [s\src\hotspot\share\prims\jni.cpp, line 520]
Event: 5.759 Thread 0x000002111c98e2b0 Exception <a 'sun/nio/fs/WindowsException'{0x00000000d6b8de50}> (0x00000000d6b8de50) 
thrown [s\src\hotspot\share\prims\jni.cpp, line 520]
Event: 5.760 Thread 0x000002111c98e2b0 Exception <a 'sun/nio/fs/WindowsException'{0x00000000d6b8f4c8}> (0x00000000d6b8f4c8) 
thrown [s\src\hotspot\share\prims\jni.cpp, line 520]
Event: 5.760 Thread 0x000002111c98e2b0 Exception <a 'sun/nio/fs/WindowsException'{0x00000000d6b8faf8}> (0x00000000d6b8faf8) 
thrown [s\src\hotspot\share\prims\jni.cpp, line 520]
Event: 5.762 Thread 0x000002111c98e2b0 Exception <a 'java/lang/NoSuchMethodError'{0x00000000d6ba3798}: 'void java.lang.invoke.DirectMethodHandle$Holder.invokeVirtual(java.lang.Object, java.lang.Object, java.lang.Object, java.lang.Object)'> (0x00000000d6ba3798) 
thrown [s\src\hotspot\share\interpreter\linkResolver.cpp, line 773]
Event: 5.820 Thread 0x000002111c98e2b0 Exception <a 'java/io/FileNotFoundException'{0x00000000d56a3698}> (0x00000000d56a3698) 
thrown [s\src\hotspot\share\prims\jni.cpp, line 520]
Event: 5.820 Thread 0x000002111c98e2b0 Exception <a 'java/io/FileNotFoundException'{0x00000000d56a4968}> (0x00000000d56a4968) 
thrown [s\src\hotspot\share\prims\jni.cpp, line 520]
Event: 5.821 Thread 0x000002111c98e2b0 Exception <a 'java/lang/NoSuchMethodError'{0x00000000d56b2888}: 'java.lang.Object java.lang.invoke.DirectMethodHandle$Holder.newInvokeSpecial(java.lang.Object, java.lang.Object, java.lang.Object, int)'> (0x00000000d56b2888) 
thrown [s\src\hotspot\share\interpreter\linkResolver.cpp, line 773]
Event: 5.821 Thread 0x000002111c98e2b0 Exception <a 'java/lang/NoSuchMethodError'{0x00000000d56b6540}: 'java.lang.Object java.lang.invoke.DirectMethodHandle$Holder.invokeSpecial(java.lang.Object, java.lang.Object, java.lang.Object, java.lang.Object, int)'> (0x00000000d56b6540) 
thrown [s\src\hotspot\share\interpreter\linkResolver.cpp, line 773]
Event: 5.821 Thread 0x000002111c98e2b0 Exception <a 'java/lang/NoSuchMethodError'{0x00000000d56b99e8}: 'java.lang.Object java.lang.invoke.Invokers$Holder.linkToTargetMethod(java.lang.Object, java.lang.Object, int, java.lang.Object)'> (0x00000000d56b99e8) 
thrown [s\src\hotspot\share\interpreter\linkResolver.cpp, line 773]
Event: 5.822 Thread 0x000002111c98e2b0 Exception <a 'java/lang/NoSuchMethodError'{0x00000000d56c54a0}: 'void java.lang.invoke.DirectMethodHandle$Holder.invokeStaticInit(java.lang.Object, java.lang.Object, java.lang.Object)'> (0x00000000d56c54a0) 
thrown [s\src\hotspot\share\interpreter\linkResolver.cpp, line 773]
Event: 6.759 Thread 0x00000210bd10cbd0 Exception <a 'java/lang/NoSuchMethodError'{0x00000000d612e3d0}: 'void java.lang.invoke.DirectMethodHandle$Holder.invokeSpecial(java.lang.Object, java.lang.Object, java.lang.Object, java.lang.Object, java.lang.Object, java.lang.Object)'> (0x00000000d612e3d0) 
thrown [s\src\hotspot\share\interpreter\linkResolver.cpp, line 773]
Event: 6.791 Thread 0x00000210bd10cbd0 Exception <a 'java/lang/IncompatibleClassChangeError'{0x00000000d61366b0}: Found class java.lang.Object, but interface was expected> (0x00000000d61366b0) 
thrown [s\src\hotspot\share\interpreter\linkResolver.cpp, line 840]
Event: 6.797 Thread 0x00000210bd10cbd0 Exception <a 'java/lang/IncompatibleClassChangeError'{0x00000000d61387f0}: Found class java.lang.Object, but interface was expected> (0x00000000d61387f0) 
thrown [s\src\hotspot\share\interpreter\linkResolver.cpp, line 840]
Event: 6.946 Thread 0x00000210bd10cbd0 Exception <a 'java/lang/NoSuchMethodError'{0x00000000d62e4790}: 'java.lang.Object java.lang.invoke.DirectMethodHandle$Holder.invokeStatic(java.lang.Object, int, java.lang.Object)'> (0x00000000d62e4790) 
thrown [s\src\hotspot\share\interpreter\linkResolver.cpp, line 773]

ZGC Phase Switch (0 events):
No events

VM Operations (20 events):
Event: 5.091 Executing VM operation: ParallelGCFailedAllocation (Allocation Failure)
Event: 5.093 Executing VM operation: ParallelGCFailedAllocation (Allocation Failure) done
Event: 5.127 Executing VM operation: CollectForMetadataAllocation (Metadata GC Threshold)
Event: 5.153 Executing VM operation: CollectForMetadataAllocation (Metadata GC Threshold) done
Event: 5.362 Executing VM operation: ParallelGCFailedAllocation (Allocation Failure)
Event: 5.363 Executing VM operation: ParallelGCFailedAllocation (Allocation Failure) done
Event: 5.400 Executing VM operation: HandshakeAllThreads (Deoptimize)
Event: 5.400 Executing VM operation: HandshakeAllThreads (Deoptimize) done
Event: 5.431 Executing VM operation: HandshakeAllThreads (Deoptimize)
Event: 5.431 Executing VM operation: HandshakeAllThreads (Deoptimize) done
Event: 5.438 Executing VM operation: HandshakeAllThreads (Deoptimize)
Event: 5.438 Executing VM operation: HandshakeAllThreads (Deoptimize) done
Event: 5.438 Executing VM operation: HandshakeAllThreads (Deoptimize)
Event: 5.438 Executing VM operation: HandshakeAllThreads (Deoptimize) done
Event: 5.529 Executing VM operation: HandshakeAllThreads (Deoptimize)
Event: 5.529 Executing VM operation: HandshakeAllThreads (Deoptimize) done
Event: 5.797 Executing VM operation: ParallelGCFailedAllocation (Allocation Failure)
Event: 5.799 Executing VM operation: ParallelGCFailedAllocation (Allocation Failure) done
Event: 6.801 Executing VM operation: Cleanup
Event: 6.802 Executing VM operation: Cleanup done

Memory protections (0 events):
No events

Nmethod flushes (0 events):
No events

Events (20 events):
Event: 5.679 Thread 0x00000210bd10cbd0 Thread added: 0x000002111651b610
Event: 5.679 Thread 0x00000210bd10cbd0 Thread added: 0x000002111651dd70
Event: 5.679 Thread 0x00000210bd10cbd0 Thread added: 0x000002111651af80
Event: 5.679 Thread 0x00000210bd10cbd0 Thread added: 0x000002111651c330
Event: 5.680 Thread 0x00000210bd10cbd0 Thread added: 0x000002111651bca0
Event: 5.680 Thread 0x00000210bd10cbd0 Thread added: 0x000002111651c9c0
Event: 5.680 Thread 0x00000210bd10cbd0 Thread added: 0x000002111651d050
Event: 5.680 Thread 0x00000210bd10cbd0 Thread added: 0x000002111e4e0080
Event: 5.680 Thread 0x00000210bd10cbd0 Thread added: 0x000002111e4e0710
Event: 5.680 Thread 0x00000210bd10cbd0 Thread added: 0x000002111e4decd0
Event: 5.680 Thread 0x00000210bd10cbd0 Thread added: 0x000002111e4df9f0
Event: 5.680 Thread 0x00000210bd10cbd0 Thread added: 0x000002111e4de640
Event: 5.680 Thread 0x00000210bd10cbd0 Thread added: 0x000002111e4df360
Event: 5.680 Thread 0x00000210bd10cbd0 Thread added: 0x000002111e4dd920
Event: 5.680 Thread 0x00000210bd10cbd0 Thread added: 0x000002111e4e0da0
Event: 5.680 Thread 0x00000210bd10cbd0 Thread added: 0x000002111e4e1430
Event: 5.825 Thread 0x000002111651d6e0 Thread added: 0x000002111e4ddfb0
Event: 5.877 Thread 0x00000210bd10cbd0 Thread added: 0x000002111e4e3500
Event: 6.908 Thread 0x00000210bd10cbd0 Thread added: 0x000002111e4e2e70
Event: 6.909 Thread 0x00000210bd10cbd0 Thread added: 0x000002111e4e3b90


Dynamic libraries:
0x00007ff6a7e40000 - 0x00007ff6a7e4e000 	c:\Users\ASUS ROG STRIX\.vscode\extensions\redhat.java-1.45.0-win32-x64\jre\21.0.8-win32-x86_64\bin\java.exe
0x00007ff9dbd80000 - 0x00007ff9dbfe3000 	C:\WINDOWS\SYSTEM32\ntdll.dll
0x00007ff9d9e20000 - 0x00007ff9d9ee8000 	C:\WINDOWS\System32\KERNEL32.DLL
0x00007ff9d95a0000 - 0x00007ff9d9952000 	C:\WINDOWS\System32\KERNELBASE.dll
0x00007ff9d9200000 - 0x00007ff9d934b000 	C:\WINDOWS\System32\ucrtbase.dll
0x00007ff9cebd0000 - 0x00007ff9cebe8000 	c:\Users\ASUS ROG STRIX\.vscode\extensions\redhat.java-1.45.0-win32-x64\jre\21.0.8-win32-x86_64\bin\jli.dll
0x00007ff9da020000 - 0x00007ff9da1e8000 	C:\WINDOWS\System32\USER32.dll
0x00007ff9ceba0000 - 0x00007ff9cebbe000 	c:\Users\ASUS ROG STRIX\.vscode\extensions\redhat.java-1.45.0-win32-x64\jre\21.0.8-win32-x86_64\bin\VCRUNTIME140.dll
0x00007ff9cacc0000 - 0x00007ff9caf50000 	C:\WINDOWS\WinSxS\amd64_microsoft.windows.common-controls_6595b64144ccf1df_6.0.26100.2454_none_3e0b68a2e331ad60\COMCTL32.dll
0x00007ff9db3d0000 - 0x00007ff9db479000 	C:\WINDOWS\System32\msvcrt.dll
0x00007ff9d9ff0000 - 0x00007ff9da01a000 	C:\WINDOWS\System32\GDI32.dll
0x00007ff9d9350000 - 0x00007ff9d9377000 	C:\WINDOWS\System32\win32u.dll
0x00007ff9d9960000 - 0x00007ff9d9a8b000 	C:\WINDOWS\System32\gdi32full.dll
0x00007ff9d9150000 - 0x00007ff9d91f3000 	C:\WINDOWS\System32\msvcp_win.dll
0x00007ff9d9f20000 - 0x00007ff9d9f4f000 	C:\WINDOWS\System32\IMM32.DLL
0x00007ff9ceb90000 - 0x00007ff9ceb9c000 	c:\Users\ASUS ROG STRIX\.vscode\extensions\redhat.java-1.45.0-win32-x64\jre\21.0.8-win32-x86_64\bin\vcruntime140_1.dll
0x00007ff983180000 - 0x00007ff98320d000 	c:\Users\ASUS ROG STRIX\.vscode\extensions\redhat.java-1.45.0-win32-x64\jre\21.0.8-win32-x86_64\bin\msvcp140.dll
0x00007ff8f2100000 - 0x00007ff8f2e97000 	c:\Users\ASUS ROG STRIX\.vscode\extensions\redhat.java-1.45.0-win32-x64\jre\21.0.8-win32-x86_64\bin\server\jvm.dll
0x00007ff9d9bf0000 - 0x00007ff9d9ca4000 	C:\WINDOWS\System32\ADVAPI32.dll
0x00007ff9dbc90000 - 0x00007ff9dbd36000 	C:\WINDOWS\System32\sechost.dll
0x00007ff9dbb70000 - 0x00007ff9dbc86000 	C:\WINDOWS\System32\RPCRT4.dll
0x00007ff9db760000 - 0x00007ff9db7d4000 	C:\WINDOWS\System32\WS2_32.dll
0x00007ff9d8fe0000 - 0x00007ff9d902e000 	C:\WINDOWS\SYSTEM32\POWRPROF.dll
0x00007ff9cd790000 - 0x00007ff9cd7c6000 	C:\WINDOWS\SYSTEM32\WINMM.dll
0x00007ff9d0400000 - 0x00007ff9d040b000 	C:\WINDOWS\SYSTEM32\VERSION.dll
0x00007ff9d8fc0000 - 0x00007ff9d8fd4000 	C:\WINDOWS\SYSTEM32\UMPDC.dll
0x00007ff9d7f50000 - 0x00007ff9d7f6a000 	C:\WINDOWS\SYSTEM32\kernel.appcore.dll
0x00007ff9c5f50000 - 0x00007ff9c5f5a000 	c:\Users\ASUS ROG STRIX\.vscode\extensions\redhat.java-1.45.0-win32-x64\jre\21.0.8-win32-x86_64\bin\jimage.dll
0x00007ff9d6980000 - 0x00007ff9d6bc1000 	C:\WINDOWS\SYSTEM32\DBGHELP.DLL
0x00007ff9db7e0000 - 0x00007ff9dbb5e000 	C:\WINDOWS\System32\combase.dll
0x00007ff9db480000 - 0x00007ff9db556000 	C:\WINDOWS\System32\OLEAUT32.dll
0x00007ff9b8ef0000 - 0x00007ff9b8f29000 	C:\WINDOWS\SYSTEM32\dbgcore.DLL
0x00007ff9d9500000 - 0x00007ff9d9599000 	C:\WINDOWS\System32\bcryptPrimitives.dll
0x00007ff9c5e50000 - 0x00007ff9c5e5f000 	c:\Users\ASUS ROG STRIX\.vscode\extensions\redhat.java-1.45.0-win32-x64\jre\21.0.8-win32-x86_64\bin\instrument.dll
0x00007ff9ceb70000 - 0x00007ff9ceb8f000 	c:\Users\ASUS ROG STRIX\.vscode\extensions\redhat.java-1.45.0-win32-x64\jre\21.0.8-win32-x86_64\bin\java.dll
0x00007ff9da830000 - 0x00007ff9daf31000 	C:\WINDOWS\System32\SHELL32.dll
0x00007ff9d6e20000 - 0x00007ff9d7651000 	C:\WINDOWS\SYSTEM32\windows.storage.dll
0x00007ff9db680000 - 0x00007ff9db75a000 	C:\WINDOWS\System32\SHCORE.dll
0x00007ff9db560000 - 0x00007ff9db5bd000 	C:\WINDOWS\System32\shlwapi.dll
0x00007ff9d9060000 - 0x00007ff9d908e000 	C:\WINDOWS\SYSTEM32\profapi.dll
0x00007ff9c4040000 - 0x00007ff9c4058000 	c:\Users\ASUS ROG STRIX\.vscode\extensions\redhat.java-1.45.0-win32-x64\jre\21.0.8-win32-x86_64\bin\zip.dll
0x00007ff9c4030000 - 0x00007ff9c4040000 	C:\Users\ASUS ROG STRIX\.vscode\extensions\redhat.java-1.45.0-win32-x64\jre\21.0.8-win32-x86_64\bin\net.dll
0x00007ff9d47d0000 - 0x00007ff9d48f6000 	C:\WINDOWS\SYSTEM32\WINHTTP.dll
0x00007ff9d8430000 - 0x00007ff9d8498000 	C:\WINDOWS\system32\mswsock.dll
0x00007ff9afdf0000 - 0x00007ff9afe06000 	C:\Users\ASUS ROG STRIX\.vscode\extensions\redhat.java-1.45.0-win32-x64\jre\21.0.8-win32-x86_64\bin\nio.dll
0x00007ff9c36f0000 - 0x00007ff9c3700000 	c:\Users\ASUS ROG STRIX\.vscode\extensions\redhat.java-1.45.0-win32-x64\jre\21.0.8-win32-x86_64\bin\verify.dll
0x00007ff999000000 - 0x00007ff999044000 	C:\Users\ASUS ROG STRIX\AppData\Roaming\Code\User\globalStorage\redhat.java\1.45.0\config_ss_win\org.eclipse.equinox.launcher\org.eclipse.equinox.launcher.win32.win32.x86_64_1.2.1400.v20250801-0854\eclipse_11916.dll
0x00007ff9da1f0000 - 0x00007ff9da389000 	C:\WINDOWS\System32\ole32.dll
0x00007ff9d8770000 - 0x00007ff9d878c000 	C:\WINDOWS\SYSTEM32\CRYPTSP.dll
0x00007ff9d7eb0000 - 0x00007ff9d7ee8000 	C:\WINDOWS\system32\rsaenh.dll
0x00007ff9d84d0000 - 0x00007ff9d84fb000 	C:\WINDOWS\SYSTEM32\USERENV.dll
0x00007ff9d8900000 - 0x00007ff9d8926000 	C:\WINDOWS\SYSTEM32\bcrypt.dll
0x00007ff9d8660000 - 0x00007ff9d866c000 	C:\WINDOWS\SYSTEM32\CRYPTBASE.dll
0x00007ff9d79c0000 - 0x00007ff9d79f2000 	C:\WINDOWS\SYSTEM32\IPHLPAPI.DLL
0x00007ff9da650000 - 0x00007ff9da65a000 	C:\WINDOWS\System32\NSI.dll
0x00007ff983130000 - 0x00007ff983179000 	C:\Users\ASUS ROG STRIX\AppData\Local\Temp\jna-2125611834\jna13275966198155001540.dll
0x00007ff9da480000 - 0x00007ff9da488000 	C:\WINDOWS\System32\PSAPI.DLL
0x00007ff9d4c40000 - 0x00007ff9d4c5e000 	C:\WINDOWS\SYSTEM32\dhcpcsvc6.DLL
0x00007ff9d4ba0000 - 0x00007ff9d4bc5000 	C:\WINDOWS\SYSTEM32\dhcpcsvc.DLL

JVMTI agents:
c:\Users\ASUS ROG STRIX\.vscode\extensions\redhat.java-1.45.0-win32-x64\lombok\lombok-1.18.39-4050.jar path:c:\Users\ASUS ROG STRIX\.vscode\extensions\redhat.java-1.45.0-win32-x64\jre\21.0.8-win32-x86_64\bin\instrument.dll, loaded, initialized, instrumentlib options:none

dbghelp: loaded successfully - version: 4.0.5 - missing functions: none
symbol engine: initialized successfully - sym options: 0x614 - pdb path: .;c:\Users\ASUS ROG STRIX\.vscode\extensions\redhat.java-1.45.0-win32-x64\jre\21.0.8-win32-x86_64\bin;C:\WINDOWS\SYSTEM32;C:\WINDOWS\WinSxS\amd64_microsoft.windows.common-controls_6595b64144ccf1df_6.0.26100.2454_none_3e0b68a2e331ad60;c:\Users\ASUS ROG STRIX\.vscode\extensions\redhat.java-1.45.0-win32-x64\jre\21.0.8-win32-x86_64\bin\server;C:\Users\ASUS ROG STRIX\AppData\Roaming\Code\User\globalStorage\redhat.java\1.45.0\config_ss_win\org.eclipse.equinox.launcher\org.eclipse.equinox.launcher.win32.win32.x86_64_1.2.1400.v20250801-0854;C:\Users\ASUS ROG STRIX\AppData\Local\Temp\jna-2125611834

VM Arguments:
jvm_args: --add-modules=ALL-SYSTEM --add-opens=java.base/java.util=ALL-UNNAMED --add-opens=java.base/java.lang=ALL-UNNAMED --add-opens=java.base/sun.nio.fs=ALL-UNNAMED -Declipse.application=org.eclipse.jdt.ls.core.id1 -Dosgi.bundles.defaultStartLevel=4 -Declipse.product=org.eclipse.jdt.ls.core.product -Djava.import.generatesMetadataFilesAtProjectRoot=false -DDetectVMInstallationsJob.disabled=true -Dfile.encoding=utf8 -XX:+UseParallelGC -XX:GCTimeRatio=4 -XX:AdaptiveSizePolicyWeight=90 -Dsun.zip.disableMemoryMapping=true -Xmx2G -Xms100m -Xlog:disable -javaagent:c:\Users\ASUS ROG STRIX\.vscode\extensions\redhat.java-1.45.0-win32-x64\lombok\lombok-1.18.39-4050.jar 
java_command: c:\Users\ASUS ROG STRIX\.vscode\extensions\redhat.java-1.45.0-win32-x64\server\plugins\org.eclipse.equinox.launcher_1.7.0.v20250519-0528.jar -configuration c:\Users\ASUS ROG STRIX\AppData\Roaming\Code\User\globalStorage\redhat.java\1.45.0\config_ss_win -data c:\Users\ASUS ROG STRIX\AppData\Roaming\Code\User\workspaceStorage\a58f6db9953a595447d8a01323126710\redhat.java\ss_ws --pipe=\\.\pipe\lsp-279a2fc9c9b278e9de953bf3dd7d9445-sock
java_class_path (initial): c:\Users\ASUS ROG STRIX\.vscode\extensions\redhat.java-1.45.0-win32-x64\server\plugins\org.eclipse.equinox.launcher_1.7.0.v20250519-0528.jar
Launcher Type: SUN_STANDARD

[Global flags]
    uintx AdaptiveSizePolicyWeight                 = 90                                        {product} {command line}
     intx CICompilerCount                          = 12                                        {product} {ergonomic}
    uintx GCTimeRatio                              = 4                                         {product} {command line}
   size_t InitialHeapSize                          = 104857600                                 {product} {command line}
   size_t MaxHeapSize                              = 2147483648                                {product} {command line}
   size_t MaxNewSize                               = 715653120                                 {product} {ergonomic}
   size_t MinHeapDeltaBytes                        = 524288                                    {product} {ergonomic}
   size_t MinHeapSize                              = 104857600                                 {product} {command line}
   size_t NewSize                                  = 34603008                                  {product} {ergonomic}
    uintx NonNMethodCodeHeapSize                   = 7602480                                {pd product} {ergonomic}
    uintx NonProfiledCodeHeapSize                  = 122027880                              {pd product} {ergonomic}
   size_t OldSize                                  = 70254592                                  {product} {ergonomic}
    uintx ProfiledCodeHeapSize                     = 122027880                              {pd product} {ergonomic}
    uintx ReservedCodeCacheSize                    = 251658240                              {pd product} {ergonomic}
     bool SegmentedCodeCache                       = true                                      {product} {ergonomic}
   size_t SoftMaxHeapSize                          = 2147483648                             {manageable} {ergonomic}
     bool UseCompressedOops                        = true                           {product lp64_product} {ergonomic}
     bool UseLargePagesIndividualAllocation        = false                                  {pd product} {ergonomic}
     bool UseParallelGC                            = true                                      {product} {command line}

Logging:
Log output configuration:
 #0: stdout all=off uptime,level,tags foldmultilines=false
 #1: stderr all=off uptime,level,tags foldmultilines=false

Environment Variables:
PATH=C:\Python312\Scripts\;C:\Python312\;C:\Program Files\Common Files\Oracle\Java\javapath;C:\Program Files (x86)\Common Files\Oracle\Java\javapath;C:\WINDOWS\system32;C:\WINDOWS;C:\WINDOWS\System32\Wbem;C:\WINDOWS\System32\WindowsPowerShell\v1.0\;C:\WINDOWS\System32\OpenSSH\;C:\Program Files (x86)\NVIDIA Corporation\PhysX\Common;C:\Program Files\NVIDIA Corporation\NVIDIA app\NvDLISR;C:\Program Files\nodejs\;C:\ProgramData\chocolatey\bin;C:\Program Files\dotnet\;C:\Program Files\Docker\Docker\resources\bin;C:\Program Files (x86)\Maono\Maono Link 3;C:\Program Files\Git\cmd;C:\Program Files\Go\bin;C:\Users\ASUS ROG STRIX\AppData\Local\Microsoft\WindowsApps;C:\Users\ASUS ROG STRIX\AppData\Local\Programs\Microsoft VS Code\bin;C:\Program Files\JetBrains\IntelliJ IDEA 2024.1\bin;;C:\Users\ASUS ROG STRIX\AppData\Roaming\npm;C:\Users\ASUS ROG STRIX\go\bin;C:\Apache\apache-maven-3.9.11\bin;C:\cassandra\apache-cassandra-5.0.5\bin;
USERNAME=ASUS ROG STRIX
OS=Windows_NT
PROCESSOR_IDENTIFIER=AMD64 Family 25 Model 68 Stepping 1, AuthenticAMD
TMP=C:\Users\ASUSRO~1\AppData\Local\Temp
TEMP=C:\Users\ASUSRO~1\AppData\Local\Temp




Periodic native trim disabled

---------------  S Y S T E M  ---------------

OS:
 Windows 11 , 64 bit Build 26100 (10.0.26100.2454)
OS uptime: 2 days 10:15 hours
Hyper-V role detected

CPU: total 16 (initial active 16) (16 cores per cpu, 2 threads per core) family 25 model 68 stepping 1 microcode 0xa404102, cx8, cmov, fxsr, ht, mmx, 3dnowpref, sse, sse2, sse3, ssse3, sse4a, sse4.1, sse4.2, popcnt, lzcnt, tsc, tscinvbit, avx, avx2, aes, erms, clmul, bmi1, bmi2, adx, sha, fma, vzeroupper, clflush, clflushopt, hv, rdtscp, rdpid, fsrm, f16c, cet_ss
Processor Information for processor 0
  Max Mhz: 3201, Current Mhz: 3201, Mhz Limit: 3201
Processor Information for processor 1
  Max Mhz: 3201, Current Mhz: 2566, Mhz Limit: 3201
Processor Information for processor 2
  Max Mhz: 3201, Current Mhz: 3201, Mhz Limit: 3201
Processor Information for processor 3
  Max Mhz: 3201, Current Mhz: 2566, Mhz Limit: 3201
Processor Information for processor 4
  Max Mhz: 3201, Current Mhz: 3201, Mhz Limit: 3201
Processor Information for processor 5
  Max Mhz: 3201, Current Mhz: 2566, Mhz Limit: 3201
Processor Information for processor 6
  Max Mhz: 3201, Current Mhz: 3201, Mhz Limit: 3201
Processor Information for processor 7
  Max Mhz: 3201, Current Mhz: 2566, Mhz Limit: 3201
Processor Information for processor 8
  Max Mhz: 3201, Current Mhz: 3201, Mhz Limit: 3201
Processor Information for processor 9
  Max Mhz: 3201, Current Mhz: 2566, Mhz Limit: 3201
Processor Information for processor 10
  Max Mhz: 3201, Current Mhz: 2566, Mhz Limit: 3201
Processor Information for processor 11
  Max Mhz: 3201, Current Mhz: 2566, Mhz Limit: 3201
Processor Information for processor 12
  Max Mhz: 3201, Current Mhz: 3201, Mhz Limit: 3201
Processor Information for processor 13
  Max Mhz: 3201, Current Mhz: 2566, Mhz Limit: 3201
Processor Information for processor 14
  Max Mhz: 3201, Current Mhz: 3201, Mhz Limit: 3201
Processor Information for processor 15
  Max Mhz: 3201, Current Mhz: 2566, Mhz Limit: 3201

Memory: 4k page, system-wide physical 15628M (17M free)
TotalPageFile size 44518M (AvailPageFile size 4M)
current process WorkingSet (physical memory assigned to process): 74M, peak: 168M
current process commit charge ("private bytes"): 319M, peak: 319M

vm_info: OpenJDK 64-Bit Server VM (21.0.8+9-LTS) for windows-amd64 JRE (21.0.8+9-LTS), built on 2025-07-15T00:00:00Z by "admin" with MS VC++ 17.7 (VS2022)

END.
